Analysis & Synthesis report for Projeto-10-03
Fri Apr 04 17:02:57 2025
Quartus Prime Version 20.1.1 Build 720 11/11/2020 SJ Lite Edition


---------------------
; Table of Contents ;
---------------------
  1. Legal Notice
  2. Analysis & Synthesis Summary
  3. Analysis & Synthesis Settings
  4. Parallel Compilation
  5. Analysis & Synthesis Source Files Read
  6. Analysis & Synthesis Resource Usage Summary
  7. Analysis & Synthesis Resource Utilization by Entity
  8. State Machine - |neurosync|unidade_controle:UC|Eatual
  9. Registers Removed During Synthesis
 10. General Register Statistics
 11. Multiplexer Restructuring Statistics (Restructuring Performed)
 12. Parameter Settings for User Entity Instance: unidade_controle:UC
 13. Parameter Settings for User Entity Instance: fluxo_dados:FD|contador_m:contadorTimeout
 14. Parameter Settings for User Entity Instance: fluxo_dados:FD|somador:subtratorTimer7Seg
 15. Parameter Settings for User Entity Instance: fluxo_dados:FD|contador_m:contadorLedsON
 16. Parameter Settings for User Entity Instance: fluxo_dados:FD|contador_m:contadorLedsOFF
 17. Parameter Settings for User Entity Instance: fluxo_dados:FD|contador_m:contadorPiscadas
 18. Parameter Settings for User Entity Instance: fluxo_dados:FD|contador_m:contadorAcertos
 19. Port Connectivity Checks: "fluxo_dados:FD|edge_detector:detectorContaPiscadas"
 20. Port Connectivity Checks: "fluxo_dados:FD|edge_detector:detectorJogada"
 21. Port Connectivity Checks: "fluxo_dados:FD|registrador_4:registradorLeds"
 22. Port Connectivity Checks: "fluxo_dados:FD|comparador_85:comparador_acertoAnterior_zero"
 23. Port Connectivity Checks: "fluxo_dados:FD|comparador_85:comparador_jogadaAtual_acertoAnterior"
 24. Port Connectivity Checks: "fluxo_dados:FD|contador_m:contadorAcertos"
 25. Port Connectivity Checks: "fluxo_dados:FD|contador_163:contadorS"
 26. Port Connectivity Checks: "fluxo_dados:FD|contador_m:contadorPiscadas"
 27. Port Connectivity Checks: "fluxo_dados:FD|contador_m:contadorLedsOFF"
 28. Port Connectivity Checks: "fluxo_dados:FD|contador_m:contadorLedsON"
 29. Port Connectivity Checks: "fluxo_dados:FD|somador:subtratorTimer7Seg"
 30. Port Connectivity Checks: "fluxo_dados:FD|contador_m:contadorTimeout"
 31. Port Connectivity Checks: "fluxo_dados:FD|edge_detector:detectorMenos"
 32. Port Connectivity Checks: "fluxo_dados:FD|edge_detector:detectorMais"
 33. Port Connectivity Checks: "fluxo_dados:FD"
 34. Post-Synthesis Netlist Statistics for Top Partition
 35. Elapsed Time Per Partition
 36. Analysis & Synthesis Messages
 37. Analysis & Synthesis Suppressed Messages



----------------
; Legal Notice ;
----------------
Copyright (C) 2020  Intel Corporation. All rights reserved.
Your use of Intel Corporation's design tools, logic functions 
and other software and tools, and any partner logic 
functions, and any output files from any of the foregoing 
(including device programming or simulation files), and any 
associated documentation or information are expressly subject 
to the terms and conditions of the Intel Program License 
Subscription Agreement, the Intel Quartus Prime License Agreement,
the Intel FPGA IP License Agreement, or other applicable license
agreement, including, without limitation, that your use is for
the sole purpose of programming logic devices manufactured by
Intel and sold by Intel or its authorized distributors.  Please
refer to the applicable agreement for further details, at
https://fpgasoftware.intel.com/eula.



+-------------------------------------------------------------------------------+
; Analysis & Synthesis Summary                                                  ;
+---------------------------------+---------------------------------------------+
; Analysis & Synthesis Status     ; Successful - Fri Apr 04 17:02:57 2025       ;
; Quartus Prime Version           ; 20.1.1 Build 720 11/11/2020 SJ Lite Edition ;
; Revision Name                   ; Projeto-10-03                               ;
; Top-level Entity Name           ; neurosync                                   ;
; Family                          ; Cyclone V                                   ;
; Logic utilization (in ALMs)     ; N/A                                         ;
; Total registers                 ; 141                                         ;
; Total pins                      ; 77                                          ;
; Total virtual pins              ; 0                                           ;
; Total block memory bits         ; 0                                           ;
; Total DSP Blocks                ; 0                                           ;
; Total HSSI RX PCSs              ; 0                                           ;
; Total HSSI PMA RX Deserializers ; 0                                           ;
; Total HSSI TX PCSs              ; 0                                           ;
; Total HSSI PMA TX Serializers   ; 0                                           ;
; Total PLLs                      ; 0                                           ;
; Total DLLs                      ; 0                                           ;
+---------------------------------+---------------------------------------------+


+---------------------------------------------------------------------------------------------------------------------------+
; Analysis & Synthesis Settings                                                                                             ;
+---------------------------------------------------------------------------------+--------------------+--------------------+
; Option                                                                          ; Setting            ; Default Value      ;
+---------------------------------------------------------------------------------+--------------------+--------------------+
; Device                                                                          ; 5CEBA4F23C7        ;                    ;
; Top-level entity name                                                           ; neurosync          ; Projeto-10-03      ;
; Family name                                                                     ; Cyclone V          ; Cyclone V          ;
; Use smart compilation                                                           ; Off                ; Off                ;
; Enable parallel Assembler and Timing Analyzer during compilation                ; On                 ; On                 ;
; Enable compact report table                                                     ; Off                ; Off                ;
; Restructure Multiplexers                                                        ; Auto               ; Auto               ;
; MLAB Add Timing Constraints For Mixed-Port Feed-Through Mode Setting Don't Care ; Off                ; Off                ;
; Create Debugging Nodes for IP Cores                                             ; Off                ; Off                ;
; Preserve fewer node names                                                       ; On                 ; On                 ;
; Intel FPGA IP Evaluation Mode                                                   ; Enable             ; Enable             ;
; Verilog Version                                                                 ; Verilog_2001       ; Verilog_2001       ;
; VHDL Version                                                                    ; VHDL_1993          ; VHDL_1993          ;
; State Machine Processing                                                        ; Auto               ; Auto               ;
; Safe State Machine                                                              ; Off                ; Off                ;
; Extract Verilog State Machines                                                  ; On                 ; On                 ;
; Extract VHDL State Machines                                                     ; On                 ; On                 ;
; Ignore Verilog initial constructs                                               ; Off                ; Off                ;
; Iteration limit for constant Verilog loops                                      ; 5000               ; 5000               ;
; Iteration limit for non-constant Verilog loops                                  ; 250                ; 250                ;
; Add Pass-Through Logic to Inferred RAMs                                         ; On                 ; On                 ;
; Infer RAMs from Raw Logic                                                       ; On                 ; On                 ;
; Parallel Synthesis                                                              ; On                 ; On                 ;
; DSP Block Balancing                                                             ; Auto               ; Auto               ;
; NOT Gate Push-Back                                                              ; On                 ; On                 ;
; Power-Up Don't Care                                                             ; On                 ; On                 ;
; Remove Redundant Logic Cells                                                    ; Off                ; Off                ;
; Remove Duplicate Registers                                                      ; On                 ; On                 ;
; Ignore CARRY Buffers                                                            ; Off                ; Off                ;
; Ignore CASCADE Buffers                                                          ; Off                ; Off                ;
; Ignore GLOBAL Buffers                                                           ; Off                ; Off                ;
; Ignore ROW GLOBAL Buffers                                                       ; Off                ; Off                ;
; Ignore LCELL Buffers                                                            ; Off                ; Off                ;
; Ignore SOFT Buffers                                                             ; On                 ; On                 ;
; Limit AHDL Integers to 32 Bits                                                  ; Off                ; Off                ;
; Optimization Technique                                                          ; Balanced           ; Balanced           ;
; Carry Chain Length                                                              ; 70                 ; 70                 ;
; Auto Carry Chains                                                               ; On                 ; On                 ;
; Auto Open-Drain Pins                                                            ; On                 ; On                 ;
; Perform WYSIWYG Primitive Resynthesis                                           ; Off                ; Off                ;
; Auto ROM Replacement                                                            ; On                 ; On                 ;
; Auto RAM Replacement                                                            ; On                 ; On                 ;
; Auto DSP Block Replacement                                                      ; On                 ; On                 ;
; Auto Shift Register Replacement                                                 ; Auto               ; Auto               ;
; Allow Shift Register Merging across Hierarchies                                 ; Auto               ; Auto               ;
; Auto Clock Enable Replacement                                                   ; On                 ; On                 ;
; Strict RAM Replacement                                                          ; Off                ; Off                ;
; Allow Synchronous Control Signals                                               ; On                 ; On                 ;
; Force Use of Synchronous Clear Signals                                          ; Off                ; Off                ;
; Auto Resource Sharing                                                           ; Off                ; Off                ;
; Allow Any RAM Size For Recognition                                              ; Off                ; Off                ;
; Allow Any ROM Size For Recognition                                              ; Off                ; Off                ;
; Allow Any Shift Register Size For Recognition                                   ; Off                ; Off                ;
; Use LogicLock Constraints during Resource Balancing                             ; On                 ; On                 ;
; Ignore translate_off and synthesis_off directives                               ; Off                ; Off                ;
; Timing-Driven Synthesis                                                         ; On                 ; On                 ;
; Report Parameter Settings                                                       ; On                 ; On                 ;
; Report Source Assignments                                                       ; On                 ; On                 ;
; Report Connectivity Checks                                                      ; On                 ; On                 ;
; Ignore Maximum Fan-Out Assignments                                              ; Off                ; Off                ;
; Synchronization Register Chain Length                                           ; 3                  ; 3                  ;
; Power Optimization During Synthesis                                             ; Normal compilation ; Normal compilation ;
; HDL message level                                                               ; Level2             ; Level2             ;
; Suppress Register Optimization Related Messages                                 ; Off                ; Off                ;
; Number of Removed Registers Reported in Synthesis Report                        ; 5000               ; 5000               ;
; Number of Swept Nodes Reported in Synthesis Report                              ; 5000               ; 5000               ;
; Number of Inverted Registers Reported in Synthesis Report                       ; 100                ; 100                ;
; Clock MUX Protection                                                            ; On                 ; On                 ;
; Auto Gated Clock Conversion                                                     ; Off                ; Off                ;
; Block Design Naming                                                             ; Auto               ; Auto               ;
; SDC constraint protection                                                       ; Off                ; Off                ;
; Synthesis Effort                                                                ; Auto               ; Auto               ;
; Shift Register Replacement - Allow Asynchronous Clear Signal                    ; On                 ; On                 ;
; Pre-Mapping Resynthesis Optimization                                            ; Off                ; Off                ;
; Analysis & Synthesis Message Level                                              ; Medium             ; Medium             ;
; Disable Register Merging Across Hierarchies                                     ; Auto               ; Auto               ;
; Resource Aware Inference For Block RAM                                          ; On                 ; On                 ;
; Automatic Parallel Synthesis                                                    ; On                 ; On                 ;
; Partial Reconfiguration Bitstream ID                                            ; Off                ; Off                ;
+---------------------------------------------------------------------------------+--------------------+--------------------+


+------------------------------------------+
; Parallel Compilation                     ;
+----------------------------+-------------+
; Processors                 ; Number      ;
+----------------------------+-------------+
; Number detected on machine ; 8           ;
; Maximum allowed            ; 4           ;
;                            ;             ;
; Average used               ; 1.00        ;
; Maximum used               ; 4           ;
;                            ;             ;
; Usage by Processor         ; % Time Used ;
;     Processor 1            ; 100.0%      ;
;     Processors 2-4         ;   0.1%      ;
+----------------------------+-------------+


+---------------------------------------------------------------------------------------------------------------------------------------------------------------------------------------------------------+
; Analysis & Synthesis Source Files Read                                                                                                                                                                  ;
+----------------------------------+-----------------+------------------------+-----------------------------------------------------------------------------------------------------------------+---------+
; File Name with User-Entered Path ; Used in Netlist ; File Type              ; File Name with Absolute Path                                                                                    ; Library ;
+----------------------------------+-----------------+------------------------+-----------------------------------------------------------------------------------------------------------------+---------+
; mux4_1.v                         ; yes             ; User Verilog HDL File  ; C:/Engenharia_de_Computacao_Poli_USP/5_Periodo_(2025_1)/Lab_Dig_1/Projeto-02-04_restored/mux4_1.v               ;         ;
; memoriaLEDs3.v                   ; yes             ; User Verilog HDL File  ; C:/Engenharia_de_Computacao_Poli_USP/5_Periodo_(2025_1)/Lab_Dig_1/Projeto-02-04_restored/memoriaLEDs3.v         ;         ;
; memoriaLEDs2.v                   ; yes             ; User Verilog HDL File  ; C:/Engenharia_de_Computacao_Poli_USP/5_Periodo_(2025_1)/Lab_Dig_1/Projeto-02-04_restored/memoriaLEDs2.v         ;         ;
; memoriaLEDs1.v                   ; yes             ; User Verilog HDL File  ; C:/Engenharia_de_Computacao_Poli_USP/5_Periodo_(2025_1)/Lab_Dig_1/Projeto-02-04_restored/memoriaLEDs1.v         ;         ;
; memoriaLEDs0.v                   ; yes             ; User Verilog HDL File  ; C:/Engenharia_de_Computacao_Poli_USP/5_Periodo_(2025_1)/Lab_Dig_1/Projeto-02-04_restored/memoriaLEDs0.v         ;         ;
; memoria3.v                       ; yes             ; User Verilog HDL File  ; C:/Engenharia_de_Computacao_Poli_USP/5_Periodo_(2025_1)/Lab_Dig_1/Projeto-02-04_restored/memoria3.v             ;         ;
; memoria2.v                       ; yes             ; User Verilog HDL File  ; C:/Engenharia_de_Computacao_Poli_USP/5_Periodo_(2025_1)/Lab_Dig_1/Projeto-02-04_restored/memoria2.v             ;         ;
; memoria1.v                       ; yes             ; User Verilog HDL File  ; C:/Engenharia_de_Computacao_Poli_USP/5_Periodo_(2025_1)/Lab_Dig_1/Projeto-02-04_restored/memoria1.v             ;         ;
; memoria0.v                       ; yes             ; User Verilog HDL File  ; C:/Engenharia_de_Computacao_Poli_USP/5_Periodo_(2025_1)/Lab_Dig_1/Projeto-02-04_restored/memoria0.v             ;         ;
; contadorMaisMenos.v              ; yes             ; User Verilog HDL File  ; C:/Engenharia_de_Computacao_Poli_USP/5_Periodo_(2025_1)/Lab_Dig_1/Projeto-02-04_restored/contadorMaisMenos.v    ;         ;
; divisorClock.v                   ; yes             ; User Verilog HDL File  ; C:/Engenharia_de_Computacao_Poli_USP/5_Periodo_(2025_1)/Lab_Dig_1/Projeto-02-04_restored/divisorClock.v         ;         ;
; displayMem.v                     ; yes             ; User Verilog HDL File  ; C:/Engenharia_de_Computacao_Poli_USP/5_Periodo_(2025_1)/Lab_Dig_1/Projeto-02-04_restored/displayMem.v           ;         ;
; decodificadorAcertos.v           ; yes             ; User Verilog HDL File  ; C:/Engenharia_de_Computacao_Poli_USP/5_Periodo_(2025_1)/Lab_Dig_1/Projeto-02-04_restored/decodificadorAcertos.v ;         ;
; binaryTObcd.v                    ; yes             ; User Verilog HDL File  ; C:/Engenharia_de_Computacao_Poli_USP/5_Periodo_(2025_1)/Lab_Dig_1/Projeto-02-04_restored/binaryTObcd.v          ;         ;
; unidade_controle.v               ; yes             ; User Verilog HDL File  ; C:/Engenharia_de_Computacao_Poli_USP/5_Periodo_(2025_1)/Lab_Dig_1/Projeto-02-04_restored/unidade_controle.v     ;         ;
; somador.v                        ; yes             ; User Verilog HDL File  ; C:/Engenharia_de_Computacao_Poli_USP/5_Periodo_(2025_1)/Lab_Dig_1/Projeto-02-04_restored/somador.v              ;         ;
; registrador_4.v                  ; yes             ; User Verilog HDL File  ; C:/Engenharia_de_Computacao_Poli_USP/5_Periodo_(2025_1)/Lab_Dig_1/Projeto-02-04_restored/registrador_4.v        ;         ;
; registrador_1.v                  ; yes             ; User Verilog HDL File  ; C:/Engenharia_de_Computacao_Poli_USP/5_Periodo_(2025_1)/Lab_Dig_1/Projeto-02-04_restored/registrador_1.v        ;         ;
; neurosync.v                      ; yes             ; User Verilog HDL File  ; C:/Engenharia_de_Computacao_Poli_USP/5_Periodo_(2025_1)/Lab_Dig_1/Projeto-02-04_restored/neurosync.v            ;         ;
; hexa7seg.v                       ; yes             ; User Verilog HDL File  ; C:/Engenharia_de_Computacao_Poli_USP/5_Periodo_(2025_1)/Lab_Dig_1/Projeto-02-04_restored/hexa7seg.v             ;         ;
; fluxo_dados.v                    ; yes             ; User Verilog HDL File  ; C:/Engenharia_de_Computacao_Poli_USP/5_Periodo_(2025_1)/Lab_Dig_1/Projeto-02-04_restored/fluxo_dados.v          ;         ;
; edge_detector.v                  ; yes             ; User Verilog HDL File  ; C:/Engenharia_de_Computacao_Poli_USP/5_Periodo_(2025_1)/Lab_Dig_1/Projeto-02-04_restored/edge_detector.v        ;         ;
; contador_m.v                     ; yes             ; User Verilog HDL File  ; C:/Engenharia_de_Computacao_Poli_USP/5_Periodo_(2025_1)/Lab_Dig_1/Projeto-02-04_restored/contador_m.v           ;         ;
; contador_163.v                   ; yes             ; User Verilog HDL File  ; C:/Engenharia_de_Computacao_Poli_USP/5_Periodo_(2025_1)/Lab_Dig_1/Projeto-02-04_restored/contador_163.v         ;         ;
; comparador_85.v                  ; yes             ; User Verilog HDL File  ; C:/Engenharia_de_Computacao_Poli_USP/5_Periodo_(2025_1)/Lab_Dig_1/Projeto-02-04_restored/comparador_85.v        ;         ;
; bigAND.v                         ; yes             ; User Verilog HDL File  ; C:/Engenharia_de_Computacao_Poli_USP/5_Periodo_(2025_1)/Lab_Dig_1/Projeto-02-04_restored/bigAND.v               ;         ;
+----------------------------------+-----------------+------------------------+-----------------------------------------------------------------------------------------------------------------+---------+


+-----------------------------------------------------------+
; Analysis & Synthesis Resource Usage Summary               ;
+---------------------------------------------+-------------+
; Resource                                    ; Usage       ;
+---------------------------------------------+-------------+
; Estimate of Logic utilization (ALMs needed) ; 140         ;
;                                             ;             ;
; Combinational ALUT usage for logic          ; 238         ;
;     -- 7 input functions                    ; 1           ;
;     -- 6 input functions                    ; 37          ;
;     -- 5 input functions                    ; 29          ;
;     -- 4 input functions                    ; 57          ;
;     -- <=3 input functions                  ; 114         ;
;                                             ;             ;
; Dedicated logic registers                   ; 141         ;
;                                             ;             ;
; I/O pins                                    ; 77          ;
;                                             ;             ;
; Total DSP Blocks                            ; 0           ;
;                                             ;             ;
; Maximum fan-out node                        ; clock~input ;
; Maximum fan-out                             ; 133         ;
; Total fan-out                               ; 1455        ;
; Average fan-out                             ; 2.73        ;
+---------------------------------------------+-------------+


+--------------------------------------------------------------------------------------------------------------------------------------------------------------------------------------------------------------------------------------------------------------------------------------------+
; Analysis & Synthesis Resource Utilization by Entity                                                                                                                                                                                                                                        ;
+-------------------------------------------------------------+---------------------+---------------------------+-------------------+------------+------+--------------+-------------------------------------------------------------------------------+----------------------+--------------+
; Compilation Hierarchy Node                                  ; Combinational ALUTs ; Dedicated Logic Registers ; Block Memory Bits ; DSP Blocks ; Pins ; Virtual Pins ; Full Hierarchy Name                                                           ; Entity Name          ; Library Name ;
+-------------------------------------------------------------+---------------------+---------------------------+-------------------+------------+------+--------------+-------------------------------------------------------------------------------+----------------------+--------------+
; |neurosync                                                  ; 238 (0)             ; 141 (0)                   ; 0                 ; 0          ; 77   ; 0            ; |neurosync                                                                    ; neurosync            ; work         ;
;    |fluxo_dados:FD|                                         ; 209 (31)            ; 127 (0)                   ; 0                 ; 0          ; 0    ; 0            ; |neurosync|fluxo_dados:FD                                                     ; fluxo_dados          ; work         ;
;       |bigAND:expectedANDbotoes|                            ; 5 (5)               ; 0 (0)                     ; 0                 ; 0          ; 0    ; 0            ; |neurosync|fluxo_dados:FD|bigAND:expectedANDbotoes                            ; bigAND               ; work         ;
;       |binaryTObcd:binaryTObcd|                             ; 19 (19)             ; 0 (0)                     ; 0                 ; 0          ; 0    ; 0            ; |neurosync|fluxo_dados:FD|binaryTObcd:binaryTObcd                             ; binaryTObcd          ; work         ;
;       |comparador_85:comparador_acertoAnterior_zero|        ; 1 (1)               ; 0 (0)                     ; 0                 ; 0          ; 0    ; 0            ; |neurosync|fluxo_dados:FD|comparador_85:comparador_acertoAnterior_zero        ; comparador_85        ; work         ;
;       |comparador_85:comparador_jogadaAtual_acertoAnterior| ; 2 (2)               ; 0 (0)                     ; 0                 ; 0          ; 0    ; 0            ; |neurosync|fluxo_dados:FD|comparador_85:comparador_jogadaAtual_acertoAnterior ; comparador_85        ; work         ;
;       |contadorMaisMenos:contadorModo|                      ; 3 (3)               ; 2 (2)                     ; 0                 ; 0          ; 0    ; 0            ; |neurosync|fluxo_dados:FD|contadorMaisMenos:contadorModo                      ; contadorMaisMenos    ; work         ;
;       |contador_163:contadorS|                              ; 8 (8)               ; 4 (4)                     ; 0                 ; 0          ; 0    ; 0            ; |neurosync|fluxo_dados:FD|contador_163:contadorS                              ; contador_163         ; work         ;
;       |contador_m:contadorAcertos|                          ; 1 (1)               ; 2 (2)                     ; 0                 ; 0          ; 0    ; 0            ; |neurosync|fluxo_dados:FD|contador_m:contadorAcertos                          ; contador_m           ; work         ;
;       |contador_m:contadorLedsOFF|                          ; 12 (12)             ; 9 (9)                     ; 0                 ; 0          ; 0    ; 0            ; |neurosync|fluxo_dados:FD|contador_m:contadorLedsOFF                          ; contador_m           ; work         ;
;       |contador_m:contadorLedsON|                           ; 14 (14)             ; 9 (9)                     ; 0                 ; 0          ; 0    ; 0            ; |neurosync|fluxo_dados:FD|contador_m:contadorLedsON                           ; contador_m           ; work         ;
;       |contador_m:contadorPiscadas|                         ; 2 (2)               ; 2 (2)                     ; 0                 ; 0          ; 0    ; 0            ; |neurosync|fluxo_dados:FD|contador_m:contadorPiscadas                         ; contador_m           ; work         ;
;       |contador_m:contadorTimeout|                          ; 11 (11)             ; 9 (9)                     ; 0                 ; 0          ; 0    ; 0            ; |neurosync|fluxo_dados:FD|contador_m:contadorTimeout                          ; contador_m           ; work         ;
;       |decodificadorAcertos:decodificadorAcertos|           ; 1 (1)               ; 0 (0)                     ; 0                 ; 0          ; 0    ; 0            ; |neurosync|fluxo_dados:FD|decodificadorAcertos:decodificadorAcertos           ; decodificadorAcertos ; work         ;
;       |displayMem:displayMem|                               ; 19 (19)             ; 26 (26)                   ; 0                 ; 0          ; 0    ; 0            ; |neurosync|fluxo_dados:FD|displayMem:displayMem                               ; displayMem           ; work         ;
;       |divisorClock:divisorClock|                           ; 14 (14)             ; 11 (11)                   ; 0                 ; 0          ; 0    ; 0            ; |neurosync|fluxo_dados:FD|divisorClock:divisorClock                           ; divisorClock         ; work         ;
;       |edge_detector:detectorContaPiscadas|                 ; 1 (1)               ; 2 (2)                     ; 0                 ; 0          ; 0    ; 0            ; |neurosync|fluxo_dados:FD|edge_detector:detectorContaPiscadas                 ; edge_detector        ; work         ;
;       |edge_detector:detectorJogada|                        ; 0 (0)               ; 2 (2)                     ; 0                 ; 0          ; 0    ; 0            ; |neurosync|fluxo_dados:FD|edge_detector:detectorJogada                        ; edge_detector        ; work         ;
;       |edge_detector:detectorMais|                          ; 1 (1)               ; 2 (2)                     ; 0                 ; 0          ; 0    ; 0            ; |neurosync|fluxo_dados:FD|edge_detector:detectorMais                          ; edge_detector        ; work         ;
;       |edge_detector:detectorMenos|                         ; 2 (2)               ; 2 (2)                     ; 0                 ; 0          ; 0    ; 0            ; |neurosync|fluxo_dados:FD|edge_detector:detectorMenos                         ; edge_detector        ; work         ;
;       |hexa7seg:hex3_converter|                             ; 6 (6)               ; 0 (0)                     ; 0                 ; 0          ; 0    ; 0            ; |neurosync|fluxo_dados:FD|hexa7seg:hex3_converter                             ; hexa7seg             ; work         ;
;       |hexa7seg:hex4_converter|                             ; 7 (7)               ; 0 (0)                     ; 0                 ; 0          ; 0    ; 0            ; |neurosync|fluxo_dados:FD|hexa7seg:hex4_converter                             ; hexa7seg             ; work         ;
;       |hexa7seg:state_converter|                            ; 7 (7)               ; 0 (0)                     ; 0                 ; 0          ; 0    ; 0            ; |neurosync|fluxo_dados:FD|hexa7seg:state_converter                            ; hexa7seg             ; work         ;
;       |memoria0:memoria0|                                   ; 5 (5)               ; 4 (4)                     ; 0                 ; 0          ; 0    ; 0            ; |neurosync|fluxo_dados:FD|memoria0:memoria0                                   ; memoria0             ; work         ;
;       |memoria1:memoria1|                                   ; 4 (4)               ; 4 (4)                     ; 0                 ; 0          ; 0    ; 0            ; |neurosync|fluxo_dados:FD|memoria1:memoria1                                   ; memoria1             ; work         ;
;       |memoria3:memoria3|                                   ; 3 (3)               ; 3 (3)                     ; 0                 ; 0          ; 0    ; 0            ; |neurosync|fluxo_dados:FD|memoria3:memoria3                                   ; memoria3             ; work         ;
;       |memoriaLEDs0:memoriaLEDs0|                           ; 4 (4)               ; 4 (4)                     ; 0                 ; 0          ; 0    ; 0            ; |neurosync|fluxo_dados:FD|memoriaLEDs0:memoriaLEDs0                           ; memoriaLEDs0         ; work         ;
;       |memoriaLEDs1:memoriaLEDs1|                           ; 5 (5)               ; 4 (4)                     ; 0                 ; 0          ; 0    ; 0            ; |neurosync|fluxo_dados:FD|memoriaLEDs1:memoriaLEDs1                           ; memoriaLEDs1         ; work         ;
;       |memoriaLEDs2:memoriaLEDs2|                           ; 2 (2)               ; 4 (4)                     ; 0                 ; 0          ; 0    ; 0            ; |neurosync|fluxo_dados:FD|memoriaLEDs2:memoriaLEDs2                           ; memoriaLEDs2         ; work         ;
;       |memoriaLEDs3:memoriaLEDs3|                           ; 2 (2)               ; 4 (4)                     ; 0                 ; 0          ; 0    ; 0            ; |neurosync|fluxo_dados:FD|memoriaLEDs3:memoriaLEDs3                           ; memoriaLEDs3         ; work         ;
;       |mux_4x1:muxLEDS|                                     ; 4 (4)               ; 0 (0)                     ; 0                 ; 0          ; 0    ; 0            ; |neurosync|fluxo_dados:FD|mux_4x1:muxLEDS                                     ; mux_4x1              ; work         ;
;       |registrador_1:registradorTimeout|                    ; 1 (1)               ; 1 (1)                     ; 0                 ; 0          ; 0    ; 0            ; |neurosync|fluxo_dados:FD|registrador_1:registradorTimeout                    ; registrador_1        ; work         ;
;       |registrador_4:registradorAcertoAnterior|             ; 0 (0)               ; 4 (4)                     ; 0                 ; 0          ; 0    ; 0            ; |neurosync|fluxo_dados:FD|registrador_4:registradorAcertoAnterior             ; registrador_4        ; work         ;
;       |registrador_4:registrador|                           ; 4 (4)               ; 4 (4)                     ; 0                 ; 0          ; 0    ; 0            ; |neurosync|fluxo_dados:FD|registrador_4:registrador                           ; registrador_4        ; work         ;
;       |somador:subtratorTimer7Seg|                          ; 8 (8)               ; 9 (9)                     ; 0                 ; 0          ; 0    ; 0            ; |neurosync|fluxo_dados:FD|somador:subtratorTimer7Seg                          ; somador              ; work         ;
;    |unidade_controle:UC|                                    ; 29 (29)             ; 14 (14)                   ; 0                 ; 0          ; 0    ; 0            ; |neurosync|unidade_controle:UC                                                ; unidade_controle     ; work         ;
+-------------------------------------------------------------+---------------------+---------------------------+-------------------+------------+------+--------------+-------------------------------------------------------------------------------+----------------------+--------------+
Note: For table entries with two numbers listed, the numbers in parentheses indicate the number of resources of the given type used by the specific entity alone. The numbers listed outside of parentheses indicate the total resources of the given type used by the specific entity and all of its sub-entities in the hierarchy.


Encoding Type:  One-Hot
+-------------------------------------------------------------------------------------------------------------------------------------------------------------------------------------------------------------------------------------------------------------------------------------------------------------------------------------------------------------------------+
; State Machine - |neurosync|unidade_controle:UC|Eatual                                                                                                                                                                                                                                                                                                                   ;
+------------------------------+-----------------------+--------------------------+--------------------------+-------------------------+----------------------------+-------------------------+------------------------------+----------------+-------------------+-----------------+----------------------+-------------------------+-------------------+----------------+
; Name                         ; Eatual.estado_timeout ; Eatual.pisca_acertos_off ; Eatual.proxima_sequencia ; Eatual.final_com_acerto ; Eatual.is_ultima_sequencia ; Eatual.pisca_acertos_on ; Eatual.acende_segundo_acerto ; Eatual.proximo ; Eatual.comparacao ; Eatual.registra ; Eatual.espera_jogada ; Eatual.inicia_sequencia ; Eatual.preparacao ; Eatual.inicial ;
+------------------------------+-----------------------+--------------------------+--------------------------+-------------------------+----------------------------+-------------------------+------------------------------+----------------+-------------------+-----------------+----------------------+-------------------------+-------------------+----------------+
; Eatual.inicial               ; 0                     ; 0                        ; 0                        ; 0                       ; 0                          ; 0                       ; 0                            ; 0              ; 0                 ; 0               ; 0                    ; 0                       ; 0                 ; 0              ;
; Eatual.preparacao            ; 0                     ; 0                        ; 0                        ; 0                       ; 0                          ; 0                       ; 0                            ; 0              ; 0                 ; 0               ; 0                    ; 0                       ; 1                 ; 1              ;
; Eatual.inicia_sequencia      ; 0                     ; 0                        ; 0                        ; 0                       ; 0                          ; 0                       ; 0                            ; 0              ; 0                 ; 0               ; 0                    ; 1                       ; 0                 ; 1              ;
; Eatual.espera_jogada         ; 0                     ; 0                        ; 0                        ; 0                       ; 0                          ; 0                       ; 0                            ; 0              ; 0                 ; 0               ; 1                    ; 0                       ; 0                 ; 1              ;
; Eatual.registra              ; 0                     ; 0                        ; 0                        ; 0                       ; 0                          ; 0                       ; 0                            ; 0              ; 0                 ; 1               ; 0                    ; 0                       ; 0                 ; 1              ;
; Eatual.comparacao            ; 0                     ; 0                        ; 0                        ; 0                       ; 0                          ; 0                       ; 0                            ; 0              ; 1                 ; 0               ; 0                    ; 0                       ; 0                 ; 1              ;
; Eatual.proximo               ; 0                     ; 0                        ; 0                        ; 0                       ; 0                          ; 0                       ; 0                            ; 1              ; 0                 ; 0               ; 0                    ; 0                       ; 0                 ; 1              ;
; Eatual.acende_segundo_acerto ; 0                     ; 0                        ; 0                        ; 0                       ; 0                          ; 0                       ; 1                            ; 0              ; 0                 ; 0               ; 0                    ; 0                       ; 0                 ; 1              ;
; Eatual.pisca_acertos_on      ; 0                     ; 0                        ; 0                        ; 0                       ; 0                          ; 1                       ; 0                            ; 0              ; 0                 ; 0               ; 0                    ; 0                       ; 0                 ; 1              ;
; Eatual.is_ultima_sequencia   ; 0                     ; 0                        ; 0                        ; 0                       ; 1                          ; 0                       ; 0                            ; 0              ; 0                 ; 0               ; 0                    ; 0                       ; 0                 ; 1              ;
; Eatual.final_com_acerto      ; 0                     ; 0                        ; 0                        ; 1                       ; 0                          ; 0                       ; 0                            ; 0              ; 0                 ; 0               ; 0                    ; 0                       ; 0                 ; 1              ;
; Eatual.proxima_sequencia     ; 0                     ; 0                        ; 1                        ; 0                       ; 0                          ; 0                       ; 0                            ; 0              ; 0                 ; 0               ; 0                    ; 0                       ; 0                 ; 1              ;
; Eatual.pisca_acertos_off     ; 0                     ; 1                        ; 0                        ; 0                       ; 0                          ; 0                       ; 0                            ; 0              ; 0                 ; 0               ; 0                    ; 0                       ; 0                 ; 1              ;
; Eatual.estado_timeout        ; 1                     ; 0                        ; 0                        ; 0                       ; 0                          ; 0                       ; 0                            ; 0              ; 0                 ; 0               ; 0                    ; 0                       ; 0                 ; 1              ;
+------------------------------+-----------------------+--------------------------+--------------------------+-------------------------+----------------------------+-------------------------+------------------------------+----------------+-------------------+-----------------+----------------------+-------------------------+-------------------+----------------+


+--------------------------------------------------------------------------------------------------------------+
; Registers Removed During Synthesis                                                                           ;
+---------------------------------------------------+----------------------------------------------------------+
; Register name                                     ; Reason for Removal                                       ;
+---------------------------------------------------+----------------------------------------------------------+
; fluxo_dados:FD|displayMem:displayMem|HEX1[1,2]    ; Stuck at GND due to stuck port data_in                   ;
; fluxo_dados:FD|displayMem:displayMem|HEX5[6]      ; Merged with fluxo_dados:FD|displayMem:displayMem|HEX3[6] ;
; fluxo_dados:FD|displayMem:displayMem|HEX3[1,2]    ; Merged with fluxo_dados:FD|displayMem:displayMem|HEX3[5] ;
; fluxo_dados:FD|displayMem:displayMem|HEX5[2]      ; Merged with fluxo_dados:FD|displayMem:displayMem|HEX3[5] ;
; fluxo_dados:FD|displayMem:displayMem|HEX5[1,4,5]  ; Merged with fluxo_dados:FD|displayMem:displayMem|HEX3[4] ;
; fluxo_dados:FD|displayMem:displayMem|HEX4[1,2]    ; Merged with fluxo_dados:FD|displayMem:displayMem|HEX3[3] ;
; fluxo_dados:FD|displayMem:displayMem|HEX5[3]      ; Merged with fluxo_dados:FD|displayMem:displayMem|HEX3[0] ;
; fluxo_dados:FD|displayMem:displayMem|HEX4[0,3..5] ; Merged with fluxo_dados:FD|displayMem:displayMem|HEX4[6] ;
; fluxo_dados:FD|memoria2:memoria2|data_out[0]      ; Merged with fluxo_dados:FD|memoria1:memoria1|data_out[0] ;
; fluxo_dados:FD|memoria3:memoria3|data_out[0]      ; Merged with fluxo_dados:FD|memoria1:memoria1|data_out[0] ;
; fluxo_dados:FD|memoria2:memoria2|data_out[1]      ; Merged with fluxo_dados:FD|memoria1:memoria1|data_out[1] ;
; fluxo_dados:FD|memoria2:memoria2|data_out[2]      ; Merged with fluxo_dados:FD|memoria1:memoria1|data_out[2] ;
; fluxo_dados:FD|memoria2:memoria2|data_out[3]      ; Merged with fluxo_dados:FD|memoria1:memoria1|data_out[3] ;
; unidade_controle:UC|Eatual~4                      ; Lost fanout                                              ;
; unidade_controle:UC|Eatual~5                      ; Lost fanout                                              ;
; unidade_controle:UC|Eatual~6                      ; Lost fanout                                              ;
; unidade_controle:UC|Eatual~7                      ; Lost fanout                                              ;
; Total Number of Removed Registers = 25            ;                                                          ;
+---------------------------------------------------+----------------------------------------------------------+


+------------------------------------------------------+
; General Register Statistics                          ;
+----------------------------------------------+-------+
; Statistic                                    ; Value ;
+----------------------------------------------+-------+
; Total registers                              ; 141   ;
; Number of registers using Synchronous Clear  ; 40    ;
; Number of registers using Synchronous Load   ; 4     ;
; Number of registers using Asynchronous Clear ; 67    ;
; Number of registers using Asynchronous Load  ; 0     ;
; Number of registers using Clock Enable       ; 79    ;
; Number of registers using Preset             ; 0     ;
+----------------------------------------------+-------+


+-------------------------------------------------------------------------------------------------------------------------------------------------------------------------------+
; Multiplexer Restructuring Statistics (Restructuring Performed)                                                                                                                ;
+--------------------+-----------+---------------+----------------------+------------------------+------------+-----------------------------------------------------------------+
; Multiplexer Inputs ; Bus Width ; Baseline Area ; Area if Restructured ; Saving if Restructured ; Registered ; Example Multiplexer Output                                      ;
+--------------------+-----------+---------------+----------------------+------------------------+------------+-----------------------------------------------------------------+
; 3:1                ; 4 bits    ; 8 LEs         ; 4 LEs                ; 4 LEs                  ; Yes        ; |neurosync|fluxo_dados:FD|contador_163:contadorS|Q[3]           ;
; 4:1                ; 4 bits    ; 8 LEs         ; 8 LEs                ; 0 LEs                  ; Yes        ; |neurosync|fluxo_dados:FD|displayMem:displayMem|HEX0[4]         ;
; 4:1                ; 9 bits    ; 18 LEs        ; 0 LEs                ; 18 LEs                 ; Yes        ; |neurosync|fluxo_dados:FD|contador_m:contadorLedsON|Q[1]        ;
; 4:1                ; 9 bits    ; 18 LEs        ; 0 LEs                ; 18 LEs                 ; Yes        ; |neurosync|fluxo_dados:FD|contador_m:contadorLedsOFF|Q[4]       ;
; 8:1                ; 2 bits    ; 10 LEs        ; 4 LEs                ; 6 LEs                  ; Yes        ; |neurosync|fluxo_dados:FD|memoriaLEDs3:memoriaLEDs3|data_out[0] ;
; 16:1               ; 7 bits    ; 70 LEs        ; 28 LEs               ; 42 LEs                 ; Yes        ; |neurosync|fluxo_dados:FD|memoria1:memoria1|data_out[2]         ;
; 16:1               ; 4 bits    ; 40 LEs        ; 8 LEs                ; 32 LEs                 ; Yes        ; |neurosync|fluxo_dados:FD|memoria0:memoria0|data_out[3]         ;
; 16:1               ; 13 bits   ; 130 LEs       ; 65 LEs               ; 65 LEs                 ; Yes        ; |neurosync|fluxo_dados:FD|memoriaLEDs1:memoriaLEDs1|data_out[1] ;
; 4:1                ; 3 bits    ; 6 LEs         ; 6 LEs                ; 0 LEs                  ; No         ; |neurosync|fluxo_dados:FD|mux_4x1:muxMemorias|Mux2              ;
; 4:1                ; 4 bits    ; 8 LEs         ; 8 LEs                ; 0 LEs                  ; No         ; |neurosync|fluxo_dados:FD|mux_4x1:muxLEDS|Mux2                  ;
; 3:1                ; 4 bits    ; 8 LEs         ; 8 LEs                ; 0 LEs                  ; No         ; |neurosync|fluxo_dados:FD|binaryTObcd:binaryTObcd|unidades[1]   ;
; 3:1                ; 15 bits   ; 30 LEs        ; 30 LEs               ; 0 LEs                  ; No         ; |neurosync|fluxo_dados:FD|HEX4[5]                               ;
; 3:1                ; 4 bits    ; 8 LEs         ; 8 LEs                ; 0 LEs                  ; No         ; |neurosync|fluxo_dados:FD|binaryTObcd:binaryTObcd|dezenas[1]    ;
; 10:1               ; 6 bits    ; 36 LEs        ; 36 LEs               ; 0 LEs                  ; No         ; |neurosync|fluxo_dados:FD|HEX5[0]                               ;
+--------------------+-----------+---------------+----------------------+------------------------+------------+-----------------------------------------------------------------+


+------------------------------------------------------------------+
; Parameter Settings for User Entity Instance: unidade_controle:UC ;
+-----------------------+-------+----------------------------------+
; Parameter Name        ; Value ; Type                             ;
+-----------------------+-------+----------------------------------+
; inicial               ; 0000  ; Unsigned Binary                  ;
; preparacao            ; 0001  ; Unsigned Binary                  ;
; inicia_sequencia      ; 0010  ; Unsigned Binary                  ;
; espera_jogada         ; 0011  ; Unsigned Binary                  ;
; registra              ; 0100  ; Unsigned Binary                  ;
; comparacao            ; 0101  ; Unsigned Binary                  ;
; proximo               ; 0110  ; Unsigned Binary                  ;
; acende_segundo_acerto ; 0111  ; Unsigned Binary                  ;
; pisca_acertos_on      ; 1000  ; Unsigned Binary                  ;
; pisca_acertos_off     ; 1100  ; Unsigned Binary                  ;
; is_ultima_sequencia   ; 1001  ; Unsigned Binary                  ;
; proxima_sequencia     ; 1011  ; Unsigned Binary                  ;
; estado_timeout        ; 1110  ; Unsigned Binary                  ;
; final_com_acerto      ; 1010  ; Unsigned Binary                  ;
+-----------------------+-------+----------------------------------+
Note: In order to hide this table in the UI and the text report file, please set the "Show Parameter Settings in Synthesis Report" option in "Analysis and Synthesis Settings -> More Settings" to "Off".


+----------------------------------------------------------------------------------------+
; Parameter Settings for User Entity Instance: fluxo_dados:FD|contador_m:contadorTimeout ;
+----------------+-------+---------------------------------------------------------------+
; Parameter Name ; Value ; Type                                                          ;
+----------------+-------+---------------------------------------------------------------+
; M              ; 300   ; Signed Integer                                                ;
; N              ; 9     ; Signed Integer                                                ;
+----------------+-------+---------------------------------------------------------------+
Note: In order to hide this table in the UI and the text report file, please set the "Show Parameter Settings in Synthesis Report" option in "Analysis and Synthesis Settings -> More Settings" to "Off".


+----------------------------------------------------------------------------------------+
; Parameter Settings for User Entity Instance: fluxo_dados:FD|somador:subtratorTimer7Seg ;
+----------------+-------+---------------------------------------------------------------+
; Parameter Name ; Value ; Type                                                          ;
+----------------+-------+---------------------------------------------------------------+
; N              ; 9     ; Signed Integer                                                ;
+----------------+-------+---------------------------------------------------------------+
Note: In order to hide this table in the UI and the text report file, please set the "Show Parameter Settings in Synthesis Report" option in "Analysis and Synthesis Settings -> More Settings" to "Off".


+---------------------------------------------------------------------------------------+
; Parameter Settings for User Entity Instance: fluxo_dados:FD|contador_m:contadorLedsON ;
+----------------+-------+--------------------------------------------------------------+
; Parameter Name ; Value ; Type                                                         ;
+----------------+-------+--------------------------------------------------------------+
; M              ; 500   ; Signed Integer                                               ;
; N              ; 9     ; Signed Integer                                               ;
+----------------+-------+--------------------------------------------------------------+
Note: In order to hide this table in the UI and the text report file, please set the "Show Parameter Settings in Synthesis Report" option in "Analysis and Synthesis Settings -> More Settings" to "Off".


+----------------------------------------------------------------------------------------+
; Parameter Settings for User Entity Instance: fluxo_dados:FD|contador_m:contadorLedsOFF ;
+----------------+-------+---------------------------------------------------------------+
; Parameter Name ; Value ; Type                                                          ;
+----------------+-------+---------------------------------------------------------------+
; M              ; 500   ; Signed Integer                                                ;
; N              ; 9     ; Signed Integer                                                ;
+----------------+-------+---------------------------------------------------------------+
Note: In order to hide this table in the UI and the text report file, please set the "Show Parameter Settings in Synthesis Report" option in "Analysis and Synthesis Settings -> More Settings" to "Off".


+-----------------------------------------------------------------------------------------+
; Parameter Settings for User Entity Instance: fluxo_dados:FD|contador_m:contadorPiscadas ;
+----------------+-------+----------------------------------------------------------------+
; Parameter Name ; Value ; Type                                                           ;
+----------------+-------+----------------------------------------------------------------+
; M              ; 3     ; Signed Integer                                                 ;
; N              ; 2     ; Signed Integer                                                 ;
+----------------+-------+----------------------------------------------------------------+
Note: In order to hide this table in the UI and the text report file, please set the "Show Parameter Settings in Synthesis Report" option in "Analysis and Synthesis Settings -> More Settings" to "Off".


+----------------------------------------------------------------------------------------+
; Parameter Settings for User Entity Instance: fluxo_dados:FD|contador_m:contadorAcertos ;
+----------------+-------+---------------------------------------------------------------+
; Parameter Name ; Value ; Type                                                          ;
+----------------+-------+---------------------------------------------------------------+
; M              ; 3     ; Signed Integer                                                ;
; N              ; 2     ; Signed Integer                                                ;
+----------------+-------+---------------------------------------------------------------+
Note: In order to hide this table in the UI and the text report file, please set the "Show Parameter Settings in Synthesis Report" option in "Analysis and Synthesis Settings -> More Settings" to "Off".


+--------------------------------------------------------------------------------+
; Port Connectivity Checks: "fluxo_dados:FD|edge_detector:detectorContaPiscadas" ;
+-------+-------+----------+-----------------------------------------------------+
; Port  ; Type  ; Severity ; Details                                             ;
+-------+-------+----------+-----------------------------------------------------+
; reset ; Input ; Info     ; Explicitly unconnected                              ;
+-------+-------+----------+-----------------------------------------------------+


+-------------------------------------------------------------------------+
; Port Connectivity Checks: "fluxo_dados:FD|edge_detector:detectorJogada" ;
+-------+-------+----------+----------------------------------------------+
; Port  ; Type  ; Severity ; Details                                      ;
+-------+-------+----------+----------------------------------------------+
; reset ; Input ; Info     ; Explicitly unconnected                       ;
+-------+-------+----------+----------------------------------------------+


+----------------------------------------------------------------------------------------------------------------+
; Port Connectivity Checks: "fluxo_dados:FD|registrador_4:registradorLeds"                                       ;
+------+--------+----------+-------------------------------------------------------------------------------------+
; Port ; Type   ; Severity ; Details                                                                             ;
+------+--------+----------+-------------------------------------------------------------------------------------+
; Q    ; Output ; Info     ; Connected to dangling logic. Logic that only feeds a dangling port will be removed. ;
+------+--------+----------+-------------------------------------------------------------------------------------+


+-----------------------------------------------------------------------------------------+
; Port Connectivity Checks: "fluxo_dados:FD|comparador_85:comparador_acertoAnterior_zero" ;
+------+--------+----------+--------------------------------------------------------------+
; Port ; Type   ; Severity ; Details                                                      ;
+------+--------+----------+--------------------------------------------------------------+
; A    ; Input  ; Info     ; Stuck at GND                                                 ;
; ALBi ; Input  ; Info     ; Stuck at GND                                                 ;
; AGBi ; Input  ; Info     ; Stuck at GND                                                 ;
; AEBi ; Input  ; Info     ; Stuck at VCC                                                 ;
; ALBo ; Output ; Info     ; Explicitly unconnected                                       ;
; AGBo ; Output ; Info     ; Explicitly unconnected                                       ;
+------+--------+----------+--------------------------------------------------------------+


+------------------------------------------------------------------------------------------------+
; Port Connectivity Checks: "fluxo_dados:FD|comparador_85:comparador_jogadaAtual_acertoAnterior" ;
+------+--------+----------+---------------------------------------------------------------------+
; Port ; Type   ; Severity ; Details                                                             ;
+------+--------+----------+---------------------------------------------------------------------+
; ALBi ; Input  ; Info     ; Stuck at GND                                                        ;
; AGBi ; Input  ; Info     ; Stuck at GND                                                        ;
; AEBi ; Input  ; Info     ; Stuck at VCC                                                        ;
; ALBo ; Output ; Info     ; Explicitly unconnected                                              ;
; AGBo ; Output ; Info     ; Explicitly unconnected                                              ;
+------+--------+----------+---------------------------------------------------------------------+


+-----------------------------------------------------------------------+
; Port Connectivity Checks: "fluxo_dados:FD|contador_m:contadorAcertos" ;
+--------+--------+----------+------------------------------------------+
; Port   ; Type   ; Severity ; Details                                  ;
+--------+--------+----------+------------------------------------------+
; zera_s ; Input  ; Info     ; Explicitly unconnected                   ;
; fim    ; Output ; Info     ; Explicitly unconnected                   ;
; meio   ; Output ; Info     ; Explicitly unconnected                   ;
+--------+--------+----------+------------------------------------------+


+-------------------------------------------------------------------+
; Port Connectivity Checks: "fluxo_dados:FD|contador_163:contadorS" ;
+------+--------+----------+----------------------------------------+
; Port ; Type   ; Severity ; Details                                ;
+------+--------+----------+----------------------------------------+
; ld   ; Input  ; Info     ; Stuck at VCC                           ;
; ent  ; Input  ; Info     ; Stuck at VCC                           ;
; D    ; Input  ; Info     ; Stuck at GND                           ;
; rco  ; Output ; Info     ; Explicitly unconnected                 ;
+------+--------+----------+----------------------------------------+


+------------------------------------------------------------------------+
; Port Connectivity Checks: "fluxo_dados:FD|contador_m:contadorPiscadas" ;
+--------+--------+----------+-------------------------------------------+
; Port   ; Type   ; Severity ; Details                                   ;
+--------+--------+----------+-------------------------------------------+
; zera_s ; Input  ; Info     ; Explicitly unconnected                    ;
; Q      ; Output ; Info     ; Explicitly unconnected                    ;
; meio   ; Output ; Info     ; Explicitly unconnected                    ;
+--------+--------+----------+-------------------------------------------+


+-----------------------------------------------------------------------+
; Port Connectivity Checks: "fluxo_dados:FD|contador_m:contadorLedsOFF" ;
+------+--------+----------+--------------------------------------------+
; Port ; Type   ; Severity ; Details                                    ;
+------+--------+----------+--------------------------------------------+
; Q    ; Output ; Info     ; Explicitly unconnected                     ;
; meio ; Output ; Info     ; Explicitly unconnected                     ;
+------+--------+----------+--------------------------------------------+


+----------------------------------------------------------------------+
; Port Connectivity Checks: "fluxo_dados:FD|contador_m:contadorLedsON" ;
+------+--------+----------+-------------------------------------------+
; Port ; Type   ; Severity ; Details                                   ;
+------+--------+----------+-------------------------------------------+
; Q    ; Output ; Info     ; Explicitly unconnected                    ;
; meio ; Output ; Info     ; Explicitly unconnected                    ;
+------+--------+----------+-------------------------------------------+


+-----------------------------------------------------------------------+
; Port Connectivity Checks: "fluxo_dados:FD|somador:subtratorTimer7Seg" ;
+---------+-------+----------+------------------------------------------+
; Port    ; Type  ; Severity ; Details                                  ;
+---------+-------+----------+------------------------------------------+
; a[3..2] ; Input ; Info     ; Stuck at VCC                             ;
; a[7..6] ; Input ; Info     ; Stuck at GND                             ;
; a[1..0] ; Input ; Info     ; Stuck at GND                             ;
; a[8]    ; Input ; Info     ; Stuck at VCC                             ;
; a[5]    ; Input ; Info     ; Stuck at VCC                             ;
; a[4]    ; Input ; Info     ; Stuck at GND                             ;
; sum     ; Input ; Info     ; Stuck at GND                             ;
+---------+-------+----------+------------------------------------------+


+-----------------------------------------------------------------------+
; Port Connectivity Checks: "fluxo_dados:FD|contador_m:contadorTimeout" ;
+--------+--------+----------+------------------------------------------+
; Port   ; Type   ; Severity ; Details                                  ;
+--------+--------+----------+------------------------------------------+
; zera_s ; Input  ; Info     ; Explicitly unconnected                   ;
; meio   ; Output ; Info     ; Explicitly unconnected                   ;
+--------+--------+----------+------------------------------------------+


+------------------------------------------------------------------------+
; Port Connectivity Checks: "fluxo_dados:FD|edge_detector:detectorMenos" ;
+-------+-------+----------+---------------------------------------------+
; Port  ; Type  ; Severity ; Details                                     ;
+-------+-------+----------+---------------------------------------------+
; reset ; Input ; Info     ; Explicitly unconnected                      ;
+-------+-------+----------+---------------------------------------------+


+-----------------------------------------------------------------------+
; Port Connectivity Checks: "fluxo_dados:FD|edge_detector:detectorMais" ;
+-------+-------+----------+--------------------------------------------+
; Port  ; Type  ; Severity ; Details                                    ;
+-------+-------+----------+--------------------------------------------+
; reset ; Input ; Info     ; Explicitly unconnected                     ;
+-------+-------+----------+--------------------------------------------+


+---------------------------------------------------------------------------------------------------------------------------------------------+
; Port Connectivity Checks: "fluxo_dados:FD"                                                                                                  ;
+--------------+--------+----------+----------------------------------------------------------------------------------------------------------+
; Port         ; Type   ; Severity ; Details                                                                                                  ;
+--------------+--------+----------+----------------------------------------------------------------------------------------------------------+
; db_jogada    ; Output ; Warning  ; Declared by entity but not connected by instance. Logic that only feeds a dangling port will be removed. ;
; db_sequencia ; Output ; Warning  ; Declared by entity but not connected by instance. Logic that only feeds a dangling port will be removed. ;
+--------------+--------+----------+----------------------------------------------------------------------------------------------------------+


+-----------------------------------------------------+
; Post-Synthesis Netlist Statistics for Top Partition ;
+-----------------------+-----------------------------+
; Type                  ; Count                       ;
+-----------------------+-----------------------------+
; arriav_ff             ; 141                         ;
;     CLR               ; 18                          ;
;     CLR SCLR          ; 10                          ;
;     ENA               ; 33                          ;
;     ENA CLR           ; 12                          ;
;     ENA CLR SCLR      ; 27                          ;
;     ENA SCLR          ; 3                           ;
;     ENA SLD           ; 4                           ;
;     plain             ; 34                          ;
; arriav_lcell_comb     ; 248                         ;
;     arith             ; 45                          ;
;         1 data inputs ; 44                          ;
;         2 data inputs ; 1                           ;
;     extend            ; 1                           ;
;         7 data inputs ; 1                           ;
;     normal            ; 202                         ;
;         0 data inputs ; 1                           ;
;         1 data inputs ; 24                          ;
;         2 data inputs ; 28                          ;
;         3 data inputs ; 26                          ;
;         4 data inputs ; 57                          ;
;         5 data inputs ; 29                          ;
;         6 data inputs ; 37                          ;
; boundary_port         ; 77                          ;
;                       ;                             ;
; Max LUT depth         ; 5.00                        ;
; Average LUT depth     ; 2.26                        ;
+-----------------------+-----------------------------+


+-------------------------------+
; Elapsed Time Per Partition    ;
+----------------+--------------+
; Partition Name ; Elapsed Time ;
+----------------+--------------+
; Top            ; 00:00:02     ;
+----------------+--------------+


+-------------------------------+
; Analysis & Synthesis Messages ;
+-------------------------------+
Info: *******************************************************************
Info: Running Quartus Prime Analysis & Synthesis
    Info: Version 20.1.1 Build 720 11/11/2020 SJ Lite Edition
    Info: Processing started: Fri Apr 04 17:02:38 2025
Info: Command: quartus_map --read_settings_files=on --write_settings_files=off Projeto-10-03 -c Projeto-10-03
Warning (18236): Number of processors has not been specified which may cause overloading on shared machines.  Set the global assignment NUM_PARALLEL_PROCESSORS in your QSF to an appropriate value for best performance.
Info (20030): Parallel compilation is enabled and will use 4 of the 4 processors detected
Info (12021): Found 1 design units, including 1 entities, in source file divisorclockfpga.v
    Info (12023): Found entity 1: divisorClockFPGA File: C:/Engenharia_de_Computacao_Poli_USP/5_Periodo_(2025_1)/Lab_Dig_1/Projeto-02-04_restored/divisorClockFPGA.v Line: 3
Info (12021): Found 1 design units, including 1 entities, in source file mux4_1.v
    Info (12023): Found entity 1: mux_4x1 File: C:/Engenharia_de_Computacao_Poli_USP/5_Periodo_(2025_1)/Lab_Dig_1/Projeto-02-04_restored/mux4_1.v Line: 1
Info (12021): Found 1 design units, including 1 entities, in source file memorialeds3.v
    Info (12023): Found entity 1: memoriaLEDs3 File: C:/Engenharia_de_Computacao_Poli_USP/5_Periodo_(2025_1)/Lab_Dig_1/Projeto-02-04_restored/memoriaLEDs3.v Line: 3
Info (12021): Found 1 design units, including 1 entities, in source file memorialeds2.v
    Info (12023): Found entity 1: memoriaLEDs2 File: C:/Engenharia_de_Computacao_Poli_USP/5_Periodo_(2025_1)/Lab_Dig_1/Projeto-02-04_restored/memoriaLEDs2.v Line: 3
Info (12021): Found 1 design units, including 1 entities, in source file memorialeds1.v
    Info (12023): Found entity 1: memoriaLEDs1 File: C:/Engenharia_de_Computacao_Poli_USP/5_Periodo_(2025_1)/Lab_Dig_1/Projeto-02-04_restored/memoriaLEDs1.v Line: 3
Info (12021): Found 1 design units, including 1 entities, in source file memorialeds0.v
    Info (12023): Found entity 1: memoriaLEDs0 File: C:/Engenharia_de_Computacao_Poli_USP/5_Periodo_(2025_1)/Lab_Dig_1/Projeto-02-04_restored/memoriaLEDs0.v Line: 13
Info (12021): Found 1 design units, including 1 entities, in source file memoriafacil.v
    Info (12023): Found entity 1: memoriaFacil File: C:/Engenharia_de_Computacao_Poli_USP/5_Periodo_(2025_1)/Lab_Dig_1/Projeto-02-04_restored/memoriaFacil.v Line: 3
Info (12021): Found 1 design units, including 1 entities, in source file memoria3.v
    Info (12023): Found entity 1: memoria3 File: C:/Engenharia_de_Computacao_Poli_USP/5_Periodo_(2025_1)/Lab_Dig_1/Projeto-02-04_restored/memoria3.v Line: 3
Info (12021): Found 1 design units, including 1 entities, in source file memoria2.v
    Info (12023): Found entity 1: memoria2 File: C:/Engenharia_de_Computacao_Poli_USP/5_Periodo_(2025_1)/Lab_Dig_1/Projeto-02-04_restored/memoria2.v Line: 3
Info (12021): Found 1 design units, including 1 entities, in source file memoria1.v
    Info (12023): Found entity 1: memoria1 File: C:/Engenharia_de_Computacao_Poli_USP/5_Periodo_(2025_1)/Lab_Dig_1/Projeto-02-04_restored/memoria1.v Line: 3
Info (12021): Found 1 design units, including 1 entities, in source file memoria0.v
    Info (12023): Found entity 1: memoria0 File: C:/Engenharia_de_Computacao_Poli_USP/5_Periodo_(2025_1)/Lab_Dig_1/Projeto-02-04_restored/memoria0.v Line: 3
Info (12021): Found 1 design units, including 1 entities, in source file contadormaismenos.v
    Info (12023): Found entity 1: contadorMaisMenos File: C:/Engenharia_de_Computacao_Poli_USP/5_Periodo_(2025_1)/Lab_Dig_1/Projeto-02-04_restored/contadorMaisMenos.v Line: 1
Info (12021): Found 1 design units, including 1 entities, in source file divisorclock.v
    Info (12023): Found entity 1: divisorClock File: C:/Engenharia_de_Computacao_Poli_USP/5_Periodo_(2025_1)/Lab_Dig_1/Projeto-02-04_restored/divisorClock.v Line: 3
Info (12021): Found 1 design units, including 1 entities, in source file displaymem.v
    Info (12023): Found entity 1: displayMem File: C:/Engenharia_de_Computacao_Poli_USP/5_Periodo_(2025_1)/Lab_Dig_1/Projeto-02-04_restored/displayMem.v Line: 2
Info (12021): Found 1 design units, including 1 entities, in source file decodificadoracertos.v
    Info (12023): Found entity 1: decodificadorAcertos File: C:/Engenharia_de_Computacao_Poli_USP/5_Periodo_(2025_1)/Lab_Dig_1/Projeto-02-04_restored/decodificadorAcertos.v Line: 2
Info (12021): Found 1 design units, including 1 entities, in source file binarytobcd.v
    Info (12023): Found entity 1: binaryTObcd File: C:/Engenharia_de_Computacao_Poli_USP/5_Periodo_(2025_1)/Lab_Dig_1/Projeto-02-04_restored/binaryTObcd.v Line: 1
Info (12021): Found 1 design units, including 1 entities, in source file unidade_controle.v
    Info (12023): Found entity 1: unidade_controle File: C:/Engenharia_de_Computacao_Poli_USP/5_Periodo_(2025_1)/Lab_Dig_1/Projeto-02-04_restored/unidade_controle.v Line: 1
Info (12021): Found 1 design units, including 1 entities, in source file tb1.v
    Info (12023): Found entity 1: tb1 File: C:/Engenharia_de_Computacao_Poli_USP/5_Periodo_(2025_1)/Lab_Dig_1/Projeto-02-04_restored/tb1.v Line: 5
Info (12021): Found 1 design units, including 1 entities, in source file somador.v
    Info (12023): Found entity 1: somador File: C:/Engenharia_de_Computacao_Poli_USP/5_Periodo_(2025_1)/Lab_Dig_1/Projeto-02-04_restored/somador.v Line: 2
Info (12021): Found 1 design units, including 1 entities, in source file registrador_4.v
    Info (12023): Found entity 1: registrador_4 File: C:/Engenharia_de_Computacao_Poli_USP/5_Periodo_(2025_1)/Lab_Dig_1/Projeto-02-04_restored/registrador_4.v Line: 13
Info (12021): Found 1 design units, including 1 entities, in source file registrador_1.v
    Info (12023): Found entity 1: registrador_1 File: C:/Engenharia_de_Computacao_Poli_USP/5_Periodo_(2025_1)/Lab_Dig_1/Projeto-02-04_restored/registrador_1.v Line: 3
Info (12021): Found 1 design units, including 1 entities, in source file neurosync.v
    Info (12023): Found entity 1: neurosync File: C:/Engenharia_de_Computacao_Poli_USP/5_Periodo_(2025_1)/Lab_Dig_1/Projeto-02-04_restored/neurosync.v Line: 1
Info (12021): Found 1 design units, including 1 entities, in source file hexa7seg.v
    Info (12023): Found entity 1: hexa7seg File: C:/Engenharia_de_Computacao_Poli_USP/5_Periodo_(2025_1)/Lab_Dig_1/Projeto-02-04_restored/hexa7seg.v Line: 23
Info (12021): Found 1 design units, including 1 entities, in source file full_edge_detector.v
    Info (12023): Found entity 1: full_edge_detector File: C:/Engenharia_de_Computacao_Poli_USP/5_Periodo_(2025_1)/Lab_Dig_1/Projeto-02-04_restored/full_edge_detector.v Line: 4
Info (12021): Found 1 design units, including 1 entities, in source file fluxo_dados.v
    Info (12023): Found entity 1: fluxo_dados File: C:/Engenharia_de_Computacao_Poli_USP/5_Periodo_(2025_1)/Lab_Dig_1/Projeto-02-04_restored/fluxo_dados.v Line: 1
Info (12021): Found 1 design units, including 1 entities, in source file edge_detector.v
    Info (12023): Found entity 1: edge_detector File: C:/Engenharia_de_Computacao_Poli_USP/5_Periodo_(2025_1)/Lab_Dig_1/Projeto-02-04_restored/edge_detector.v Line: 21
Info (12021): Found 1 design units, including 1 entities, in source file contador_m.v
    Info (12023): Found entity 1: contador_m File: C:/Engenharia_de_Computacao_Poli_USP/5_Periodo_(2025_1)/Lab_Dig_1/Projeto-02-04_restored/contador_m.v Line: 20
Info (12021): Found 1 design units, including 1 entities, in source file contador_163.v
    Info (12023): Found entity 1: contador_163 File: C:/Engenharia_de_Computacao_Poli_USP/5_Periodo_(2025_1)/Lab_Dig_1/Projeto-02-04_restored/contador_163.v Line: 15
Info (12021): Found 1 design units, including 1 entities, in source file comparador_85.v
    Info (12023): Found entity 1: comparador_85 File: C:/Engenharia_de_Computacao_Poli_USP/5_Periodo_(2025_1)/Lab_Dig_1/Projeto-02-04_restored/comparador_85.v Line: 16
Info (12021): Found 1 design units, including 1 entities, in source file bigand.v
    Info (12023): Found entity 1: bigAND File: C:/Engenharia_de_Computacao_Poli_USP/5_Periodo_(2025_1)/Lab_Dig_1/Projeto-02-04_restored/bigAND.v Line: 2
Warning (10236): Verilog HDL Implicit Net warning at fluxo_dados.v(428): created implicit net for "acertoAnterior" File: C:/Engenharia_de_Computacao_Poli_USP/5_Periodo_(2025_1)/Lab_Dig_1/Projeto-02-04_restored/fluxo_dados.v Line: 428
Info (12127): Elaborating entity "neurosync" for the top level hierarchy
Info (12128): Elaborating entity "unidade_controle" for hierarchy "unidade_controle:UC" File: C:/Engenharia_de_Computacao_Poli_USP/5_Periodo_(2025_1)/Lab_Dig_1/Projeto-02-04_restored/neurosync.v Line: 130
Info (12128): Elaborating entity "fluxo_dados" for hierarchy "fluxo_dados:FD" File: C:/Engenharia_de_Computacao_Poli_USP/5_Periodo_(2025_1)/Lab_Dig_1/Projeto-02-04_restored/neurosync.v Line: 182
Warning (10036): Verilog HDL or VHDL warning at fluxo_dados.v(428): object "acertoAnterior" assigned a value but never read File: C:/Engenharia_de_Computacao_Poli_USP/5_Periodo_(2025_1)/Lab_Dig_1/Projeto-02-04_restored/fluxo_dados.v Line: 428
Warning (10230): Verilog HDL assignment warning at fluxo_dados.v(428): truncated value with size 4 to match size of target (1) File: C:/Engenharia_de_Computacao_Poli_USP/5_Periodo_(2025_1)/Lab_Dig_1/Projeto-02-04_restored/fluxo_dados.v Line: 428
Info (12128): Elaborating entity "edge_detector" for hierarchy "fluxo_dados:FD|edge_detector:detectorMais" File: C:/Engenharia_de_Computacao_Poli_USP/5_Periodo_(2025_1)/Lab_Dig_1/Projeto-02-04_restored/fluxo_dados.v Line: 103
Info (12128): Elaborating entity "contadorMaisMenos" for hierarchy "fluxo_dados:FD|contadorMaisMenos:contadorModo" File: C:/Engenharia_de_Computacao_Poli_USP/5_Periodo_(2025_1)/Lab_Dig_1/Projeto-02-04_restored/fluxo_dados.v Line: 119
Warning (10230): Verilog HDL assignment warning at contadorMaisMenos.v(14): truncated value with size 32 to match size of target (2) File: C:/Engenharia_de_Computacao_Poli_USP/5_Periodo_(2025_1)/Lab_Dig_1/Projeto-02-04_restored/contadorMaisMenos.v Line: 14
Warning (10230): Verilog HDL assignment warning at contadorMaisMenos.v(16): truncated value with size 32 to match size of target (2) File: C:/Engenharia_de_Computacao_Poli_USP/5_Periodo_(2025_1)/Lab_Dig_1/Projeto-02-04_restored/contadorMaisMenos.v Line: 16
Info (12128): Elaborating entity "divisorClock" for hierarchy "fluxo_dados:FD|divisorClock:divisorClock" File: C:/Engenharia_de_Computacao_Poli_USP/5_Periodo_(2025_1)/Lab_Dig_1/Projeto-02-04_restored/fluxo_dados.v Line: 125
Warning (10230): Verilog HDL assignment warning at divisorClock.v(20): truncated value with size 32 to match size of target (10) File: C:/Engenharia_de_Computacao_Poli_USP/5_Periodo_(2025_1)/Lab_Dig_1/Projeto-02-04_restored/divisorClock.v Line: 20
Info (12128): Elaborating entity "contador_m" for hierarchy "fluxo_dados:FD|contador_m:contadorTimeout" File: C:/Engenharia_de_Computacao_Poli_USP/5_Periodo_(2025_1)/Lab_Dig_1/Projeto-02-04_restored/fluxo_dados.v Line: 136
Info (12128): Elaborating entity "somador" for hierarchy "fluxo_dados:FD|somador:subtratorTimer7Seg" File: C:/Engenharia_de_Computacao_Poli_USP/5_Periodo_(2025_1)/Lab_Dig_1/Projeto-02-04_restored/fluxo_dados.v Line: 145
Info (12128): Elaborating entity "binaryTObcd" for hierarchy "fluxo_dados:FD|binaryTObcd:binaryTObcd" File: C:/Engenharia_de_Computacao_Poli_USP/5_Periodo_(2025_1)/Lab_Dig_1/Projeto-02-04_restored/fluxo_dados.v Line: 154
Info (12128): Elaborating entity "displayMem" for hierarchy "fluxo_dados:FD|displayMem:displayMem" File: C:/Engenharia_de_Computacao_Poli_USP/5_Periodo_(2025_1)/Lab_Dig_1/Projeto-02-04_restored/fluxo_dados.v Line: 167
Info (12128): Elaborating entity "contador_m" for hierarchy "fluxo_dados:FD|contador_m:contadorLedsON" File: C:/Engenharia_de_Computacao_Poli_USP/5_Periodo_(2025_1)/Lab_Dig_1/Projeto-02-04_restored/fluxo_dados.v Line: 178
Info (12128): Elaborating entity "contador_m" for hierarchy "fluxo_dados:FD|contador_m:contadorPiscadas" File: C:/Engenharia_de_Computacao_Poli_USP/5_Periodo_(2025_1)/Lab_Dig_1/Projeto-02-04_restored/fluxo_dados.v Line: 199
Info (12128): Elaborating entity "contador_163" for hierarchy "fluxo_dados:FD|contador_163:contadorS" File: C:/Engenharia_de_Computacao_Poli_USP/5_Periodo_(2025_1)/Lab_Dig_1/Projeto-02-04_restored/fluxo_dados.v Line: 212
Info (12128): Elaborating entity "decodificadorAcertos" for hierarchy "fluxo_dados:FD|decodificadorAcertos:decodificadorAcertos" File: C:/Engenharia_de_Computacao_Poli_USP/5_Periodo_(2025_1)/Lab_Dig_1/Projeto-02-04_restored/fluxo_dados.v Line: 229
Info (12128): Elaborating entity "comparador_85" for hierarchy "fluxo_dados:FD|comparador_85:comparador_jogadaAtual_acertoAnterior" File: C:/Engenharia_de_Computacao_Poli_USP/5_Periodo_(2025_1)/Lab_Dig_1/Projeto-02-04_restored/fluxo_dados.v Line: 240
Info (12128): Elaborating entity "memoriaLEDs0" for hierarchy "fluxo_dados:FD|memoriaLEDs0:memoriaLEDs0" File: C:/Engenharia_de_Computacao_Poli_USP/5_Periodo_(2025_1)/Lab_Dig_1/Projeto-02-04_restored/fluxo_dados.v Line: 259
Info (12128): Elaborating entity "memoriaLEDs1" for hierarchy "fluxo_dados:FD|memoriaLEDs1:memoriaLEDs1" File: C:/Engenharia_de_Computacao_Poli_USP/5_Periodo_(2025_1)/Lab_Dig_1/Projeto-02-04_restored/fluxo_dados.v Line: 265
Info (12128): Elaborating entity "memoriaLEDs2" for hierarchy "fluxo_dados:FD|memoriaLEDs2:memoriaLEDs2" File: C:/Engenharia_de_Computacao_Poli_USP/5_Periodo_(2025_1)/Lab_Dig_1/Projeto-02-04_restored/fluxo_dados.v Line: 271
Info (12128): Elaborating entity "memoriaLEDs3" for hierarchy "fluxo_dados:FD|memoriaLEDs3:memoriaLEDs3" File: C:/Engenharia_de_Computacao_Poli_USP/5_Periodo_(2025_1)/Lab_Dig_1/Projeto-02-04_restored/fluxo_dados.v Line: 277
Info (12128): Elaborating entity "memoria0" for hierarchy "fluxo_dados:FD|memoria0:memoria0" File: C:/Engenharia_de_Computacao_Poli_USP/5_Periodo_(2025_1)/Lab_Dig_1/Projeto-02-04_restored/fluxo_dados.v Line: 284
Info (10264): Verilog HDL Case Statement information at memoria0.v(10): all case item expressions in this case statement are onehot File: C:/Engenharia_de_Computacao_Poli_USP/5_Periodo_(2025_1)/Lab_Dig_1/Projeto-02-04_restored/memoria0.v Line: 10
Info (12128): Elaborating entity "memoria1" for hierarchy "fluxo_dados:FD|memoria1:memoria1" File: C:/Engenharia_de_Computacao_Poli_USP/5_Periodo_(2025_1)/Lab_Dig_1/Projeto-02-04_restored/fluxo_dados.v Line: 290
Info (12128): Elaborating entity "memoria2" for hierarchy "fluxo_dados:FD|memoria2:memoria2" File: C:/Engenharia_de_Computacao_Poli_USP/5_Periodo_(2025_1)/Lab_Dig_1/Projeto-02-04_restored/fluxo_dados.v Line: 296
Info (12128): Elaborating entity "memoria3" for hierarchy "fluxo_dados:FD|memoria3:memoria3" File: C:/Engenharia_de_Computacao_Poli_USP/5_Periodo_(2025_1)/Lab_Dig_1/Projeto-02-04_restored/fluxo_dados.v Line: 302
Info (12128): Elaborating entity "mux_4x1" for hierarchy "fluxo_dados:FD|mux_4x1:muxLEDS" File: C:/Engenharia_de_Computacao_Poli_USP/5_Periodo_(2025_1)/Lab_Dig_1/Projeto-02-04_restored/fluxo_dados.v Line: 311
Info (12128): Elaborating entity "registrador_4" for hierarchy "fluxo_dados:FD|registrador_4:registrador" File: C:/Engenharia_de_Computacao_Poli_USP/5_Periodo_(2025_1)/Lab_Dig_1/Projeto-02-04_restored/fluxo_dados.v Line: 330
Info (12128): Elaborating entity "bigAND" for hierarchy "fluxo_dados:FD|bigAND:expectedANDbotoes" File: C:/Engenharia_de_Computacao_Poli_USP/5_Periodo_(2025_1)/Lab_Dig_1/Projeto-02-04_restored/fluxo_dados.v Line: 345
Info (12128): Elaborating entity "registrador_1" for hierarchy "fluxo_dados:FD|registrador_1:registradorTimeout" File: C:/Engenharia_de_Computacao_Poli_USP/5_Periodo_(2025_1)/Lab_Dig_1/Projeto-02-04_restored/fluxo_dados.v Line: 363
Info (12128): Elaborating entity "hexa7seg" for hierarchy "fluxo_dados:FD|hexa7seg:hex3_converter" File: C:/Engenharia_de_Computacao_Poli_USP/5_Periodo_(2025_1)/Lab_Dig_1/Projeto-02-04_restored/fluxo_dados.v Line: 390
Warning (13046): Tri-state node(s) do not directly drive top-level pin(s)
    Warning (13049): Converted tri-state buffer "fluxo_dados:FD|decodificadorAcertos:decodificadorAcertos|acertosLeds[0]" feeding internal logic into a wire File: C:/Engenharia_de_Computacao_Poli_USP/5_Periodo_(2025_1)/Lab_Dig_1/Projeto-02-04_restored/decodificadorAcertos.v Line: 5
    Warning (13049): Converted tri-state buffer "fluxo_dados:FD|decodificadorAcertos:decodificadorAcertos|acertosLeds[1]" feeding internal logic into a wire File: C:/Engenharia_de_Computacao_Poli_USP/5_Periodo_(2025_1)/Lab_Dig_1/Projeto-02-04_restored/decodificadorAcertos.v Line: 5
Warning (12241): 1 hierarchies have connectivity warnings - see the Connectivity Checks report folder
Warning (13024): Output pins are stuck at VCC or GND
    Warning (13410): Pin "HEX1[1]" is stuck at GND File: C:/Engenharia_de_Computacao_Poli_USP/5_Periodo_(2025_1)/Lab_Dig_1/Projeto-02-04_restored/neurosync.v Line: 32
    Warning (13410): Pin "HEX1[2]" is stuck at GND File: C:/Engenharia_de_Computacao_Poli_USP/5_Periodo_(2025_1)/Lab_Dig_1/Projeto-02-04_restored/neurosync.v Line: 32
Info (286030): Timing-Driven Synthesis is running
Info (17049): 4 registers lost all their fanouts during netlist optimizations.
Info (144001): Generated suppressed messages file C:/Engenharia_de_Computacao_Poli_USP/5_Periodo_(2025_1)/Lab_Dig_1/Projeto-02-04_restored/output_files/Projeto-10-03.map.smsg
Info (16010): Generating hard_block partition "hard_block:auto_generated_inst"
    Info (16011): Adding 0 node(s), including 0 DDIO, 0 PLL, 0 transceiver and 0 LCELL
Info (21057): Implemented 343 device resources after synthesis - the final resource count might be different
    Info (21058): Implemented 10 input pins
    Info (21059): Implemented 67 output pins
    Info (21061): Implemented 266 logic cells
Info: Quartus Prime Analysis & Synthesis was successful. 0 errors, 14 warnings
    Info: Peak virtual memory: 4827 megabytes
    Info: Processing ended: Fri Apr 04 17:02:57 2025
    Info: Elapsed time: 00:00:19
    Info: Total CPU time (on all processors): 00:00:09


+------------------------------------------+
; Analysis & Synthesis Suppressed Messages ;
+------------------------------------------+
The suppressed messages can be found in C:/Engenharia_de_Computacao_Poli_USP/5_Periodo_(2025_1)/Lab_Dig_1/Projeto-02-04_restored/output_files/Projeto-10-03.map.smsg.


