Analysis & Synthesis report for circuito_exp4
Fri Jan 24 14:11:54 2025
Quartus Prime Version 20.1.1 Build 720 11/11/2020 SJ Lite Edition


---------------------
; Table of Contents ;
---------------------
  1. Legal Notice
  2. Analysis & Synthesis Summary
  3. Analysis & Synthesis Settings
  4. Parallel Compilation
  5. Analysis & Synthesis Source Files Read
  6. Analysis & Synthesis Resource Usage Summary
  7. Analysis & Synthesis Resource Utilization by Entity
  8. State Machine - |circuito_exp4|unidade_controle:UC|Eatual
  9. Registers Removed During Synthesis
 10. General Register Statistics
 11. Multiplexer Restructuring Statistics (Restructuring Performed)
 12. Parameter Settings for User Entity Instance: unidade_controle:UC
 13. Port Connectivity Checks: "fluxo_dados:FD|edge_detector:detector"
 14. Port Connectivity Checks: "fluxo_dados:FD|comparador_85:comparador"
 15. Port Connectivity Checks: "fluxo_dados:FD|contador_163:contador"
 16. Post-Synthesis Netlist Statistics for Top Partition
 17. Elapsed Time Per Partition
 18. Analysis & Synthesis Messages
 19. Analysis & Synthesis Suppressed Messages



----------------
; Legal Notice ;
----------------
Copyright (C) 2020  Intel Corporation. All rights reserved.
Your use of Intel Corporation's design tools, logic functions 
and other software and tools, and any partner logic 
functions, and any output files from any of the foregoing 
(including device programming or simulation files), and any 
associated documentation or information are expressly subject 
to the terms and conditions of the Intel Program License 
Subscription Agreement, the Intel Quartus Prime License Agreement,
the Intel FPGA IP License Agreement, or other applicable license
agreement, including, without limitation, that your use is for
the sole purpose of programming logic devices manufactured by
Intel and sold by Intel or its authorized distributors.  Please
refer to the applicable agreement for further details, at
https://fpgasoftware.intel.com/eula.



+-------------------------------------------------------------------------------+
; Analysis & Synthesis Summary                                                  ;
+---------------------------------+---------------------------------------------+
; Analysis & Synthesis Status     ; Successful - Fri Jan 24 14:11:54 2025       ;
; Quartus Prime Version           ; 20.1.1 Build 720 11/11/2020 SJ Lite Edition ;
; Revision Name                   ; circuito_exp4                               ;
; Top-level Entity Name           ; circuito_exp4                               ;
; Family                          ; Cyclone V                                   ;
; Logic utilization (in ALMs)     ; N/A                                         ;
; Total registers                 ; 22                                          ;
; Total pins                      ; 46                                          ;
; Total virtual pins              ; 0                                           ;
; Total block memory bits         ; 0                                           ;
; Total DSP Blocks                ; 0                                           ;
; Total HSSI RX PCSs              ; 0                                           ;
; Total HSSI PMA RX Deserializers ; 0                                           ;
; Total HSSI TX PCSs              ; 0                                           ;
; Total HSSI PMA TX Serializers   ; 0                                           ;
; Total PLLs                      ; 0                                           ;
; Total DLLs                      ; 0                                           ;
+---------------------------------+---------------------------------------------+


+---------------------------------------------------------------------------------------------------------------------------+
; Analysis & Synthesis Settings                                                                                             ;
+---------------------------------------------------------------------------------+--------------------+--------------------+
; Option                                                                          ; Setting            ; Default Value      ;
+---------------------------------------------------------------------------------+--------------------+--------------------+
; Device                                                                          ; 5CEBA4F23C7        ;                    ;
; Top-level entity name                                                           ; circuito_exp4      ; circuito_exp4      ;
; Family name                                                                     ; Cyclone V          ; Cyclone V          ;
; Use smart compilation                                                           ; Off                ; Off                ;
; Enable parallel Assembler and Timing Analyzer during compilation                ; On                 ; On                 ;
; Enable compact report table                                                     ; Off                ; Off                ;
; Restructure Multiplexers                                                        ; Auto               ; Auto               ;
; MLAB Add Timing Constraints For Mixed-Port Feed-Through Mode Setting Don't Care ; Off                ; Off                ;
; Create Debugging Nodes for IP Cores                                             ; Off                ; Off                ;
; Preserve fewer node names                                                       ; On                 ; On                 ;
; Intel FPGA IP Evaluation Mode                                                   ; Enable             ; Enable             ;
; Verilog Version                                                                 ; Verilog_2001       ; Verilog_2001       ;
; VHDL Version                                                                    ; VHDL_1993          ; VHDL_1993          ;
; State Machine Processing                                                        ; Auto               ; Auto               ;
; Safe State Machine                                                              ; Off                ; Off                ;
; Extract Verilog State Machines                                                  ; On                 ; On                 ;
; Extract VHDL State Machines                                                     ; On                 ; On                 ;
; Ignore Verilog initial constructs                                               ; Off                ; Off                ;
; Iteration limit for constant Verilog loops                                      ; 5000               ; 5000               ;
; Iteration limit for non-constant Verilog loops                                  ; 250                ; 250                ;
; Add Pass-Through Logic to Inferred RAMs                                         ; On                 ; On                 ;
; Infer RAMs from Raw Logic                                                       ; On                 ; On                 ;
; Parallel Synthesis                                                              ; On                 ; On                 ;
; DSP Block Balancing                                                             ; Auto               ; Auto               ;
; NOT Gate Push-Back                                                              ; On                 ; On                 ;
; Power-Up Don't Care                                                             ; On                 ; On                 ;
; Remove Redundant Logic Cells                                                    ; Off                ; Off                ;
; Remove Duplicate Registers                                                      ; On                 ; On                 ;
; Ignore CARRY Buffers                                                            ; Off                ; Off                ;
; Ignore CASCADE Buffers                                                          ; Off                ; Off                ;
; Ignore GLOBAL Buffers                                                           ; Off                ; Off                ;
; Ignore ROW GLOBAL Buffers                                                       ; Off                ; Off                ;
; Ignore LCELL Buffers                                                            ; Off                ; Off                ;
; Ignore SOFT Buffers                                                             ; On                 ; On                 ;
; Limit AHDL Integers to 32 Bits                                                  ; Off                ; Off                ;
; Optimization Technique                                                          ; Balanced           ; Balanced           ;
; Carry Chain Length                                                              ; 70                 ; 70                 ;
; Auto Carry Chains                                                               ; On                 ; On                 ;
; Auto Open-Drain Pins                                                            ; On                 ; On                 ;
; Perform WYSIWYG Primitive Resynthesis                                           ; Off                ; Off                ;
; Auto ROM Replacement                                                            ; On                 ; On                 ;
; Auto RAM Replacement                                                            ; On                 ; On                 ;
; Auto DSP Block Replacement                                                      ; On                 ; On                 ;
; Auto Shift Register Replacement                                                 ; Auto               ; Auto               ;
; Allow Shift Register Merging across Hierarchies                                 ; Auto               ; Auto               ;
; Auto Clock Enable Replacement                                                   ; On                 ; On                 ;
; Strict RAM Replacement                                                          ; Off                ; Off                ;
; Allow Synchronous Control Signals                                               ; On                 ; On                 ;
; Force Use of Synchronous Clear Signals                                          ; Off                ; Off                ;
; Auto Resource Sharing                                                           ; Off                ; Off                ;
; Allow Any RAM Size For Recognition                                              ; Off                ; Off                ;
; Allow Any ROM Size For Recognition                                              ; Off                ; Off                ;
; Allow Any Shift Register Size For Recognition                                   ; Off                ; Off                ;
; Use LogicLock Constraints during Resource Balancing                             ; On                 ; On                 ;
; Ignore translate_off and synthesis_off directives                               ; Off                ; Off                ;
; Timing-Driven Synthesis                                                         ; On                 ; On                 ;
; Report Parameter Settings                                                       ; On                 ; On                 ;
; Report Source Assignments                                                       ; On                 ; On                 ;
; Report Connectivity Checks                                                      ; On                 ; On                 ;
; Ignore Maximum Fan-Out Assignments                                              ; Off                ; Off                ;
; Synchronization Register Chain Length                                           ; 3                  ; 3                  ;
; Power Optimization During Synthesis                                             ; Normal compilation ; Normal compilation ;
; HDL message level                                                               ; Level2             ; Level2             ;
; Suppress Register Optimization Related Messages                                 ; Off                ; Off                ;
; Number of Removed Registers Reported in Synthesis Report                        ; 5000               ; 5000               ;
; Number of Swept Nodes Reported in Synthesis Report                              ; 5000               ; 5000               ;
; Number of Inverted Registers Reported in Synthesis Report                       ; 100                ; 100                ;
; Clock MUX Protection                                                            ; On                 ; On                 ;
; Auto Gated Clock Conversion                                                     ; Off                ; Off                ;
; Block Design Naming                                                             ; Auto               ; Auto               ;
; SDC constraint protection                                                       ; Off                ; Off                ;
; Synthesis Effort                                                                ; Auto               ; Auto               ;
; Shift Register Replacement - Allow Asynchronous Clear Signal                    ; On                 ; On                 ;
; Pre-Mapping Resynthesis Optimization                                            ; Off                ; Off                ;
; Analysis & Synthesis Message Level                                              ; Medium             ; Medium             ;
; Disable Register Merging Across Hierarchies                                     ; Auto               ; Auto               ;
; Resource Aware Inference For Block RAM                                          ; On                 ; On                 ;
; Automatic Parallel Synthesis                                                    ; On                 ; On                 ;
; Partial Reconfiguration Bitstream ID                                            ; Off                ; Off                ;
+---------------------------------------------------------------------------------+--------------------+--------------------+


+------------------------------------------+
; Parallel Compilation                     ;
+----------------------------+-------------+
; Processors                 ; Number      ;
+----------------------------+-------------+
; Number detected on machine ; 12          ;
; Maximum allowed            ; 6           ;
;                            ;             ;
; Average used               ; 1.00        ;
; Maximum used               ; 6           ;
;                            ;             ;
; Usage by Processor         ; % Time Used ;
;     Processor 1            ; 100.0%      ;
;     Processors 2-6         ;   0.0%      ;
+----------------------------+-------------+


+--------------------------------------------------------------------------------------------------------------------------------------------------------------------------------+
; Analysis & Synthesis Source Files Read                                                                                                                                         ;
+----------------------------------+-----------------+------------------------+----------------------------------------------------------------------------------------+---------+
; File Name with User-Entered Path ; Used in Netlist ; File Type              ; File Name with Absolute Path                                                           ; Library ;
+----------------------------------+-----------------+------------------------+----------------------------------------------------------------------------------------+---------+
; unidade_controle.v               ; yes             ; User Verilog HDL File  ; C:/Users/Nacpa/Desktop/Primeiro Quadri/Labdig/Experiencia 4/Verilog/unidade_controle.v ;         ;
; sync_rom_16x4.v                  ; yes             ; User Verilog HDL File  ; C:/Users/Nacpa/Desktop/Primeiro Quadri/Labdig/Experiencia 4/Verilog/sync_rom_16x4.v    ;         ;
; registrador_4.v                  ; yes             ; User Verilog HDL File  ; C:/Users/Nacpa/Desktop/Primeiro Quadri/Labdig/Experiencia 4/Verilog/registrador_4.v    ;         ;
; hexa7seg.v                       ; yes             ; User Verilog HDL File  ; C:/Users/Nacpa/Desktop/Primeiro Quadri/Labdig/Experiencia 4/Verilog/hexa7seg.v         ;         ;
; fluxo_dados.v                    ; yes             ; User Verilog HDL File  ; C:/Users/Nacpa/Desktop/Primeiro Quadri/Labdig/Experiencia 4/Verilog/fluxo_dados.v      ;         ;
; edge_detector.v                  ; yes             ; User Verilog HDL File  ; C:/Users/Nacpa/Desktop/Primeiro Quadri/Labdig/Experiencia 4/Verilog/edge_detector.v    ;         ;
; contador_163.v                   ; yes             ; User Verilog HDL File  ; C:/Users/Nacpa/Desktop/Primeiro Quadri/Labdig/Experiencia 4/Verilog/contador_163.v     ;         ;
; comparador_85.v                  ; yes             ; User Verilog HDL File  ; C:/Users/Nacpa/Desktop/Primeiro Quadri/Labdig/Experiencia 4/Verilog/comparador_85.v    ;         ;
; circuito_exp4.v                  ; yes             ; User Verilog HDL File  ; C:/Users/Nacpa/Desktop/Primeiro Quadri/Labdig/Experiencia 4/Verilog/circuito_exp4.v    ;         ;
+----------------------------------+-----------------+------------------------+----------------------------------------------------------------------------------------+---------+


+-----------------------------------------------------------+
; Analysis & Synthesis Resource Usage Summary               ;
+---------------------------------------------+-------------+
; Resource                                    ; Usage       ;
+---------------------------------------------+-------------+
; Estimate of Logic utilization (ALMs needed) ; 29          ;
;                                             ;             ;
; Combinational ALUT usage for logic          ; 53          ;
;     -- 7 input functions                    ; 0           ;
;     -- 6 input functions                    ; 4           ;
;     -- 5 input functions                    ; 9           ;
;     -- 4 input functions                    ; 32          ;
;     -- <=3 input functions                  ; 8           ;
;                                             ;             ;
; Dedicated logic registers                   ; 22          ;
;                                             ;             ;
; I/O pins                                    ; 46          ;
;                                             ;             ;
; Total DSP Blocks                            ; 0           ;
;                                             ;             ;
; Maximum fan-out node                        ; clock~input ;
; Maximum fan-out                             ; 23          ;
; Total fan-out                               ; 365         ;
; Average fan-out                             ; 2.19        ;
+---------------------------------------------+-------------+


+----------------------------------------------------------------------------------------------------------------------------------------------------------------------------------------------------------------------------------------+
; Analysis & Synthesis Resource Utilization by Entity                                                                                                                                                                                    ;
+-----------------------------------+---------------------+---------------------------+-------------------+------------+------+--------------+---------------------------------------------------------+------------------+--------------+
; Compilation Hierarchy Node        ; Combinational ALUTs ; Dedicated Logic Registers ; Block Memory Bits ; DSP Blocks ; Pins ; Virtual Pins ; Full Hierarchy Name                                     ; Entity Name      ; Library Name ;
+-----------------------------------+---------------------+---------------------------+-------------------+------------+------+--------------+---------------------------------------------------------+------------------+--------------+
; |circuito_exp4                    ; 53 (0)              ; 22 (0)                    ; 0                 ; 0          ; 46   ; 0            ; |circuito_exp4                                          ; circuito_exp4    ; work         ;
;    |fluxo_dados:FD|               ; 14 (1)              ; 14 (0)                    ; 0                 ; 0          ; 0    ; 0            ; |circuito_exp4|fluxo_dados:FD                           ; fluxo_dados      ; work         ;
;       |comparador_85:comparador|  ; 3 (3)               ; 0 (0)                     ; 0                 ; 0          ; 0    ; 0            ; |circuito_exp4|fluxo_dados:FD|comparador_85:comparador  ; comparador_85    ; work         ;
;       |contador_163:contador|     ; 6 (6)               ; 4 (4)                     ; 0                 ; 0          ; 0    ; 0            ; |circuito_exp4|fluxo_dados:FD|contador_163:contador     ; contador_163     ; work         ;
;       |edge_detector:detector|    ; 0 (0)               ; 2 (2)                     ; 0                 ; 0          ; 0    ; 0            ; |circuito_exp4|fluxo_dados:FD|edge_detector:detector    ; edge_detector    ; work         ;
;       |registrador_4:registrador| ; 0 (0)               ; 4 (4)                     ; 0                 ; 0          ; 0    ; 0            ; |circuito_exp4|fluxo_dados:FD|registrador_4:registrador ; registrador_4    ; work         ;
;       |sync_rom_16x4:memoria|     ; 4 (4)               ; 4 (4)                     ; 0                 ; 0          ; 0    ; 0            ; |circuito_exp4|fluxo_dados:FD|sync_rom_16x4:memoria     ; sync_rom_16x4    ; work         ;
;    |hexa7seg:HEX0|                ; 7 (7)               ; 0 (0)                     ; 0                 ; 0          ; 0    ; 0            ; |circuito_exp4|hexa7seg:HEX0                            ; hexa7seg         ; work         ;
;    |hexa7seg:HEX1|                ; 7 (7)               ; 0 (0)                     ; 0                 ; 0          ; 0    ; 0            ; |circuito_exp4|hexa7seg:HEX1                            ; hexa7seg         ; work         ;
;    |hexa7seg:HEX2|                ; 7 (7)               ; 0 (0)                     ; 0                 ; 0          ; 0    ; 0            ; |circuito_exp4|hexa7seg:HEX2                            ; hexa7seg         ; work         ;
;    |hexa7seg:HEX5|                ; 7 (7)               ; 0 (0)                     ; 0                 ; 0          ; 0    ; 0            ; |circuito_exp4|hexa7seg:HEX5                            ; hexa7seg         ; work         ;
;    |unidade_controle:UC|          ; 11 (11)             ; 8 (8)                     ; 0                 ; 0          ; 0    ; 0            ; |circuito_exp4|unidade_controle:UC                      ; unidade_controle ; work         ;
+-----------------------------------+---------------------+---------------------------+-------------------+------------+------+--------------+---------------------------------------------------------+------------------+--------------+
Note: For table entries with two numbers listed, the numbers in parentheses indicate the number of resources of the given type used by the specific entity alone. The numbers listed outside of parentheses indicate the total resources of the given type used by the specific entity and all of its sub-entities in the hierarchy.


Encoding Type:  One-Hot
+----------------------------------------------------------------------------------------------------------------------------------------------------------------------------------------------+
; State Machine - |circuito_exp4|unidade_controle:UC|Eatual                                                                                                                                    ;
+-------------------------+----------------+-------------------+-----------------+----------------------+-----------------------+-------------------+----------------+-------------------------+
; Name                    ; Eatual.proximo ; Eatual.comparacao ; Eatual.registra ; Eatual.espera_jogada ; Eatual.final_com_erro ; Eatual.preparacao ; Eatual.inicial ; Eatual.final_com_acerto ;
+-------------------------+----------------+-------------------+-----------------+----------------------+-----------------------+-------------------+----------------+-------------------------+
; Eatual.inicial          ; 0              ; 0                 ; 0               ; 0                    ; 0                     ; 0                 ; 0              ; 0                       ;
; Eatual.preparacao       ; 0              ; 0                 ; 0               ; 0                    ; 0                     ; 1                 ; 1              ; 0                       ;
; Eatual.final_com_erro   ; 0              ; 0                 ; 0               ; 0                    ; 1                     ; 0                 ; 1              ; 0                       ;
; Eatual.espera_jogada    ; 0              ; 0                 ; 0               ; 1                    ; 0                     ; 0                 ; 1              ; 0                       ;
; Eatual.registra         ; 0              ; 0                 ; 1               ; 0                    ; 0                     ; 0                 ; 1              ; 0                       ;
; Eatual.comparacao       ; 0              ; 1                 ; 0               ; 0                    ; 0                     ; 0                 ; 1              ; 0                       ;
; Eatual.proximo          ; 1              ; 0                 ; 0               ; 0                    ; 0                     ; 0                 ; 1              ; 0                       ;
; Eatual.final_com_acerto ; 0              ; 0                 ; 0               ; 0                    ; 0                     ; 0                 ; 1              ; 1                       ;
+-------------------------+----------------+-------------------+-----------------+----------------------+-----------------------+-------------------+----------------+-------------------------+


+------------------------------------------------------------+
; Registers Removed During Synthesis                         ;
+---------------------------------------+--------------------+
; Register name                         ; Reason for Removal ;
+---------------------------------------+--------------------+
; unidade_controle:UC|Eatual~4          ; Lost fanout        ;
; unidade_controle:UC|Eatual~5          ; Lost fanout        ;
; unidade_controle:UC|Eatual~6          ; Lost fanout        ;
; Total Number of Removed Registers = 3 ;                    ;
+---------------------------------------+--------------------+


+------------------------------------------------------+
; General Register Statistics                          ;
+----------------------------------------------+-------+
; Statistic                                    ; Value ;
+----------------------------------------------+-------+
; Total registers                              ; 22    ;
; Number of registers using Synchronous Clear  ; 0     ;
; Number of registers using Synchronous Load   ; 0     ;
; Number of registers using Asynchronous Clear ; 12    ;
; Number of registers using Asynchronous Load  ; 0     ;
; Number of registers using Clock Enable       ; 8     ;
; Number of registers using Preset             ; 0     ;
+----------------------------------------------+-------+


+------------------------------------------------------------------------------------------------------------------------------------------------------------------------+
; Multiplexer Restructuring Statistics (Restructuring Performed)                                                                                                         ;
+--------------------+-----------+---------------+----------------------+------------------------+------------+----------------------------------------------------------+
; Multiplexer Inputs ; Bus Width ; Baseline Area ; Area if Restructured ; Saving if Restructured ; Registered ; Example Multiplexer Output                               ;
+--------------------+-----------+---------------+----------------------+------------------------+------------+----------------------------------------------------------+
; 3:1                ; 4 bits    ; 8 LEs         ; 4 LEs                ; 4 LEs                  ; Yes        ; |circuito_exp4|fluxo_dados:FD|contador_163:contador|Q[0] ;
+--------------------+-----------+---------------+----------------------+------------------------+------------+----------------------------------------------------------+


+------------------------------------------------------------------+
; Parameter Settings for User Entity Instance: unidade_controle:UC ;
+------------------+-------+---------------------------------------+
; Parameter Name   ; Value ; Type                                  ;
+------------------+-------+---------------------------------------+
; inicial          ; 0000  ; Unsigned Binary                       ;
; preparacao       ; 0001  ; Unsigned Binary                       ;
; registra         ; 0100  ; Unsigned Binary                       ;
; comparacao       ; 0101  ; Unsigned Binary                       ;
; final_com_erro   ; 0010  ; Unsigned Binary                       ;
; proximo          ; 0110  ; Unsigned Binary                       ;
; final_com_acerto ; 1111  ; Unsigned Binary                       ;
; espera_jogada    ; 0011  ; Unsigned Binary                       ;
+------------------+-------+---------------------------------------+
Note: In order to hide this table in the UI and the text report file, please set the "Show Parameter Settings in Synthesis Report" option in "Analysis and Synthesis Settings -> More Settings" to "Off".


+-------------------------------------------------------------------+
; Port Connectivity Checks: "fluxo_dados:FD|edge_detector:detector" ;
+-------+-------+----------+----------------------------------------+
; Port  ; Type  ; Severity ; Details                                ;
+-------+-------+----------+----------------------------------------+
; reset ; Input ; Info     ; Explicitly unconnected                 ;
+-------+-------+----------+----------------------------------------+


+---------------------------------------------------------------------+
; Port Connectivity Checks: "fluxo_dados:FD|comparador_85:comparador" ;
+------+--------+----------+------------------------------------------+
; Port ; Type   ; Severity ; Details                                  ;
+------+--------+----------+------------------------------------------+
; ALBi ; Input  ; Info     ; Stuck at GND                             ;
; AGBi ; Input  ; Info     ; Stuck at GND                             ;
; AEBi ; Input  ; Info     ; Stuck at VCC                             ;
; ALBo ; Output ; Info     ; Explicitly unconnected                   ;
; AGBo ; Output ; Info     ; Explicitly unconnected                   ;
+------+--------+----------+------------------------------------------+


+------------------------------------------------------------------+
; Port Connectivity Checks: "fluxo_dados:FD|contador_163:contador" ;
+------+-------+----------+----------------------------------------+
; Port ; Type  ; Severity ; Details                                ;
+------+-------+----------+----------------------------------------+
; ld   ; Input ; Info     ; Stuck at VCC                           ;
; ent  ; Input ; Info     ; Stuck at VCC                           ;
; D    ; Input ; Info     ; Stuck at GND                           ;
+------+-------+----------+----------------------------------------+


+-----------------------------------------------------+
; Post-Synthesis Netlist Statistics for Top Partition ;
+-----------------------+-----------------------------+
; Type                  ; Count                       ;
+-----------------------+-----------------------------+
; arriav_ff             ; 22                          ;
;     CLR               ; 8                           ;
;     ENA               ; 4                           ;
;     ENA CLR           ; 4                           ;
;     plain             ; 6                           ;
; arriav_lcell_comb     ; 59                          ;
;     normal            ; 59                          ;
;         1 data inputs ; 6                           ;
;         2 data inputs ; 5                           ;
;         3 data inputs ; 3                           ;
;         4 data inputs ; 32                          ;
;         5 data inputs ; 9                           ;
;         6 data inputs ; 4                           ;
; boundary_port         ; 46                          ;
;                       ;                             ;
; Max LUT depth         ; 3.00                        ;
; Average LUT depth     ; 1.65                        ;
+-----------------------+-----------------------------+


+-------------------------------+
; Elapsed Time Per Partition    ;
+----------------+--------------+
; Partition Name ; Elapsed Time ;
+----------------+--------------+
; Top            ; 00:00:00     ;
+----------------+--------------+


+-------------------------------+
; Analysis & Synthesis Messages ;
+-------------------------------+
Info: *******************************************************************
Info: Running Quartus Prime Analysis & Synthesis
    Info: Version 20.1.1 Build 720 11/11/2020 SJ Lite Edition
    Info: Processing started: Fri Jan 24 14:11:47 2025
Info: Command: quartus_map --read_settings_files=on --write_settings_files=off circuito_exp4 -c circuito_exp4
Warning (18236): Number of processors has not been specified which may cause overloading on shared machines.  Set the global assignment NUM_PARALLEL_PROCESSORS in your QSF to an appropriate value for best performance.
Info (20030): Parallel compilation is enabled and will use 6 of the 6 processors detected
Info (12021): Found 1 design units, including 1 entities, in source file unidade_controle.v
    Info (12023): Found entity 1: unidade_controle File: C:/Users/Nacpa/Desktop/Primeiro Quadri/Labdig/Experiencia 4/Verilog/unidade_controle.v Line: 16
Info (12021): Found 1 design units, including 1 entities, in source file sync_rom_16x4.v
    Info (12023): Found entity 1: sync_rom_16x4 File: C:/Users/Nacpa/Desktop/Primeiro Quadri/Labdig/Experiencia 4/Verilog/sync_rom_16x4.v Line: 13
Info (12021): Found 1 design units, including 1 entities, in source file registrador_4.v
    Info (12023): Found entity 1: registrador_4 File: C:/Users/Nacpa/Desktop/Primeiro Quadri/Labdig/Experiencia 4/Verilog/registrador_4.v Line: 13
Info (12021): Found 1 design units, including 1 entities, in source file hexa7seg.v
    Info (12023): Found entity 1: hexa7seg File: C:/Users/Nacpa/Desktop/Primeiro Quadri/Labdig/Experiencia 4/Verilog/hexa7seg.v Line: 23
Info (12021): Found 1 design units, including 1 entities, in source file fluxo_dados.v
    Info (12023): Found entity 1: fluxo_dados File: C:/Users/Nacpa/Desktop/Primeiro Quadri/Labdig/Experiencia 4/Verilog/fluxo_dados.v Line: 1
Info (12021): Found 1 design units, including 1 entities, in source file edge_detector.v
    Info (12023): Found entity 1: edge_detector File: C:/Users/Nacpa/Desktop/Primeiro Quadri/Labdig/Experiencia 4/Verilog/edge_detector.v Line: 21
Info (12021): Found 1 design units, including 1 entities, in source file contador_163.v
    Info (12023): Found entity 1: contador_163 File: C:/Users/Nacpa/Desktop/Primeiro Quadri/Labdig/Experiencia 4/Verilog/contador_163.v Line: 16
Info (12021): Found 1 design units, including 1 entities, in source file comparador_85.v
    Info (12023): Found entity 1: comparador_85 File: C:/Users/Nacpa/Desktop/Primeiro Quadri/Labdig/Experiencia 4/Verilog/comparador_85.v Line: 16
Info (12021): Found 1 design units, including 1 entities, in source file circuito_exp4_tb.v
    Info (12023): Found entity 1: circuito_exp4_tb File: C:/Users/Nacpa/Desktop/Primeiro Quadri/Labdig/Experiencia 4/Verilog/circuito_exp4_tb.v Line: 21
Info (12021): Found 1 design units, including 1 entities, in source file circuito_exp4.v
    Info (12023): Found entity 1: circuito_exp4 File: C:/Users/Nacpa/Desktop/Primeiro Quadri/Labdig/Experiencia 4/Verilog/circuito_exp4.v Line: 1
Info (12127): Elaborating entity "circuito_exp4" for the top level hierarchy
Info (12128): Elaborating entity "fluxo_dados" for hierarchy "fluxo_dados:FD" File: C:/Users/Nacpa/Desktop/Primeiro Quadri/Labdig/Experiencia 4/Verilog/circuito_exp4.v Line: 37
Info (12128): Elaborating entity "contador_163" for hierarchy "fluxo_dados:FD|contador_163:contador" File: C:/Users/Nacpa/Desktop/Primeiro Quadri/Labdig/Experiencia 4/Verilog/fluxo_dados.v Line: 31
Info (12128): Elaborating entity "comparador_85" for hierarchy "fluxo_dados:FD|comparador_85:comparador" File: C:/Users/Nacpa/Desktop/Primeiro Quadri/Labdig/Experiencia 4/Verilog/fluxo_dados.v Line: 43
Info (12128): Elaborating entity "sync_rom_16x4" for hierarchy "fluxo_dados:FD|sync_rom_16x4:memoria" File: C:/Users/Nacpa/Desktop/Primeiro Quadri/Labdig/Experiencia 4/Verilog/fluxo_dados.v Line: 50
Info (12128): Elaborating entity "registrador_4" for hierarchy "fluxo_dados:FD|registrador_4:registrador" File: C:/Users/Nacpa/Desktop/Primeiro Quadri/Labdig/Experiencia 4/Verilog/fluxo_dados.v Line: 60
Info (12128): Elaborating entity "edge_detector" for hierarchy "fluxo_dados:FD|edge_detector:detector" File: C:/Users/Nacpa/Desktop/Primeiro Quadri/Labdig/Experiencia 4/Verilog/fluxo_dados.v Line: 69
Info (12128): Elaborating entity "unidade_controle" for hierarchy "unidade_controle:UC" File: C:/Users/Nacpa/Desktop/Primeiro Quadri/Labdig/Experiencia 4/Verilog/circuito_exp4.v Line: 54
Info (12128): Elaborating entity "hexa7seg" for hierarchy "hexa7seg:HEX0" File: C:/Users/Nacpa/Desktop/Primeiro Quadri/Labdig/Experiencia 4/Verilog/circuito_exp4.v Line: 59
Info (286030): Timing-Driven Synthesis is running
Info (17049): 3 registers lost all their fanouts during netlist optimizations.
Info (144001): Generated suppressed messages file C:/Users/Nacpa/Desktop/Primeiro Quadri/Labdig/Experiencia 4/Verilog/output_files/circuito_exp4.map.smsg
Info (16010): Generating hard_block partition "hard_block:auto_generated_inst"
    Info (16011): Adding 0 node(s), including 0 DDIO, 0 PLL, 0 transceiver and 0 LCELL
Info (21057): Implemented 106 device resources after synthesis - the final resource count might be different
    Info (21058): Implemented 7 input pins
    Info (21059): Implemented 39 output pins
    Info (21061): Implemented 60 logic cells
Info: Quartus Prime Analysis & Synthesis was successful. 0 errors, 1 warning
    Info: Peak virtual memory: 4844 megabytes
    Info: Processing ended: Fri Jan 24 14:11:54 2025
    Info: Elapsed time: 00:00:07
    Info: Total CPU time (on all processors): 00:00:14


+------------------------------------------+
; Analysis & Synthesis Suppressed Messages ;
+------------------------------------------+
The suppressed messages can be found in C:/Users/Nacpa/Desktop/Primeiro Quadri/Labdig/Experiencia 4/Verilog/output_files/circuito_exp4.map.smsg.


