#! /c/Source/iverilog-install/bin/vvp
:ivl_version "12.0 (devel)" "(s20150603-1539-g2693dd32b)";
:ivl_delay_selection "TYPICAL";
:vpi_time_precision + 0;
:vpi_module "C:\iverilog\lib\ivl\system.vpi";
:vpi_module "C:\iverilog\lib\ivl\vhdl_sys.vpi";
:vpi_module "C:\iverilog\lib\ivl\vhdl_textio.vpi";
:vpi_module "C:\iverilog\lib\ivl\v2005_math.vpi";
:vpi_module "C:\iverilog\lib\ivl\va_math.vpi";
S_000002739a53edb0 .scope module, "contador_163" "contador_163" 2 16;
 .timescale 0 0;
    .port_info 0 /INPUT 1 "clock";
    .port_info 1 /INPUT 1 "clr";
    .port_info 2 /INPUT 1 "ld";
    .port_info 3 /INPUT 1 "ent";
    .port_info 4 /INPUT 1 "enp";
    .port_info 5 /INPUT 4 "D";
    .port_info 6 /OUTPUT 4 "Q";
    .port_info 7 /OUTPUT 1 "rco";
o000002739a586fd8 .functor BUFZ 4, C4<zzzz>; HiZ drive
v000002739a536460_0 .net "D", 3 0, o000002739a586fd8;  0 drivers
v000002739a580e70_0 .var "Q", 3 0;
o000002739a587038 .functor BUFZ 1, C4<z>; HiZ drive
v000002739a580f10_0 .net "clock", 0 0, o000002739a587038;  0 drivers
o000002739a587068 .functor BUFZ 1, C4<z>; HiZ drive
v000002739a580fb0_0 .net "clr", 0 0, o000002739a587068;  0 drivers
o000002739a587098 .functor BUFZ 1, C4<z>; HiZ drive
v000002739a581050_0 .net "enp", 0 0, o000002739a587098;  0 drivers
o000002739a5870c8 .functor BUFZ 1, C4<z>; HiZ drive
v000002739a5810f0_0 .net "ent", 0 0, o000002739a5870c8;  0 drivers
o000002739a5870f8 .functor BUFZ 1, C4<z>; HiZ drive
v000002739a581190_0 .net "ld", 0 0, o000002739a5870f8;  0 drivers
v000002739a581230_0 .var "rco", 0 0;
E_000002739a5863e0 .event anyedge, v000002739a5810f0_0, v000002739a580e70_0;
E_000002739a586420 .event posedge, v000002739a580f10_0;
    .scope S_000002739a53edb0;
T_0 ;
    %wait E_000002739a586420;
    %load/vec4 v000002739a580fb0_0;
    %inv;
    %flag_set/vec4 8;
    %jmp/0xz  T_0.0, 8;
    %pushi/vec4 0, 0, 4;
    %assign/vec4 v000002739a580e70_0, 0;
    %jmp T_0.1;
T_0.0 ;
    %load/vec4 v000002739a581190_0;
    %inv;
    %flag_set/vec4 8;
    %jmp/0xz  T_0.2, 8;
    %load/vec4 v000002739a536460_0;
    %assign/vec4 v000002739a580e70_0, 0;
    %jmp T_0.3;
T_0.2 ;
    %load/vec4 v000002739a5810f0_0;
    %flag_set/vec4 9;
    %flag_get/vec4 9;
    %jmp/0 T_0.6, 9;
    %load/vec4 v000002739a581050_0;
    %and;
T_0.6;
    %flag_set/vec4 8;
    %jmp/0xz  T_0.4, 8;
    %load/vec4 v000002739a580e70_0;
    %addi 1, 0, 4;
    %assign/vec4 v000002739a580e70_0, 0;
    %jmp T_0.5;
T_0.4 ;
    %load/vec4 v000002739a580e70_0;
    %assign/vec4 v000002739a580e70_0, 0;
T_0.5 ;
T_0.3 ;
T_0.1 ;
    %jmp T_0;
    .thread T_0;
    .scope S_000002739a53edb0;
T_1 ;
    %wait E_000002739a5863e0;
    %load/vec4 v000002739a5810f0_0;
    %flag_set/vec4 9;
    %flag_get/vec4 9;
    %jmp/0 T_1.2, 9;
    %load/vec4 v000002739a580e70_0;
    %pushi/vec4 15, 0, 4;
    %cmp/e;
    %flag_get/vec4 4;
    %and;
T_1.2;
    %flag_set/vec4 8;
    %jmp/0xz  T_1.0, 8;
    %pushi/vec4 1, 0, 1;
    %store/vec4 v000002739a581230_0, 0, 1;
    %jmp T_1.1;
T_1.0 ;
    %pushi/vec4 0, 0, 1;
    %store/vec4 v000002739a581230_0, 0, 1;
T_1.1 ;
    %jmp T_1;
    .thread T_1, $push;
# The file index is used to find the file name in the following table.
:file_names 3;
    "N/A";
    "<interactive>";
    "contador_163.v";
