#! /c/Source/iverilog-install/bin/vvp
:ivl_version "12.0 (devel)" "(s20150603-1539-g2693dd32b)";
:ivl_delay_selection "TYPICAL";
:vpi_time_precision + 0;
:vpi_module "C:\iverilog\lib\ivl\system.vpi";
:vpi_module "C:\iverilog\lib\ivl\vhdl_sys.vpi";
:vpi_module "C:\iverilog\lib\ivl\vhdl_textio.vpi";
:vpi_module "C:\iverilog\lib\ivl\v2005_math.vpi";
:vpi_module "C:\iverilog\lib\ivl\va_math.vpi";
S_00000190ae0f2830 .scope module, "exp3_unidade_controle" "exp3_unidade_controle" 2 16;
 .timescale 0 0;
    .port_info 0 /INPUT 1 "clock";
    .port_info 1 /INPUT 1 "reset";
    .port_info 2 /INPUT 1 "iniciar";
    .port_info 3 /INPUT 1 "fimC";
    .port_info 4 /INPUT 1 "igual";
    .port_info 5 /OUTPUT 1 "zeraC";
    .port_info 6 /OUTPUT 1 "contaC";
    .port_info 7 /OUTPUT 1 "zeraR";
    .port_info 8 /OUTPUT 1 "registraR";
    .port_info 9 /OUTPUT 1 "pronto";
    .port_info 10 /OUTPUT 1 "acertou";
    .port_info 11 /OUTPUT 1 "errou";
    .port_info 12 /OUTPUT 4 "db_estado";
P_00000190ae0f29c0 .param/l "comparacao" 0 2 36, C4<0101>;
P_00000190ae0f29f8 .param/l "erra" 0 2 37, C4<0010>;
P_00000190ae0f2a30 .param/l "fim" 0 2 39, C4<1111>;
P_00000190ae0f2a68 .param/l "inicial" 0 2 33, C4<0000>;
P_00000190ae0f2aa0 .param/l "preparacao" 0 2 34, C4<0001>;
P_00000190ae0f2ad8 .param/l "proximo" 0 2 38, C4<0110>;
P_00000190ae0f2b10 .param/l "registra" 0 2 35, C4<0100>;
v00000190ae0f2d80_0 .var "Eatual", 3 0;
v00000190ae123540_0 .var "Eprox", 3 0;
v00000190ae1235e0_0 .var "acertou", 0 0;
o00000190ae130018 .functor BUFZ 1, C4<z>; HiZ drive
v00000190ae123680_0 .net "clock", 0 0, o00000190ae130018;  0 drivers
v00000190ae123720_0 .var "contaC", 0 0;
v00000190ae1237c0_0 .var "db_estado", 3 0;
v00000190ae123860_0 .var "errou", 0 0;
o00000190ae1300d8 .functor BUFZ 1, C4<z>; HiZ drive
v00000190ae123900_0 .net "fimC", 0 0, o00000190ae1300d8;  0 drivers
o00000190ae130108 .functor BUFZ 1, C4<z>; HiZ drive
v00000190ae1239a0_0 .net "igual", 0 0, o00000190ae130108;  0 drivers
o00000190ae130138 .functor BUFZ 1, C4<z>; HiZ drive
v00000190ae123a40_0 .net "iniciar", 0 0, o00000190ae130138;  0 drivers
v00000190ae123ae0_0 .var "pronto", 0 0;
v00000190ae123b80_0 .var "registraR", 0 0;
o00000190ae1301c8 .functor BUFZ 1, C4<z>; HiZ drive
v00000190ae123c20_0 .net "reset", 0 0, o00000190ae1301c8;  0 drivers
v00000190ae179cd0_0 .var "zeraC", 0 0;
v00000190ae1790f0_0 .var "zeraR", 0 0;
E_00000190ae0daa20 .event anyedge, v00000190ae0f2d80_0;
E_00000190ae0db020 .event anyedge, v00000190ae0f2d80_0, v00000190ae123a40_0, v00000190ae123900_0, v00000190ae1239a0_0;
E_00000190ae0da7e0 .event posedge, v00000190ae123c20_0, v00000190ae123680_0;
    .scope S_00000190ae0f2830;
T_0 ;
    %wait E_00000190ae0da7e0;
    %load/vec4 v00000190ae123c20_0;
    %flag_set/vec4 8;
    %jmp/0xz  T_0.0, 8;
    %pushi/vec4 0, 0, 4;
    %assign/vec4 v00000190ae0f2d80_0, 0;
    %jmp T_0.1;
T_0.0 ;
    %load/vec4 v00000190ae123540_0;
    %assign/vec4 v00000190ae0f2d80_0, 0;
T_0.1 ;
    %jmp T_0;
    .thread T_0;
    .scope S_00000190ae0f2830;
T_1 ;
    %wait E_00000190ae0db020;
    %load/vec4 v00000190ae0f2d80_0;
    %dup/vec4;
    %pushi/vec4 0, 0, 4;
    %cmp/u;
    %jmp/1 T_1.0, 6;
    %dup/vec4;
    %pushi/vec4 1, 0, 4;
    %cmp/u;
    %jmp/1 T_1.1, 6;
    %dup/vec4;
    %pushi/vec4 4, 0, 4;
    %cmp/u;
    %jmp/1 T_1.2, 6;
    %dup/vec4;
    %pushi/vec4 5, 0, 4;
    %cmp/u;
    %jmp/1 T_1.3, 6;
    %dup/vec4;
    %pushi/vec4 6, 0, 4;
    %cmp/u;
    %jmp/1 T_1.4, 6;
    %dup/vec4;
    %pushi/vec4 15, 0, 4;
    %cmp/u;
    %jmp/1 T_1.5, 6;
    %dup/vec4;
    %pushi/vec4 2, 0, 4;
    %cmp/u;
    %jmp/1 T_1.6, 6;
    %pushi/vec4 0, 0, 4;
    %store/vec4 v00000190ae123540_0, 0, 4;
    %jmp T_1.8;
T_1.0 ;
    %load/vec4 v00000190ae123a40_0;
    %flag_set/vec4 8;
    %jmp/0 T_1.9, 8;
    %pushi/vec4 1, 0, 4;
    %jmp/1 T_1.10, 8;
T_1.9 ; End of true expr.
    %pushi/vec4 0, 0, 4;
    %jmp/0 T_1.10, 8;
 ; End of false expr.
    %blend;
T_1.10;
    %store/vec4 v00000190ae123540_0, 0, 4;
    %jmp T_1.8;
T_1.1 ;
    %pushi/vec4 4, 0, 4;
    %store/vec4 v00000190ae123540_0, 0, 4;
    %jmp T_1.8;
T_1.2 ;
    %pushi/vec4 5, 0, 4;
    %store/vec4 v00000190ae123540_0, 0, 4;
    %jmp T_1.8;
T_1.3 ;
    %load/vec4 v00000190ae123900_0;
    %inv;
    %flag_set/vec4 9;
    %flag_get/vec4 9;
    %jmp/0 T_1.13, 9;
    %load/vec4 v00000190ae1239a0_0;
    %and;
T_1.13;
    %flag_set/vec4 8;
    %jmp/0 T_1.11, 8;
    %pushi/vec4 6, 0, 4;
    %jmp/1 T_1.12, 8;
T_1.11 ; End of true expr.
    %load/vec4 v00000190ae1239a0_0;
    %inv;
    %flag_set/vec4 9;
    %jmp/0 T_1.14, 9;
    %pushi/vec4 2, 0, 4;
    %jmp/1 T_1.15, 9;
T_1.14 ; End of true expr.
    %pushi/vec4 15, 0, 4;
    %jmp/0 T_1.15, 9;
 ; End of false expr.
    %blend;
T_1.15;
    %jmp/0 T_1.12, 8;
 ; End of false expr.
    %blend;
T_1.12;
    %store/vec4 v00000190ae123540_0, 0, 4;
    %jmp T_1.8;
T_1.4 ;
    %pushi/vec4 4, 0, 4;
    %store/vec4 v00000190ae123540_0, 0, 4;
    %jmp T_1.8;
T_1.5 ;
    %pushi/vec4 0, 0, 4;
    %store/vec4 v00000190ae123540_0, 0, 4;
    %jmp T_1.8;
T_1.6 ;
    %pushi/vec4 0, 0, 4;
    %store/vec4 v00000190ae123540_0, 0, 4;
    %jmp T_1.8;
T_1.8 ;
    %pop/vec4 1;
    %jmp T_1;
    .thread T_1, $push;
    .scope S_00000190ae0f2830;
T_2 ;
    %wait E_00000190ae0daa20;
    %load/vec4 v00000190ae0f2d80_0;
    %cmpi/e 0, 0, 4;
    %jmp/1 T_2.2, 4;
    %flag_mov 8, 4;
    %load/vec4 v00000190ae0f2d80_0;
    %cmpi/e 1, 0, 4;
    %flag_or 4, 8;
T_2.2;
    %flag_mov 8, 4;
    %jmp/0 T_2.0, 8;
    %pushi/vec4 1, 0, 1;
    %jmp/1 T_2.1, 8;
T_2.0 ; End of true expr.
    %pushi/vec4 0, 0, 1;
    %jmp/0 T_2.1, 8;
 ; End of false expr.
    %blend;
T_2.1;
    %store/vec4 v00000190ae179cd0_0, 0, 1;
    %load/vec4 v00000190ae0f2d80_0;
    %cmpi/e 0, 0, 4;
    %jmp/1 T_2.5, 4;
    %flag_mov 8, 4;
    %load/vec4 v00000190ae0f2d80_0;
    %cmpi/e 1, 0, 4;
    %flag_or 4, 8;
T_2.5;
    %flag_mov 8, 4;
    %jmp/0 T_2.3, 8;
    %pushi/vec4 1, 0, 1;
    %jmp/1 T_2.4, 8;
T_2.3 ; End of true expr.
    %pushi/vec4 0, 0, 1;
    %jmp/0 T_2.4, 8;
 ; End of false expr.
    %blend;
T_2.4;
    %store/vec4 v00000190ae1790f0_0, 0, 1;
    %load/vec4 v00000190ae0f2d80_0;
    %cmpi/e 4, 0, 4;
    %flag_mov 8, 4;
    %jmp/0 T_2.6, 8;
    %pushi/vec4 1, 0, 1;
    %jmp/1 T_2.7, 8;
T_2.6 ; End of true expr.
    %pushi/vec4 0, 0, 1;
    %jmp/0 T_2.7, 8;
 ; End of false expr.
    %blend;
T_2.7;
    %store/vec4 v00000190ae123b80_0, 0, 1;
    %load/vec4 v00000190ae0f2d80_0;
    %cmpi/e 6, 0, 4;
    %flag_mov 8, 4;
    %jmp/0 T_2.8, 8;
    %pushi/vec4 1, 0, 1;
    %jmp/1 T_2.9, 8;
T_2.8 ; End of true expr.
    %pushi/vec4 0, 0, 1;
    %jmp/0 T_2.9, 8;
 ; End of false expr.
    %blend;
T_2.9;
    %store/vec4 v00000190ae123720_0, 0, 1;
    %load/vec4 v00000190ae0f2d80_0;
    %cmpi/e 15, 0, 4;
    %jmp/1 T_2.12, 4;
    %flag_mov 8, 4;
    %load/vec4 v00000190ae0f2d80_0;
    %cmpi/e 2, 0, 4;
    %flag_or 4, 8;
T_2.12;
    %flag_mov 8, 4;
    %jmp/0 T_2.10, 8;
    %pushi/vec4 1, 0, 1;
    %jmp/1 T_2.11, 8;
T_2.10 ; End of true expr.
    %pushi/vec4 0, 0, 1;
    %jmp/0 T_2.11, 8;
 ; End of false expr.
    %blend;
T_2.11;
    %store/vec4 v00000190ae123ae0_0, 0, 1;
    %load/vec4 v00000190ae0f2d80_0;
    %cmpi/e 2, 0, 4;
    %flag_mov 8, 4;
    %jmp/0 T_2.13, 8;
    %pushi/vec4 0, 0, 1;
    %jmp/1 T_2.14, 8;
T_2.13 ; End of true expr.
    %pushi/vec4 1, 0, 1;
    %jmp/0 T_2.14, 8;
 ; End of false expr.
    %blend;
T_2.14;
    %store/vec4 v00000190ae1235e0_0, 0, 1;
    %load/vec4 v00000190ae0f2d80_0;
    %cmpi/e 2, 0, 4;
    %flag_mov 8, 4;
    %jmp/0 T_2.15, 8;
    %pushi/vec4 1, 0, 1;
    %jmp/1 T_2.16, 8;
T_2.15 ; End of true expr.
    %pushi/vec4 0, 0, 1;
    %jmp/0 T_2.16, 8;
 ; End of false expr.
    %blend;
T_2.16;
    %store/vec4 v00000190ae123860_0, 0, 1;
    %load/vec4 v00000190ae0f2d80_0;
    %dup/vec4;
    %pushi/vec4 0, 0, 4;
    %cmp/u;
    %jmp/1 T_2.17, 6;
    %dup/vec4;
    %pushi/vec4 1, 0, 4;
    %cmp/u;
    %jmp/1 T_2.18, 6;
    %dup/vec4;
    %pushi/vec4 4, 0, 4;
    %cmp/u;
    %jmp/1 T_2.19, 6;
    %dup/vec4;
    %pushi/vec4 2, 0, 4;
    %cmp/u;
    %jmp/1 T_2.20, 6;
    %dup/vec4;
    %pushi/vec4 5, 0, 4;
    %cmp/u;
    %jmp/1 T_2.21, 6;
    %dup/vec4;
    %pushi/vec4 6, 0, 4;
    %cmp/u;
    %jmp/1 T_2.22, 6;
    %dup/vec4;
    %pushi/vec4 15, 0, 4;
    %cmp/u;
    %jmp/1 T_2.23, 6;
    %pushi/vec4 14, 0, 4;
    %assign/vec4 v00000190ae1237c0_0, 0;
    %jmp T_2.25;
T_2.17 ;
    %pushi/vec4 0, 0, 4;
    %assign/vec4 v00000190ae1237c0_0, 0;
    %jmp T_2.25;
T_2.18 ;
    %pushi/vec4 1, 0, 4;
    %assign/vec4 v00000190ae1237c0_0, 0;
    %jmp T_2.25;
T_2.19 ;
    %pushi/vec4 4, 0, 4;
    %assign/vec4 v00000190ae1237c0_0, 0;
    %jmp T_2.25;
T_2.20 ;
    %pushi/vec4 2, 0, 4;
    %assign/vec4 v00000190ae1237c0_0, 0;
    %jmp T_2.25;
T_2.21 ;
    %pushi/vec4 5, 0, 4;
    %assign/vec4 v00000190ae1237c0_0, 0;
    %jmp T_2.25;
T_2.22 ;
    %pushi/vec4 6, 0, 4;
    %assign/vec4 v00000190ae1237c0_0, 0;
    %jmp T_2.25;
T_2.23 ;
    %pushi/vec4 15, 0, 4;
    %assign/vec4 v00000190ae1237c0_0, 0;
    %jmp T_2.25;
T_2.25 ;
    %pop/vec4 1;
    %jmp T_2;
    .thread T_2, $push;
# The file index is used to find the file name in the following table.
:file_names 3;
    "N/A";
    "<interactive>";
    "exp3_unidade_controle.v";
