#! /c/Source/iverilog-install/bin/vvp
:ivl_version "12.0 (devel)" "(s20150603-1539-g2693dd32b)";
:ivl_delay_selection "TYPICAL";
:vpi_time_precision + 0;
:vpi_module "C:\iverilog\lib\ivl\system.vpi";
:vpi_module "C:\iverilog\lib\ivl\vhdl_sys.vpi";
:vpi_module "C:\iverilog\lib\ivl\vhdl_textio.vpi";
:vpi_module "C:\iverilog\lib\ivl\v2005_math.vpi";
:vpi_module "C:\iverilog\lib\ivl\va_math.vpi";
S_000001c1dd325fd0 .scope module, "circuito_exp3" "circuito_exp3" 2 5;
 .timescale 0 0;
    .port_info 0 /INPUT 1 "clock";
    .port_info 1 /INPUT 1 "reset";
    .port_info 2 /INPUT 1 "iniciar";
    .port_info 3 /INPUT 4 "chaves";
    .port_info 4 /OUTPUT 1 "pronto";
    .port_info 5 /OUTPUT 1 "db_igual";
    .port_info 6 /OUTPUT 1 "db_iniciar";
    .port_info 7 /OUTPUT 7 "db_contagem";
    .port_info 8 /OUTPUT 7 "db_memoria";
    .port_info 9 /OUTPUT 7 "db_chaves";
    .port_info 10 /OUTPUT 7 "db_estado";
o000001c1dd34e698 .functor BUFZ 4, C4<zzzz>; HiZ drive
v000001c1dd3aa990_0 .net "chaves", 3 0, o000001c1dd34e698;  0 drivers
o000001c1dd34e368 .functor BUFZ 1, C4<z>; HiZ drive
v000001c1dd3aad50_0 .net "clock", 0 0, o000001c1dd34e368;  0 drivers
v000001c1dd3aaa30_0 .net "contaC", 0 0, v000001c1dd3a9770_0;  1 drivers
v000001c1dd3a93b0_0 .net "db_chaves", 6 0, v000001c1dd33c600_0;  1 drivers
v000001c1dd3a9590_0 .net "db_contagem", 6 0, v000001c1dd33cc40_0;  1 drivers
v000001c1dd3aa170_0 .net "db_estado", 6 0, v000001c1dd33c740_0;  1 drivers
v000001c1dd3aa3f0_0 .net "db_igual", 0 0, L_000001c1dd335580;  1 drivers
o000001c1dd34ed58 .functor BUFZ 1, C4<z>; HiZ drive
v000001c1dd3a98b0_0 .net "db_iniciar", 0 0, o000001c1dd34ed58;  0 drivers
v000001c1dd3aa2b0_0 .net "db_memoria", 6 0, v000001c1dd33d3c0_0;  1 drivers
v000001c1dd3a9270_0 .net "fimC", 0 0, v000001c1dd3a6bb0_0;  1 drivers
o000001c1dd34eae8 .functor BUFZ 1, C4<z>; HiZ drive
v000001c1dd3a99f0_0 .net "iniciar", 0 0, o000001c1dd34eae8;  0 drivers
v000001c1dd3aab70_0 .net "pronto", 0 0, v000001c1dd3aaf30_0;  1 drivers
v000001c1dd3aac10_0 .net "registraR", 0 0, v000001c1dd3aa350_0;  1 drivers
o000001c1dd34eb48 .functor BUFZ 1, C4<z>; HiZ drive
v000001c1dd3a9130_0 .net "reset", 0 0, o000001c1dd34eb48;  0 drivers
v000001c1dd3aa490_0 .net "s_chaves", 3 0, L_000001c1dd335900;  1 drivers
v000001c1dd3a9b30_0 .net "s_contagem", 3 0, L_000001c1dd335740;  1 drivers
v000001c1dd3aa530_0 .net "s_estado", 3 0, v000001c1dd3aa670_0;  1 drivers
v000001c1dd3a9090_0 .net "s_memoria", 3 0, L_000001c1dd335820;  1 drivers
v000001c1dd3a9e50_0 .net "zeraC", 0 0, v000001c1dd3a9d10_0;  1 drivers
v000001c1dd3a9310_0 .net "zeraR", 0 0, v000001c1dd3aa8f0_0;  1 drivers
S_000001c1dd322620 .scope module, "HEX0" "hexa7seg" 2 54, 3 23 0, S_000001c1dd325fd0;
 .timescale 0 0;
    .port_info 0 /INPUT 4 "hexa";
    .port_info 1 /OUTPUT 7 "display";
v000001c1dd33cc40_0 .var "display", 6 0;
v000001c1dd33d320_0 .net "hexa", 3 0, L_000001c1dd335740;  alias, 1 drivers
E_000001c1dd3473c0 .event anyedge, v000001c1dd33d320_0;
S_000001c1dd3227b0 .scope module, "HEX1" "hexa7seg" 2 59, 3 23 0, S_000001c1dd325fd0;
 .timescale 0 0;
    .port_info 0 /INPUT 4 "hexa";
    .port_info 1 /OUTPUT 7 "display";
v000001c1dd33d3c0_0 .var "display", 6 0;
v000001c1dd33cce0_0 .net "hexa", 3 0, L_000001c1dd335820;  alias, 1 drivers
E_000001c1dd347400 .event anyedge, v000001c1dd33cce0_0;
S_000001c1dd32fa00 .scope module, "HEX2" "hexa7seg" 2 49, 3 23 0, S_000001c1dd325fd0;
 .timescale 0 0;
    .port_info 0 /INPUT 4 "hexa";
    .port_info 1 /OUTPUT 7 "display";
v000001c1dd33c600_0 .var "display", 6 0;
v000001c1dd33c6a0_0 .net "hexa", 3 0, L_000001c1dd335900;  alias, 1 drivers
E_000001c1dd347500 .event anyedge, v000001c1dd33c6a0_0;
S_000001c1dd32fb90 .scope module, "HEX5" "hexa7seg" 2 64, 3 23 0, S_000001c1dd325fd0;
 .timescale 0 0;
    .port_info 0 /INPUT 4 "hexa";
    .port_info 1 /OUTPUT 7 "display";
v000001c1dd33c740_0 .var "display", 6 0;
v000001c1dd33c7e0_0 .net "hexa", 3 0, v000001c1dd3aa670_0;  alias, 1 drivers
E_000001c1dd346780 .event anyedge, v000001c1dd33c7e0_0;
S_000001c1dd32bef0 .scope module, "fd" "exp3_fluxo_dados" 2 35, 4 6 0, S_000001c1dd325fd0;
 .timescale 0 0;
    .port_info 0 /INPUT 1 "clock";
    .port_info 1 /INPUT 4 "chaves";
    .port_info 2 /INPUT 1 "zeraR";
    .port_info 3 /INPUT 1 "registraR";
    .port_info 4 /INPUT 1 "contaC";
    .port_info 5 /INPUT 1 "zeraC";
    .port_info 6 /OUTPUT 1 "chavesIgualMemoria";
    .port_info 7 /OUTPUT 1 "fimC";
    .port_info 8 /OUTPUT 4 "db_contagem";
    .port_info 9 /OUTPUT 4 "db_chaves";
    .port_info 10 /OUTPUT 4 "db_memoria";
L_000001c1dd334fd0 .functor NOT 1, v000001c1dd3a9d10_0, C4<0>, C4<0>, C4<0>;
L_000001c1dd335740 .functor BUFZ 4, v000001c1dd3a64d0_0, C4<0000>, C4<0000>, C4<0000>;
L_000001c1dd335820 .functor BUFZ 4, v000001c1dd3a6430_0, C4<0000>, C4<0000>, C4<0000>;
L_000001c1dd335900 .functor BUFZ 4, v000001c1dd3a7a10_0, C4<0000>, C4<0000>, C4<0000>;
v000001c1dd3a67f0_0 .net "chaves", 3 0, o000001c1dd34e698;  alias, 0 drivers
v000001c1dd3a6890_0 .net "chavesIgualMemoria", 0 0, L_000001c1dd335580;  alias, 1 drivers
v000001c1dd3a7b50_0 .net "clock", 0 0, o000001c1dd34e368;  alias, 0 drivers
v000001c1dd3a7bf0_0 .net "contaC", 0 0, v000001c1dd3a9770_0;  alias, 1 drivers
v000001c1dd3a7d30_0 .net "db_chaves", 3 0, L_000001c1dd335900;  alias, 1 drivers
v000001c1dd3a6110_0 .net "db_contagem", 3 0, L_000001c1dd335740;  alias, 1 drivers
v000001c1dd3a9a90_0 .net "db_memoria", 3 0, L_000001c1dd335820;  alias, 1 drivers
v000001c1dd3a9630_0 .net "fimC", 0 0, v000001c1dd3a6bb0_0;  alias, 1 drivers
v000001c1dd3a91d0_0 .net "registraR", 0 0, v000001c1dd3aa350_0;  alias, 1 drivers
v000001c1dd3aa210_0 .net "s_chaves", 3 0, v000001c1dd3a7a10_0;  1 drivers
v000001c1dd3aa710_0 .net "s_dado", 3 0, v000001c1dd3a6430_0;  1 drivers
v000001c1dd3a9810_0 .net "s_endereco", 3 0, v000001c1dd3a64d0_0;  1 drivers
v000001c1dd3a94f0_0 .net "zeraC", 0 0, v000001c1dd3a9d10_0;  alias, 1 drivers
v000001c1dd3aa7b0_0 .net "zeraR", 0 0, v000001c1dd3aa8f0_0;  alias, 1 drivers
S_000001c1dd32c080 .scope module, "comparador" "comparador_85" 4 35, 5 16 0, S_000001c1dd32bef0;
 .timescale 0 0;
    .port_info 0 /INPUT 1 "ALBi";
    .port_info 1 /INPUT 1 "AGBi";
    .port_info 2 /INPUT 1 "AEBi";
    .port_info 3 /INPUT 4 "A";
    .port_info 4 /INPUT 4 "B";
    .port_info 5 /OUTPUT 1 "ALBo";
    .port_info 6 /OUTPUT 1 "AGBo";
    .port_info 7 /OUTPUT 1 "AEBo";
L_000001c1dd335040 .functor NOT 5, L_000001c1dd3a9bd0, C4<00000>, C4<00000>, C4<00000>;
L_000001c1dd3350b0 .functor NOT 1, L_000001c1dd3aadf0, C4<0>, C4<0>, C4<0>;
L_000001c1dd335120 .functor NOT 5, L_000001c1dd3a9ef0, C4<00000>, C4<00000>, C4<00000>;
L_000001c1dd3354a0 .functor NOT 1, L_000001c1dd3a9450, C4<0>, C4<0>, C4<0>;
L_000001c1dd3d0310 .functor BUFT 1, C4<1>, C4<0>, C4<0>, C4<0>;
L_000001c1dd335580 .functor AND 1, L_000001c1dd3adf10, L_000001c1dd3d0310, C4<1>, C4<1>;
v000001c1dd3a6250_0 .net "A", 3 0, v000001c1dd3a6430_0;  alias, 1 drivers
v000001c1dd3a6570_0 .net "AEBi", 0 0, L_000001c1dd3d0310;  1 drivers
v000001c1dd3a62f0_0 .net "AEBo", 0 0, L_000001c1dd335580;  alias, 1 drivers
L_000001c1dd3d02c8 .functor BUFT 1, C4<0>, C4<0>, C4<0>, C4<0>;
v000001c1dd3a6b10_0 .net "AGBi", 0 0, L_000001c1dd3d02c8;  1 drivers
v000001c1dd3a7470_0 .net "AGBo", 0 0, L_000001c1dd3354a0;  1 drivers
L_000001c1dd3d0280 .functor BUFT 1, C4<0>, C4<0>, C4<0>, C4<0>;
v000001c1dd3a78d0_0 .net "ALBi", 0 0, L_000001c1dd3d0280;  1 drivers
v000001c1dd3a6e30_0 .net "ALBo", 0 0, L_000001c1dd3350b0;  1 drivers
v000001c1dd3a6c50_0 .net "B", 3 0, v000001c1dd3a7a10_0;  alias, 1 drivers
v000001c1dd3a66b0_0 .net "CSG", 4 0, L_000001c1dd3aa030;  1 drivers
v000001c1dd3a6cf0_0 .net "CSL", 4 0, L_000001c1dd3aacb0;  1 drivers
v000001c1dd3a6f70_0 .net *"_ivl_0", 4 0, L_000001c1dd3a9bd0;  1 drivers
v000001c1dd3a7970_0 .net *"_ivl_10", 4 0, L_000001c1dd3a9c70;  1 drivers
L_000001c1dd3d0358 .functor BUFT 1, C4<00000>, C4<0>, C4<0>, C4<0>;
v000001c1dd3a6390_0 .net *"_ivl_12", 4 0, L_000001c1dd3d0358;  1 drivers
v000001c1dd3a6d90_0 .net *"_ivl_19", 0 0, L_000001c1dd3aadf0;  1 drivers
v000001c1dd3a7dd0_0 .net *"_ivl_22", 4 0, L_000001c1dd3aae90;  1 drivers
L_000001c1dd3d01f0 .functor BUFT 1, C4<0>, C4<0>, C4<0>, C4<0>;
v000001c1dd3a7330_0 .net *"_ivl_25", 0 0, L_000001c1dd3d01f0;  1 drivers
v000001c1dd3a6a70_0 .net *"_ivl_26", 4 0, L_000001c1dd3a9ef0;  1 drivers
L_000001c1dd3d0238 .functor BUFT 1, C4<0>, C4<0>, C4<0>, C4<0>;
v000001c1dd3a69d0_0 .net *"_ivl_29", 0 0, L_000001c1dd3d0238;  1 drivers
L_000001c1dd3d0160 .functor BUFT 1, C4<0>, C4<0>, C4<0>, C4<0>;
v000001c1dd3a6930_0 .net *"_ivl_3", 0 0, L_000001c1dd3d0160;  1 drivers
v000001c1dd3a6750_0 .net *"_ivl_30", 4 0, L_000001c1dd335120;  1 drivers
v000001c1dd3a70b0_0 .net *"_ivl_32", 4 0, L_000001c1dd3a9f90;  1 drivers
L_000001c1dd3d03a0 .functor BUFT 1, C4<00000>, C4<0>, C4<0>, C4<0>;
v000001c1dd3a7150_0 .net *"_ivl_34", 4 0, L_000001c1dd3d03a0;  1 drivers
v000001c1dd3a6ed0_0 .net *"_ivl_4", 4 0, L_000001c1dd335040;  1 drivers
v000001c1dd3a73d0_0 .net *"_ivl_41", 0 0, L_000001c1dd3a9450;  1 drivers
v000001c1dd3a7ab0_0 .net *"_ivl_44", 0 0, L_000001c1dd3adf10;  1 drivers
v000001c1dd3a7010_0 .net *"_ivl_6", 4 0, L_000001c1dd3aa5d0;  1 drivers
L_000001c1dd3d01a8 .functor BUFT 1, C4<0>, C4<0>, C4<0>, C4<0>;
v000001c1dd3a76f0_0 .net *"_ivl_9", 0 0, L_000001c1dd3d01a8;  1 drivers
L_000001c1dd3a9bd0 .concat [ 4 1 0 0], v000001c1dd3a6430_0, L_000001c1dd3d0160;
L_000001c1dd3aa5d0 .concat [ 4 1 0 0], v000001c1dd3a7a10_0, L_000001c1dd3d01a8;
L_000001c1dd3a9c70 .arith/sum 5, L_000001c1dd335040, L_000001c1dd3aa5d0;
L_000001c1dd3aacb0 .arith/sum 5, L_000001c1dd3a9c70, L_000001c1dd3d0358;
L_000001c1dd3aadf0 .part L_000001c1dd3aacb0, 4, 1;
L_000001c1dd3aae90 .concat [ 4 1 0 0], v000001c1dd3a6430_0, L_000001c1dd3d01f0;
L_000001c1dd3a9ef0 .concat [ 4 1 0 0], v000001c1dd3a7a10_0, L_000001c1dd3d0238;
L_000001c1dd3a9f90 .arith/sum 5, L_000001c1dd3aae90, L_000001c1dd335120;
L_000001c1dd3aa030 .arith/sum 5, L_000001c1dd3a9f90, L_000001c1dd3d03a0;
L_000001c1dd3a9450 .part L_000001c1dd3aa030, 4, 1;
L_000001c1dd3adf10 .cmp/eq 4, v000001c1dd3a6430_0, v000001c1dd3a7a10_0;
S_000001c1dd31b690 .scope module, "contador" "contador_163" 4 23, 6 16 0, S_000001c1dd32bef0;
 .timescale 0 0;
    .port_info 0 /INPUT 1 "clock";
    .port_info 1 /INPUT 1 "clr";
    .port_info 2 /INPUT 1 "ld";
    .port_info 3 /INPUT 1 "ent";
    .port_info 4 /INPUT 1 "enp";
    .port_info 5 /INPUT 4 "D";
    .port_info 6 /OUTPUT 4 "Q";
    .port_info 7 /OUTPUT 1 "rco";
L_000001c1dd3d0118 .functor BUFT 1, C4<0000>, C4<0>, C4<0>, C4<0>;
v000001c1dd3a7e70_0 .net "D", 3 0, L_000001c1dd3d0118;  1 drivers
v000001c1dd3a64d0_0 .var "Q", 3 0;
v000001c1dd3a7510_0 .net "clock", 0 0, o000001c1dd34e368;  alias, 0 drivers
v000001c1dd3a71f0_0 .net "clr", 0 0, L_000001c1dd334fd0;  1 drivers
v000001c1dd3a7290_0 .net "enp", 0 0, v000001c1dd3a9770_0;  alias, 1 drivers
L_000001c1dd3d00d0 .functor BUFT 1, C4<1>, C4<0>, C4<0>, C4<0>;
v000001c1dd3a61b0_0 .net "ent", 0 0, L_000001c1dd3d00d0;  1 drivers
L_000001c1dd3d0088 .functor BUFT 1, C4<1>, C4<0>, C4<0>, C4<0>;
v000001c1dd3a7c90_0 .net "ld", 0 0, L_000001c1dd3d0088;  1 drivers
v000001c1dd3a6bb0_0 .var "rco", 0 0;
E_000001c1dd346880 .event anyedge, v000001c1dd3a61b0_0, v000001c1dd3a64d0_0;
E_000001c1dd3468c0 .event posedge, v000001c1dd3a7510_0;
S_000001c1dd31b820 .scope module, "memoria" "sync_rom_16x4" 4 47, 7 13 0, S_000001c1dd32bef0;
 .timescale 0 0;
    .port_info 0 /INPUT 1 "clock";
    .port_info 1 /INPUT 4 "address";
    .port_info 2 /OUTPUT 4 "data_out";
v000001c1dd3a75b0_0 .net "address", 3 0, v000001c1dd3a64d0_0;  alias, 1 drivers
v000001c1dd3a7f10_0 .net "clock", 0 0, o000001c1dd34e368;  alias, 0 drivers
v000001c1dd3a6430_0 .var "data_out", 3 0;
S_000001c1dd31edf0 .scope module, "registrador" "registrador_4" 4 55, 8 13 0, S_000001c1dd32bef0;
 .timescale 0 0;
    .port_info 0 /INPUT 1 "clock";
    .port_info 1 /INPUT 1 "clear";
    .port_info 2 /INPUT 1 "enable";
    .port_info 3 /INPUT 4 "D";
    .port_info 4 /OUTPUT 4 "Q";
v000001c1dd3a7650_0 .net "D", 3 0, o000001c1dd34e698;  alias, 0 drivers
v000001c1dd3a7a10_0 .var "IQ", 3 0;
v000001c1dd3a6610_0 .net "Q", 3 0, v000001c1dd3a7a10_0;  alias, 1 drivers
v000001c1dd3a6070_0 .net "clear", 0 0, v000001c1dd3aa8f0_0;  alias, 1 drivers
v000001c1dd3a7790_0 .net "clock", 0 0, o000001c1dd34e368;  alias, 0 drivers
v000001c1dd3a7830_0 .net "enable", 0 0, v000001c1dd3aa350_0;  alias, 1 drivers
E_000001c1dd346b00 .event posedge, v000001c1dd3a6070_0, v000001c1dd3a7510_0;
S_000001c1dd31ef80 .scope module, "uc" "exp3_unidade_controle" 2 22, 9 16 0, S_000001c1dd325fd0;
 .timescale 0 0;
    .port_info 0 /INPUT 1 "clock";
    .port_info 1 /INPUT 1 "reset";
    .port_info 2 /INPUT 1 "iniciar";
    .port_info 3 /INPUT 1 "fimC";
    .port_info 4 /OUTPUT 1 "zeraC";
    .port_info 5 /OUTPUT 1 "contaC";
    .port_info 6 /OUTPUT 1 "zeraR";
    .port_info 7 /OUTPUT 1 "registraR";
    .port_info 8 /OUTPUT 1 "pronto";
    .port_info 9 /OUTPUT 4 "db_estado";
P_000001c1dd31f110 .param/l "comparacao" 0 9 33, C4<0101>;
P_000001c1dd31f148 .param/l "fim" 0 9 35, C4<1111>;
P_000001c1dd31f180 .param/l "inicial" 0 9 30, C4<0000>;
P_000001c1dd31f1b8 .param/l "preparacao" 0 9 31, C4<0001>;
P_000001c1dd31f1f0 .param/l "proximo" 0 9 34, C4<0110>;
P_000001c1dd31f228 .param/l "registra" 0 9 32, C4<0100>;
v000001c1dd3a9db0_0 .var "Eatual", 3 0;
v000001c1dd3a96d0_0 .var "Eprox", 3 0;
v000001c1dd3a9950_0 .net "clock", 0 0, o000001c1dd34e368;  alias, 0 drivers
v000001c1dd3a9770_0 .var "contaC", 0 0;
v000001c1dd3aa670_0 .var "db_estado", 3 0;
v000001c1dd3aa0d0_0 .net "fimC", 0 0, v000001c1dd3a6bb0_0;  alias, 1 drivers
v000001c1dd3aa850_0 .net "iniciar", 0 0, o000001c1dd34eae8;  alias, 0 drivers
v000001c1dd3aaf30_0 .var "pronto", 0 0;
v000001c1dd3aa350_0 .var "registraR", 0 0;
v000001c1dd3aaad0_0 .net "reset", 0 0, o000001c1dd34eb48;  alias, 0 drivers
v000001c1dd3a9d10_0 .var "zeraC", 0 0;
v000001c1dd3aa8f0_0 .var "zeraR", 0 0;
E_000001c1dd346c80 .event anyedge, v000001c1dd3a9db0_0;
E_000001c1dd346b40 .event anyedge, v000001c1dd3a9db0_0, v000001c1dd3aa850_0, v000001c1dd3a6bb0_0;
E_000001c1dd346bc0 .event posedge, v000001c1dd3aaad0_0, v000001c1dd3a7510_0;
    .scope S_000001c1dd31ef80;
T_0 ;
    %wait E_000001c1dd346bc0;
    %load/vec4 v000001c1dd3aaad0_0;
    %flag_set/vec4 8;
    %jmp/0xz  T_0.0, 8;
    %pushi/vec4 0, 0, 4;
    %assign/vec4 v000001c1dd3a9db0_0, 0;
    %jmp T_0.1;
T_0.0 ;
    %load/vec4 v000001c1dd3a96d0_0;
    %assign/vec4 v000001c1dd3a9db0_0, 0;
T_0.1 ;
    %jmp T_0;
    .thread T_0;
    .scope S_000001c1dd31ef80;
T_1 ;
    %wait E_000001c1dd346b40;
    %load/vec4 v000001c1dd3a9db0_0;
    %dup/vec4;
    %pushi/vec4 0, 0, 4;
    %cmp/u;
    %jmp/1 T_1.0, 6;
    %dup/vec4;
    %pushi/vec4 1, 0, 4;
    %cmp/u;
    %jmp/1 T_1.1, 6;
    %dup/vec4;
    %pushi/vec4 4, 0, 4;
    %cmp/u;
    %jmp/1 T_1.2, 6;
    %dup/vec4;
    %pushi/vec4 5, 0, 4;
    %cmp/u;
    %jmp/1 T_1.3, 6;
    %dup/vec4;
    %pushi/vec4 6, 0, 4;
    %cmp/u;
    %jmp/1 T_1.4, 6;
    %dup/vec4;
    %pushi/vec4 15, 0, 4;
    %cmp/u;
    %jmp/1 T_1.5, 6;
    %pushi/vec4 0, 0, 4;
    %store/vec4 v000001c1dd3a96d0_0, 0, 4;
    %jmp T_1.7;
T_1.0 ;
    %load/vec4 v000001c1dd3aa850_0;
    %flag_set/vec4 8;
    %jmp/0 T_1.8, 8;
    %pushi/vec4 1, 0, 4;
    %jmp/1 T_1.9, 8;
T_1.8 ; End of true expr.
    %pushi/vec4 0, 0, 4;
    %jmp/0 T_1.9, 8;
 ; End of false expr.
    %blend;
T_1.9;
    %store/vec4 v000001c1dd3a96d0_0, 0, 4;
    %jmp T_1.7;
T_1.1 ;
    %pushi/vec4 4, 0, 4;
    %store/vec4 v000001c1dd3a96d0_0, 0, 4;
    %jmp T_1.7;
T_1.2 ;
    %pushi/vec4 5, 0, 4;
    %store/vec4 v000001c1dd3a96d0_0, 0, 4;
    %jmp T_1.7;
T_1.3 ;
    %load/vec4 v000001c1dd3aa0d0_0;
    %flag_set/vec4 8;
    %jmp/0 T_1.10, 8;
    %pushi/vec4 15, 0, 4;
    %jmp/1 T_1.11, 8;
T_1.10 ; End of true expr.
    %pushi/vec4 6, 0, 4;
    %jmp/0 T_1.11, 8;
 ; End of false expr.
    %blend;
T_1.11;
    %store/vec4 v000001c1dd3a96d0_0, 0, 4;
    %jmp T_1.7;
T_1.4 ;
    %pushi/vec4 4, 0, 4;
    %store/vec4 v000001c1dd3a96d0_0, 0, 4;
    %jmp T_1.7;
T_1.5 ;
    %pushi/vec4 0, 0, 4;
    %store/vec4 v000001c1dd3a96d0_0, 0, 4;
    %jmp T_1.7;
T_1.7 ;
    %pop/vec4 1;
    %jmp T_1;
    .thread T_1, $push;
    .scope S_000001c1dd31ef80;
T_2 ;
    %wait E_000001c1dd346c80;
    %load/vec4 v000001c1dd3a9db0_0;
    %cmpi/e 0, 0, 4;
    %jmp/1 T_2.2, 4;
    %flag_mov 8, 4;
    %load/vec4 v000001c1dd3a9db0_0;
    %cmpi/e 1, 0, 4;
    %flag_or 4, 8;
T_2.2;
    %flag_mov 8, 4;
    %jmp/0 T_2.0, 8;
    %pushi/vec4 1, 0, 1;
    %jmp/1 T_2.1, 8;
T_2.0 ; End of true expr.
    %pushi/vec4 0, 0, 1;
    %jmp/0 T_2.1, 8;
 ; End of false expr.
    %blend;
T_2.1;
    %store/vec4 v000001c1dd3a9d10_0, 0, 1;
    %load/vec4 v000001c1dd3a9db0_0;
    %cmpi/e 0, 0, 4;
    %jmp/1 T_2.5, 4;
    %flag_mov 8, 4;
    %load/vec4 v000001c1dd3a9db0_0;
    %cmpi/e 1, 0, 4;
    %flag_or 4, 8;
T_2.5;
    %flag_mov 8, 4;
    %jmp/0 T_2.3, 8;
    %pushi/vec4 1, 0, 1;
    %jmp/1 T_2.4, 8;
T_2.3 ; End of true expr.
    %pushi/vec4 0, 0, 1;
    %jmp/0 T_2.4, 8;
 ; End of false expr.
    %blend;
T_2.4;
    %store/vec4 v000001c1dd3aa8f0_0, 0, 1;
    %load/vec4 v000001c1dd3a9db0_0;
    %cmpi/e 4, 0, 4;
    %flag_mov 8, 4;
    %jmp/0 T_2.6, 8;
    %pushi/vec4 1, 0, 1;
    %jmp/1 T_2.7, 8;
T_2.6 ; End of true expr.
    %pushi/vec4 0, 0, 1;
    %jmp/0 T_2.7, 8;
 ; End of false expr.
    %blend;
T_2.7;
    %store/vec4 v000001c1dd3aa350_0, 0, 1;
    %load/vec4 v000001c1dd3a9db0_0;
    %cmpi/e 6, 0, 4;
    %flag_mov 8, 4;
    %jmp/0 T_2.8, 8;
    %pushi/vec4 1, 0, 1;
    %jmp/1 T_2.9, 8;
T_2.8 ; End of true expr.
    %pushi/vec4 0, 0, 1;
    %jmp/0 T_2.9, 8;
 ; End of false expr.
    %blend;
T_2.9;
    %store/vec4 v000001c1dd3a9770_0, 0, 1;
    %load/vec4 v000001c1dd3a9db0_0;
    %cmpi/e 15, 0, 4;
    %flag_mov 8, 4;
    %jmp/0 T_2.10, 8;
    %pushi/vec4 1, 0, 1;
    %jmp/1 T_2.11, 8;
T_2.10 ; End of true expr.
    %pushi/vec4 0, 0, 1;
    %jmp/0 T_2.11, 8;
 ; End of false expr.
    %blend;
T_2.11;
    %store/vec4 v000001c1dd3aaf30_0, 0, 1;
    %load/vec4 v000001c1dd3a9db0_0;
    %dup/vec4;
    %pushi/vec4 0, 0, 4;
    %cmp/u;
    %jmp/1 T_2.12, 6;
    %dup/vec4;
    %pushi/vec4 1, 0, 4;
    %cmp/u;
    %jmp/1 T_2.13, 6;
    %dup/vec4;
    %pushi/vec4 4, 0, 4;
    %cmp/u;
    %jmp/1 T_2.14, 6;
    %dup/vec4;
    %pushi/vec4 5, 0, 4;
    %cmp/u;
    %jmp/1 T_2.15, 6;
    %dup/vec4;
    %pushi/vec4 6, 0, 4;
    %cmp/u;
    %jmp/1 T_2.16, 6;
    %dup/vec4;
    %pushi/vec4 15, 0, 4;
    %cmp/u;
    %jmp/1 T_2.17, 6;
    %pushi/vec4 14, 0, 4;
    %store/vec4 v000001c1dd3aa670_0, 0, 4;
    %jmp T_2.19;
T_2.12 ;
    %pushi/vec4 0, 0, 4;
    %store/vec4 v000001c1dd3aa670_0, 0, 4;
    %jmp T_2.19;
T_2.13 ;
    %pushi/vec4 1, 0, 4;
    %store/vec4 v000001c1dd3aa670_0, 0, 4;
    %jmp T_2.19;
T_2.14 ;
    %pushi/vec4 4, 0, 4;
    %store/vec4 v000001c1dd3aa670_0, 0, 4;
    %jmp T_2.19;
T_2.15 ;
    %pushi/vec4 5, 0, 4;
    %store/vec4 v000001c1dd3aa670_0, 0, 4;
    %jmp T_2.19;
T_2.16 ;
    %pushi/vec4 6, 0, 4;
    %store/vec4 v000001c1dd3aa670_0, 0, 4;
    %jmp T_2.19;
T_2.17 ;
    %pushi/vec4 15, 0, 4;
    %store/vec4 v000001c1dd3aa670_0, 0, 4;
    %jmp T_2.19;
T_2.19 ;
    %pop/vec4 1;
    %jmp T_2;
    .thread T_2, $push;
    .scope S_000001c1dd31b690;
T_3 ;
    %wait E_000001c1dd3468c0;
    %load/vec4 v000001c1dd3a71f0_0;
    %inv;
    %flag_set/vec4 8;
    %jmp/0xz  T_3.0, 8;
    %pushi/vec4 0, 0, 4;
    %assign/vec4 v000001c1dd3a64d0_0, 0;
    %jmp T_3.1;
T_3.0 ;
    %load/vec4 v000001c1dd3a7c90_0;
    %inv;
    %flag_set/vec4 8;
    %jmp/0xz  T_3.2, 8;
    %load/vec4 v000001c1dd3a7e70_0;
    %assign/vec4 v000001c1dd3a64d0_0, 0;
    %jmp T_3.3;
T_3.2 ;
    %load/vec4 v000001c1dd3a61b0_0;
    %flag_set/vec4 9;
    %flag_get/vec4 9;
    %jmp/0 T_3.6, 9;
    %load/vec4 v000001c1dd3a7290_0;
    %and;
T_3.6;
    %flag_set/vec4 8;
    %jmp/0xz  T_3.4, 8;
    %load/vec4 v000001c1dd3a64d0_0;
    %addi 1, 0, 4;
    %assign/vec4 v000001c1dd3a64d0_0, 0;
    %jmp T_3.5;
T_3.4 ;
    %load/vec4 v000001c1dd3a64d0_0;
    %assign/vec4 v000001c1dd3a64d0_0, 0;
T_3.5 ;
T_3.3 ;
T_3.1 ;
    %jmp T_3;
    .thread T_3;
    .scope S_000001c1dd31b690;
T_4 ;
    %wait E_000001c1dd346880;
    %load/vec4 v000001c1dd3a61b0_0;
    %flag_set/vec4 9;
    %flag_get/vec4 9;
    %jmp/0 T_4.2, 9;
    %load/vec4 v000001c1dd3a64d0_0;
    %pushi/vec4 15, 0, 4;
    %cmp/e;
    %flag_get/vec4 4;
    %and;
T_4.2;
    %flag_set/vec4 8;
    %jmp/0xz  T_4.0, 8;
    %pushi/vec4 1, 0, 1;
    %store/vec4 v000001c1dd3a6bb0_0, 0, 1;
    %jmp T_4.1;
T_4.0 ;
    %pushi/vec4 0, 0, 1;
    %store/vec4 v000001c1dd3a6bb0_0, 0, 1;
T_4.1 ;
    %jmp T_4;
    .thread T_4, $push;
    .scope S_000001c1dd31b820;
T_5 ;
    %wait E_000001c1dd3468c0;
    %load/vec4 v000001c1dd3a75b0_0;
    %dup/vec4;
    %pushi/vec4 0, 0, 4;
    %cmp/u;
    %jmp/1 T_5.0, 6;
    %dup/vec4;
    %pushi/vec4 1, 0, 4;
    %cmp/u;
    %jmp/1 T_5.1, 6;
    %dup/vec4;
    %pushi/vec4 2, 0, 4;
    %cmp/u;
    %jmp/1 T_5.2, 6;
    %dup/vec4;
    %pushi/vec4 3, 0, 4;
    %cmp/u;
    %jmp/1 T_5.3, 6;
    %dup/vec4;
    %pushi/vec4 4, 0, 4;
    %cmp/u;
    %jmp/1 T_5.4, 6;
    %dup/vec4;
    %pushi/vec4 5, 0, 4;
    %cmp/u;
    %jmp/1 T_5.5, 6;
    %dup/vec4;
    %pushi/vec4 6, 0, 4;
    %cmp/u;
    %jmp/1 T_5.6, 6;
    %dup/vec4;
    %pushi/vec4 7, 0, 4;
    %cmp/u;
    %jmp/1 T_5.7, 6;
    %dup/vec4;
    %pushi/vec4 8, 0, 4;
    %cmp/u;
    %jmp/1 T_5.8, 6;
    %dup/vec4;
    %pushi/vec4 9, 0, 4;
    %cmp/u;
    %jmp/1 T_5.9, 6;
    %dup/vec4;
    %pushi/vec4 10, 0, 4;
    %cmp/u;
    %jmp/1 T_5.10, 6;
    %dup/vec4;
    %pushi/vec4 11, 0, 4;
    %cmp/u;
    %jmp/1 T_5.11, 6;
    %dup/vec4;
    %pushi/vec4 12, 0, 4;
    %cmp/u;
    %jmp/1 T_5.12, 6;
    %dup/vec4;
    %pushi/vec4 13, 0, 4;
    %cmp/u;
    %jmp/1 T_5.13, 6;
    %dup/vec4;
    %pushi/vec4 14, 0, 4;
    %cmp/u;
    %jmp/1 T_5.14, 6;
    %dup/vec4;
    %pushi/vec4 15, 0, 4;
    %cmp/u;
    %jmp/1 T_5.15, 6;
    %jmp T_5.16;
T_5.0 ;
    %pushi/vec4 1, 0, 4;
    %store/vec4 v000001c1dd3a6430_0, 0, 4;
    %jmp T_5.16;
T_5.1 ;
    %pushi/vec4 2, 0, 4;
    %store/vec4 v000001c1dd3a6430_0, 0, 4;
    %jmp T_5.16;
T_5.2 ;
    %pushi/vec4 4, 0, 4;
    %store/vec4 v000001c1dd3a6430_0, 0, 4;
    %jmp T_5.16;
T_5.3 ;
    %pushi/vec4 8, 0, 4;
    %store/vec4 v000001c1dd3a6430_0, 0, 4;
    %jmp T_5.16;
T_5.4 ;
    %pushi/vec4 4, 0, 4;
    %store/vec4 v000001c1dd3a6430_0, 0, 4;
    %jmp T_5.16;
T_5.5 ;
    %pushi/vec4 2, 0, 4;
    %store/vec4 v000001c1dd3a6430_0, 0, 4;
    %jmp T_5.16;
T_5.6 ;
    %pushi/vec4 1, 0, 4;
    %store/vec4 v000001c1dd3a6430_0, 0, 4;
    %jmp T_5.16;
T_5.7 ;
    %pushi/vec4 1, 0, 4;
    %store/vec4 v000001c1dd3a6430_0, 0, 4;
    %jmp T_5.16;
T_5.8 ;
    %pushi/vec4 2, 0, 4;
    %store/vec4 v000001c1dd3a6430_0, 0, 4;
    %jmp T_5.16;
T_5.9 ;
    %pushi/vec4 2, 0, 4;
    %store/vec4 v000001c1dd3a6430_0, 0, 4;
    %jmp T_5.16;
T_5.10 ;
    %pushi/vec4 4, 0, 4;
    %store/vec4 v000001c1dd3a6430_0, 0, 4;
    %jmp T_5.16;
T_5.11 ;
    %pushi/vec4 4, 0, 4;
    %store/vec4 v000001c1dd3a6430_0, 0, 4;
    %jmp T_5.16;
T_5.12 ;
    %pushi/vec4 8, 0, 4;
    %store/vec4 v000001c1dd3a6430_0, 0, 4;
    %jmp T_5.16;
T_5.13 ;
    %pushi/vec4 8, 0, 4;
    %store/vec4 v000001c1dd3a6430_0, 0, 4;
    %jmp T_5.16;
T_5.14 ;
    %pushi/vec4 1, 0, 4;
    %store/vec4 v000001c1dd3a6430_0, 0, 4;
    %jmp T_5.16;
T_5.15 ;
    %pushi/vec4 4, 0, 4;
    %store/vec4 v000001c1dd3a6430_0, 0, 4;
    %jmp T_5.16;
T_5.16 ;
    %pop/vec4 1;
    %jmp T_5;
    .thread T_5;
    .scope S_000001c1dd31edf0;
T_6 ;
    %wait E_000001c1dd346b00;
    %load/vec4 v000001c1dd3a6070_0;
    %flag_set/vec4 8;
    %jmp/0xz  T_6.0, 8;
    %pushi/vec4 0, 0, 4;
    %assign/vec4 v000001c1dd3a7a10_0, 0;
    %jmp T_6.1;
T_6.0 ;
    %load/vec4 v000001c1dd3a7830_0;
    %flag_set/vec4 8;
    %jmp/0xz  T_6.2, 8;
    %load/vec4 v000001c1dd3a7650_0;
    %assign/vec4 v000001c1dd3a7a10_0, 0;
T_6.2 ;
T_6.1 ;
    %jmp T_6;
    .thread T_6;
    .scope S_000001c1dd32fa00;
T_7 ;
    %wait E_000001c1dd347500;
    %load/vec4 v000001c1dd33c6a0_0;
    %dup/vec4;
    %pushi/vec4 0, 0, 4;
    %cmp/u;
    %jmp/1 T_7.0, 6;
    %dup/vec4;
    %pushi/vec4 1, 0, 4;
    %cmp/u;
    %jmp/1 T_7.1, 6;
    %dup/vec4;
    %pushi/vec4 2, 0, 4;
    %cmp/u;
    %jmp/1 T_7.2, 6;
    %dup/vec4;
    %pushi/vec4 3, 0, 4;
    %cmp/u;
    %jmp/1 T_7.3, 6;
    %dup/vec4;
    %pushi/vec4 4, 0, 4;
    %cmp/u;
    %jmp/1 T_7.4, 6;
    %dup/vec4;
    %pushi/vec4 5, 0, 4;
    %cmp/u;
    %jmp/1 T_7.5, 6;
    %dup/vec4;
    %pushi/vec4 6, 0, 4;
    %cmp/u;
    %jmp/1 T_7.6, 6;
    %dup/vec4;
    %pushi/vec4 7, 0, 4;
    %cmp/u;
    %jmp/1 T_7.7, 6;
    %dup/vec4;
    %pushi/vec4 8, 0, 4;
    %cmp/u;
    %jmp/1 T_7.8, 6;
    %dup/vec4;
    %pushi/vec4 9, 0, 4;
    %cmp/u;
    %jmp/1 T_7.9, 6;
    %dup/vec4;
    %pushi/vec4 10, 0, 4;
    %cmp/u;
    %jmp/1 T_7.10, 6;
    %dup/vec4;
    %pushi/vec4 11, 0, 4;
    %cmp/u;
    %jmp/1 T_7.11, 6;
    %dup/vec4;
    %pushi/vec4 12, 0, 4;
    %cmp/u;
    %jmp/1 T_7.12, 6;
    %dup/vec4;
    %pushi/vec4 13, 0, 4;
    %cmp/u;
    %jmp/1 T_7.13, 6;
    %dup/vec4;
    %pushi/vec4 14, 0, 4;
    %cmp/u;
    %jmp/1 T_7.14, 6;
    %dup/vec4;
    %pushi/vec4 15, 0, 4;
    %cmp/u;
    %jmp/1 T_7.15, 6;
    %pushi/vec4 127, 0, 7;
    %store/vec4 v000001c1dd33c600_0, 0, 7;
    %jmp T_7.17;
T_7.0 ;
    %pushi/vec4 64, 0, 7;
    %store/vec4 v000001c1dd33c600_0, 0, 7;
    %jmp T_7.17;
T_7.1 ;
    %pushi/vec4 121, 0, 7;
    %store/vec4 v000001c1dd33c600_0, 0, 7;
    %jmp T_7.17;
T_7.2 ;
    %pushi/vec4 36, 0, 7;
    %store/vec4 v000001c1dd33c600_0, 0, 7;
    %jmp T_7.17;
T_7.3 ;
    %pushi/vec4 48, 0, 7;
    %store/vec4 v000001c1dd33c600_0, 0, 7;
    %jmp T_7.17;
T_7.4 ;
    %pushi/vec4 25, 0, 7;
    %store/vec4 v000001c1dd33c600_0, 0, 7;
    %jmp T_7.17;
T_7.5 ;
    %pushi/vec4 18, 0, 7;
    %store/vec4 v000001c1dd33c600_0, 0, 7;
    %jmp T_7.17;
T_7.6 ;
    %pushi/vec4 2, 0, 7;
    %store/vec4 v000001c1dd33c600_0, 0, 7;
    %jmp T_7.17;
T_7.7 ;
    %pushi/vec4 120, 0, 7;
    %store/vec4 v000001c1dd33c600_0, 0, 7;
    %jmp T_7.17;
T_7.8 ;
    %pushi/vec4 0, 0, 7;
    %store/vec4 v000001c1dd33c600_0, 0, 7;
    %jmp T_7.17;
T_7.9 ;
    %pushi/vec4 16, 0, 7;
    %store/vec4 v000001c1dd33c600_0, 0, 7;
    %jmp T_7.17;
T_7.10 ;
    %pushi/vec4 8, 0, 7;
    %store/vec4 v000001c1dd33c600_0, 0, 7;
    %jmp T_7.17;
T_7.11 ;
    %pushi/vec4 3, 0, 7;
    %store/vec4 v000001c1dd33c600_0, 0, 7;
    %jmp T_7.17;
T_7.12 ;
    %pushi/vec4 70, 0, 7;
    %store/vec4 v000001c1dd33c600_0, 0, 7;
    %jmp T_7.17;
T_7.13 ;
    %pushi/vec4 33, 0, 7;
    %store/vec4 v000001c1dd33c600_0, 0, 7;
    %jmp T_7.17;
T_7.14 ;
    %pushi/vec4 6, 0, 7;
    %store/vec4 v000001c1dd33c600_0, 0, 7;
    %jmp T_7.17;
T_7.15 ;
    %pushi/vec4 14, 0, 7;
    %store/vec4 v000001c1dd33c600_0, 0, 7;
    %jmp T_7.17;
T_7.17 ;
    %pop/vec4 1;
    %jmp T_7;
    .thread T_7, $push;
    .scope S_000001c1dd322620;
T_8 ;
    %wait E_000001c1dd3473c0;
    %load/vec4 v000001c1dd33d320_0;
    %dup/vec4;
    %pushi/vec4 0, 0, 4;
    %cmp/u;
    %jmp/1 T_8.0, 6;
    %dup/vec4;
    %pushi/vec4 1, 0, 4;
    %cmp/u;
    %jmp/1 T_8.1, 6;
    %dup/vec4;
    %pushi/vec4 2, 0, 4;
    %cmp/u;
    %jmp/1 T_8.2, 6;
    %dup/vec4;
    %pushi/vec4 3, 0, 4;
    %cmp/u;
    %jmp/1 T_8.3, 6;
    %dup/vec4;
    %pushi/vec4 4, 0, 4;
    %cmp/u;
    %jmp/1 T_8.4, 6;
    %dup/vec4;
    %pushi/vec4 5, 0, 4;
    %cmp/u;
    %jmp/1 T_8.5, 6;
    %dup/vec4;
    %pushi/vec4 6, 0, 4;
    %cmp/u;
    %jmp/1 T_8.6, 6;
    %dup/vec4;
    %pushi/vec4 7, 0, 4;
    %cmp/u;
    %jmp/1 T_8.7, 6;
    %dup/vec4;
    %pushi/vec4 8, 0, 4;
    %cmp/u;
    %jmp/1 T_8.8, 6;
    %dup/vec4;
    %pushi/vec4 9, 0, 4;
    %cmp/u;
    %jmp/1 T_8.9, 6;
    %dup/vec4;
    %pushi/vec4 10, 0, 4;
    %cmp/u;
    %jmp/1 T_8.10, 6;
    %dup/vec4;
    %pushi/vec4 11, 0, 4;
    %cmp/u;
    %jmp/1 T_8.11, 6;
    %dup/vec4;
    %pushi/vec4 12, 0, 4;
    %cmp/u;
    %jmp/1 T_8.12, 6;
    %dup/vec4;
    %pushi/vec4 13, 0, 4;
    %cmp/u;
    %jmp/1 T_8.13, 6;
    %dup/vec4;
    %pushi/vec4 14, 0, 4;
    %cmp/u;
    %jmp/1 T_8.14, 6;
    %dup/vec4;
    %pushi/vec4 15, 0, 4;
    %cmp/u;
    %jmp/1 T_8.15, 6;
    %pushi/vec4 127, 0, 7;
    %store/vec4 v000001c1dd33cc40_0, 0, 7;
    %jmp T_8.17;
T_8.0 ;
    %pushi/vec4 64, 0, 7;
    %store/vec4 v000001c1dd33cc40_0, 0, 7;
    %jmp T_8.17;
T_8.1 ;
    %pushi/vec4 121, 0, 7;
    %store/vec4 v000001c1dd33cc40_0, 0, 7;
    %jmp T_8.17;
T_8.2 ;
    %pushi/vec4 36, 0, 7;
    %store/vec4 v000001c1dd33cc40_0, 0, 7;
    %jmp T_8.17;
T_8.3 ;
    %pushi/vec4 48, 0, 7;
    %store/vec4 v000001c1dd33cc40_0, 0, 7;
    %jmp T_8.17;
T_8.4 ;
    %pushi/vec4 25, 0, 7;
    %store/vec4 v000001c1dd33cc40_0, 0, 7;
    %jmp T_8.17;
T_8.5 ;
    %pushi/vec4 18, 0, 7;
    %store/vec4 v000001c1dd33cc40_0, 0, 7;
    %jmp T_8.17;
T_8.6 ;
    %pushi/vec4 2, 0, 7;
    %store/vec4 v000001c1dd33cc40_0, 0, 7;
    %jmp T_8.17;
T_8.7 ;
    %pushi/vec4 120, 0, 7;
    %store/vec4 v000001c1dd33cc40_0, 0, 7;
    %jmp T_8.17;
T_8.8 ;
    %pushi/vec4 0, 0, 7;
    %store/vec4 v000001c1dd33cc40_0, 0, 7;
    %jmp T_8.17;
T_8.9 ;
    %pushi/vec4 16, 0, 7;
    %store/vec4 v000001c1dd33cc40_0, 0, 7;
    %jmp T_8.17;
T_8.10 ;
    %pushi/vec4 8, 0, 7;
    %store/vec4 v000001c1dd33cc40_0, 0, 7;
    %jmp T_8.17;
T_8.11 ;
    %pushi/vec4 3, 0, 7;
    %store/vec4 v000001c1dd33cc40_0, 0, 7;
    %jmp T_8.17;
T_8.12 ;
    %pushi/vec4 70, 0, 7;
    %store/vec4 v000001c1dd33cc40_0, 0, 7;
    %jmp T_8.17;
T_8.13 ;
    %pushi/vec4 33, 0, 7;
    %store/vec4 v000001c1dd33cc40_0, 0, 7;
    %jmp T_8.17;
T_8.14 ;
    %pushi/vec4 6, 0, 7;
    %store/vec4 v000001c1dd33cc40_0, 0, 7;
    %jmp T_8.17;
T_8.15 ;
    %pushi/vec4 14, 0, 7;
    %store/vec4 v000001c1dd33cc40_0, 0, 7;
    %jmp T_8.17;
T_8.17 ;
    %pop/vec4 1;
    %jmp T_8;
    .thread T_8, $push;
    .scope S_000001c1dd3227b0;
T_9 ;
    %wait E_000001c1dd347400;
    %load/vec4 v000001c1dd33cce0_0;
    %dup/vec4;
    %pushi/vec4 0, 0, 4;
    %cmp/u;
    %jmp/1 T_9.0, 6;
    %dup/vec4;
    %pushi/vec4 1, 0, 4;
    %cmp/u;
    %jmp/1 T_9.1, 6;
    %dup/vec4;
    %pushi/vec4 2, 0, 4;
    %cmp/u;
    %jmp/1 T_9.2, 6;
    %dup/vec4;
    %pushi/vec4 3, 0, 4;
    %cmp/u;
    %jmp/1 T_9.3, 6;
    %dup/vec4;
    %pushi/vec4 4, 0, 4;
    %cmp/u;
    %jmp/1 T_9.4, 6;
    %dup/vec4;
    %pushi/vec4 5, 0, 4;
    %cmp/u;
    %jmp/1 T_9.5, 6;
    %dup/vec4;
    %pushi/vec4 6, 0, 4;
    %cmp/u;
    %jmp/1 T_9.6, 6;
    %dup/vec4;
    %pushi/vec4 7, 0, 4;
    %cmp/u;
    %jmp/1 T_9.7, 6;
    %dup/vec4;
    %pushi/vec4 8, 0, 4;
    %cmp/u;
    %jmp/1 T_9.8, 6;
    %dup/vec4;
    %pushi/vec4 9, 0, 4;
    %cmp/u;
    %jmp/1 T_9.9, 6;
    %dup/vec4;
    %pushi/vec4 10, 0, 4;
    %cmp/u;
    %jmp/1 T_9.10, 6;
    %dup/vec4;
    %pushi/vec4 11, 0, 4;
    %cmp/u;
    %jmp/1 T_9.11, 6;
    %dup/vec4;
    %pushi/vec4 12, 0, 4;
    %cmp/u;
    %jmp/1 T_9.12, 6;
    %dup/vec4;
    %pushi/vec4 13, 0, 4;
    %cmp/u;
    %jmp/1 T_9.13, 6;
    %dup/vec4;
    %pushi/vec4 14, 0, 4;
    %cmp/u;
    %jmp/1 T_9.14, 6;
    %dup/vec4;
    %pushi/vec4 15, 0, 4;
    %cmp/u;
    %jmp/1 T_9.15, 6;
    %pushi/vec4 127, 0, 7;
    %store/vec4 v000001c1dd33d3c0_0, 0, 7;
    %jmp T_9.17;
T_9.0 ;
    %pushi/vec4 64, 0, 7;
    %store/vec4 v000001c1dd33d3c0_0, 0, 7;
    %jmp T_9.17;
T_9.1 ;
    %pushi/vec4 121, 0, 7;
    %store/vec4 v000001c1dd33d3c0_0, 0, 7;
    %jmp T_9.17;
T_9.2 ;
    %pushi/vec4 36, 0, 7;
    %store/vec4 v000001c1dd33d3c0_0, 0, 7;
    %jmp T_9.17;
T_9.3 ;
    %pushi/vec4 48, 0, 7;
    %store/vec4 v000001c1dd33d3c0_0, 0, 7;
    %jmp T_9.17;
T_9.4 ;
    %pushi/vec4 25, 0, 7;
    %store/vec4 v000001c1dd33d3c0_0, 0, 7;
    %jmp T_9.17;
T_9.5 ;
    %pushi/vec4 18, 0, 7;
    %store/vec4 v000001c1dd33d3c0_0, 0, 7;
    %jmp T_9.17;
T_9.6 ;
    %pushi/vec4 2, 0, 7;
    %store/vec4 v000001c1dd33d3c0_0, 0, 7;
    %jmp T_9.17;
T_9.7 ;
    %pushi/vec4 120, 0, 7;
    %store/vec4 v000001c1dd33d3c0_0, 0, 7;
    %jmp T_9.17;
T_9.8 ;
    %pushi/vec4 0, 0, 7;
    %store/vec4 v000001c1dd33d3c0_0, 0, 7;
    %jmp T_9.17;
T_9.9 ;
    %pushi/vec4 16, 0, 7;
    %store/vec4 v000001c1dd33d3c0_0, 0, 7;
    %jmp T_9.17;
T_9.10 ;
    %pushi/vec4 8, 0, 7;
    %store/vec4 v000001c1dd33d3c0_0, 0, 7;
    %jmp T_9.17;
T_9.11 ;
    %pushi/vec4 3, 0, 7;
    %store/vec4 v000001c1dd33d3c0_0, 0, 7;
    %jmp T_9.17;
T_9.12 ;
    %pushi/vec4 70, 0, 7;
    %store/vec4 v000001c1dd33d3c0_0, 0, 7;
    %jmp T_9.17;
T_9.13 ;
    %pushi/vec4 33, 0, 7;
    %store/vec4 v000001c1dd33d3c0_0, 0, 7;
    %jmp T_9.17;
T_9.14 ;
    %pushi/vec4 6, 0, 7;
    %store/vec4 v000001c1dd33d3c0_0, 0, 7;
    %jmp T_9.17;
T_9.15 ;
    %pushi/vec4 14, 0, 7;
    %store/vec4 v000001c1dd33d3c0_0, 0, 7;
    %jmp T_9.17;
T_9.17 ;
    %pop/vec4 1;
    %jmp T_9;
    .thread T_9, $push;
    .scope S_000001c1dd32fb90;
T_10 ;
    %wait E_000001c1dd346780;
    %load/vec4 v000001c1dd33c7e0_0;
    %dup/vec4;
    %pushi/vec4 0, 0, 4;
    %cmp/u;
    %jmp/1 T_10.0, 6;
    %dup/vec4;
    %pushi/vec4 1, 0, 4;
    %cmp/u;
    %jmp/1 T_10.1, 6;
    %dup/vec4;
    %pushi/vec4 2, 0, 4;
    %cmp/u;
    %jmp/1 T_10.2, 6;
    %dup/vec4;
    %pushi/vec4 3, 0, 4;
    %cmp/u;
    %jmp/1 T_10.3, 6;
    %dup/vec4;
    %pushi/vec4 4, 0, 4;
    %cmp/u;
    %jmp/1 T_10.4, 6;
    %dup/vec4;
    %pushi/vec4 5, 0, 4;
    %cmp/u;
    %jmp/1 T_10.5, 6;
    %dup/vec4;
    %pushi/vec4 6, 0, 4;
    %cmp/u;
    %jmp/1 T_10.6, 6;
    %dup/vec4;
    %pushi/vec4 7, 0, 4;
    %cmp/u;
    %jmp/1 T_10.7, 6;
    %dup/vec4;
    %pushi/vec4 8, 0, 4;
    %cmp/u;
    %jmp/1 T_10.8, 6;
    %dup/vec4;
    %pushi/vec4 9, 0, 4;
    %cmp/u;
    %jmp/1 T_10.9, 6;
    %dup/vec4;
    %pushi/vec4 10, 0, 4;
    %cmp/u;
    %jmp/1 T_10.10, 6;
    %dup/vec4;
    %pushi/vec4 11, 0, 4;
    %cmp/u;
    %jmp/1 T_10.11, 6;
    %dup/vec4;
    %pushi/vec4 12, 0, 4;
    %cmp/u;
    %jmp/1 T_10.12, 6;
    %dup/vec4;
    %pushi/vec4 13, 0, 4;
    %cmp/u;
    %jmp/1 T_10.13, 6;
    %dup/vec4;
    %pushi/vec4 14, 0, 4;
    %cmp/u;
    %jmp/1 T_10.14, 6;
    %dup/vec4;
    %pushi/vec4 15, 0, 4;
    %cmp/u;
    %jmp/1 T_10.15, 6;
    %pushi/vec4 127, 0, 7;
    %store/vec4 v000001c1dd33c740_0, 0, 7;
    %jmp T_10.17;
T_10.0 ;
    %pushi/vec4 64, 0, 7;
    %store/vec4 v000001c1dd33c740_0, 0, 7;
    %jmp T_10.17;
T_10.1 ;
    %pushi/vec4 121, 0, 7;
    %store/vec4 v000001c1dd33c740_0, 0, 7;
    %jmp T_10.17;
T_10.2 ;
    %pushi/vec4 36, 0, 7;
    %store/vec4 v000001c1dd33c740_0, 0, 7;
    %jmp T_10.17;
T_10.3 ;
    %pushi/vec4 48, 0, 7;
    %store/vec4 v000001c1dd33c740_0, 0, 7;
    %jmp T_10.17;
T_10.4 ;
    %pushi/vec4 25, 0, 7;
    %store/vec4 v000001c1dd33c740_0, 0, 7;
    %jmp T_10.17;
T_10.5 ;
    %pushi/vec4 18, 0, 7;
    %store/vec4 v000001c1dd33c740_0, 0, 7;
    %jmp T_10.17;
T_10.6 ;
    %pushi/vec4 2, 0, 7;
    %store/vec4 v000001c1dd33c740_0, 0, 7;
    %jmp T_10.17;
T_10.7 ;
    %pushi/vec4 120, 0, 7;
    %store/vec4 v000001c1dd33c740_0, 0, 7;
    %jmp T_10.17;
T_10.8 ;
    %pushi/vec4 0, 0, 7;
    %store/vec4 v000001c1dd33c740_0, 0, 7;
    %jmp T_10.17;
T_10.9 ;
    %pushi/vec4 16, 0, 7;
    %store/vec4 v000001c1dd33c740_0, 0, 7;
    %jmp T_10.17;
T_10.10 ;
    %pushi/vec4 8, 0, 7;
    %store/vec4 v000001c1dd33c740_0, 0, 7;
    %jmp T_10.17;
T_10.11 ;
    %pushi/vec4 3, 0, 7;
    %store/vec4 v000001c1dd33c740_0, 0, 7;
    %jmp T_10.17;
T_10.12 ;
    %pushi/vec4 70, 0, 7;
    %store/vec4 v000001c1dd33c740_0, 0, 7;
    %jmp T_10.17;
T_10.13 ;
    %pushi/vec4 33, 0, 7;
    %store/vec4 v000001c1dd33c740_0, 0, 7;
    %jmp T_10.17;
T_10.14 ;
    %pushi/vec4 6, 0, 7;
    %store/vec4 v000001c1dd33c740_0, 0, 7;
    %jmp T_10.17;
T_10.15 ;
    %pushi/vec4 14, 0, 7;
    %store/vec4 v000001c1dd33c740_0, 0, 7;
    %jmp T_10.17;
T_10.17 ;
    %pop/vec4 1;
    %jmp T_10;
    .thread T_10, $push;
# The file index is used to find the file name in the following table.
:file_names 10;
    "N/A";
    "<interactive>";
    "circuito_exp3.v";
    "./hexa7seg.v";
    "./exp3_fluxo_dados.v";
    "./comparador_85.v";
    "./contador_163.v";
    "./sync_rom_16x4.v";
    "./registrador_4.v";
    "./exp3_unidade_controle.v";
