#! /c/Source/iverilog-install/bin/vvp
:ivl_version "12.0 (devel)" "(s20150603-1539-g2693dd32b)";
:ivl_delay_selection "TYPICAL";
:vpi_time_precision + 0;
:vpi_module "C:\iverilog\lib\ivl\system.vpi";
:vpi_module "C:\iverilog\lib\ivl\vhdl_sys.vpi";
:vpi_module "C:\iverilog\lib\ivl\vhdl_textio.vpi";
:vpi_module "C:\iverilog\lib\ivl\v2005_math.vpi";
:vpi_module "C:\iverilog\lib\ivl\va_math.vpi";
S_000001efd701b550 .scope module, "exp3_fluxo_dados" "exp3_fluxo_dados" 2 6;
 .timescale 0 0;
    .port_info 0 /INPUT 1 "clock";
    .port_info 1 /INPUT 4 "chaves";
    .port_info 2 /INPUT 1 "zeraR";
    .port_info 3 /INPUT 1 "registraR";
    .port_info 4 /INPUT 1 "contaC";
    .port_info 5 /INPUT 1 "zeraC";
    .port_info 6 /OUTPUT 1 "chavesIgualMemoria";
    .port_info 7 /OUTPUT 1 "fimC";
    .port_info 8 /OUTPUT 4 "db_contagem";
    .port_info 9 /OUTPUT 4 "db_chaves";
    .port_info 10 /OUTPUT 4 "db_memoria";
L_000001efd7027770 .functor BUFZ 4, v000001efd70811a0_0, C4<0000>, C4<0000>, C4<0000>;
L_000001efd70277e0 .functor BUFZ 4, v000001efd7080520_0, C4<0000>, C4<0000>, C4<0000>;
L_000001efd70272a0 .functor BUFZ 4, v000001efd707fc60_0, C4<0000>, C4<0000>, C4<0000>;
o000001efd7028978 .functor BUFZ 4, C4<zzzz>; HiZ drive
v000001efd7080160_0 .net "chaves", 3 0, o000001efd7028978;  0 drivers
v000001efd7080f20_0 .net "chavesIgualMemoria", 0 0, L_000001efd7027690;  1 drivers
o000001efd7028648 .functor BUFZ 1, C4<z>; HiZ drive
v000001efd70802a0_0 .net "clock", 0 0, o000001efd7028648;  0 drivers
o000001efd70286a8 .functor BUFZ 1, C4<z>; HiZ drive
v000001efd7081560_0 .net "contaC", 0 0, o000001efd70286a8;  0 drivers
v000001efd7080ca0_0 .net "db_chaves", 3 0, L_000001efd70272a0;  1 drivers
v000001efd70807a0_0 .net "db_contagem", 3 0, L_000001efd7027770;  1 drivers
v000001efd70814c0_0 .net "db_memoria", 3 0, L_000001efd70277e0;  1 drivers
v000001efd7080de0_0 .net "fimC", 0 0, v000001efd7080a20_0;  1 drivers
o000001efd7028a08 .functor BUFZ 1, C4<z>; HiZ drive
v000001efd7080fc0_0 .net "registraR", 0 0, o000001efd7028a08;  0 drivers
v000001efd7080340_0 .net "s_chaves", 3 0, v000001efd707fc60_0;  1 drivers
v000001efd7081060_0 .net "s_dado", 3 0, v000001efd7080520_0;  1 drivers
v000001efd70803e0_0 .net "s_endereco", 3 0, v000001efd70811a0_0;  1 drivers
o000001efd7028678 .functor BUFZ 1, C4<z>; HiZ drive
v000001efd707f940_0 .net "zeraC", 0 0, o000001efd7028678;  0 drivers
o000001efd70289d8 .functor BUFZ 1, C4<z>; HiZ drive
v000001efd7081100_0 .net "zeraR", 0 0, o000001efd70289d8;  0 drivers
S_000001efd701b7a0 .scope module, "comparador" "comparador_85" 2 35, 3 16 0, S_000001efd701b550;
 .timescale 0 0;
    .port_info 0 /INPUT 1 "ALBi";
    .port_info 1 /INPUT 1 "AGBi";
    .port_info 2 /INPUT 1 "AEBi";
    .port_info 3 /INPUT 4 "A";
    .port_info 4 /INPUT 4 "B";
    .port_info 5 /OUTPUT 1 "ALBo";
    .port_info 6 /OUTPUT 1 "AGBo";
    .port_info 7 /OUTPUT 1 "AEBo";
L_000001efd7027c40 .functor NOT 5, L_000001efd7081240, C4<00000>, C4<00000>, C4<00000>;
L_000001efd7027310 .functor NOT 1, L_000001efd707f8a0, C4<0>, C4<0>, C4<0>;
L_000001efd70275b0 .functor NOT 5, L_000001efd707fa80, C4<00000>, C4<00000>, C4<00000>;
L_000001efd7027230 .functor NOT 1, L_000001efd70cb370, C4<0>, C4<0>, C4<0>;
L_000001efd7081af0 .functor BUFT 1, C4<1>, C4<0>, C4<0>, C4<0>;
L_000001efd7027690 .functor AND 1, L_000001efd70cb690, L_000001efd7081af0, C4<1>, C4<1>;
v000001efd7011790_0 .net "A", 3 0, v000001efd7080520_0;  alias, 1 drivers
v000001efd7011290_0 .net "AEBi", 0 0, L_000001efd7081af0;  1 drivers
v000001efd7011510_0 .net "AEBo", 0 0, L_000001efd7027690;  alias, 1 drivers
L_000001efd7081aa8 .functor BUFT 1, C4<0>, C4<0>, C4<0>, C4<0>;
v000001efd7011d30_0 .net "AGBi", 0 0, L_000001efd7081aa8;  1 drivers
v000001efd70115b0_0 .net "AGBo", 0 0, L_000001efd7027230;  1 drivers
L_000001efd7081a60 .functor BUFT 1, C4<0>, C4<0>, C4<0>, C4<0>;
v000001efd7011bf0_0 .net "ALBi", 0 0, L_000001efd7081a60;  1 drivers
v000001efd7011dd0_0 .net "ALBo", 0 0, L_000001efd7027310;  1 drivers
v000001efd7011f10_0 .net "B", 3 0, v000001efd707fc60_0;  alias, 1 drivers
v000001efd7011fb0_0 .net "CSG", 4 0, L_000001efd70cc310;  1 drivers
v000001efd7011c90_0 .net "CSL", 4 0, L_000001efd7081740;  1 drivers
v000001efd7011650_0 .net *"_ivl_0", 4 0, L_000001efd7081240;  1 drivers
v000001efd7011b50_0 .net *"_ivl_10", 4 0, L_000001efd70816a0;  1 drivers
L_000001efd7081b38 .functor BUFT 1, C4<00000>, C4<0>, C4<0>, C4<0>;
v000001efd70116f0_0 .net *"_ivl_12", 4 0, L_000001efd7081b38;  1 drivers
v000001efd7011830_0 .net *"_ivl_19", 0 0, L_000001efd707f8a0;  1 drivers
v000001efd70118d0_0 .net *"_ivl_22", 4 0, L_000001efd707f9e0;  1 drivers
L_000001efd70819d0 .functor BUFT 1, C4<0>, C4<0>, C4<0>, C4<0>;
v000001efd7011970_0 .net *"_ivl_25", 0 0, L_000001efd70819d0;  1 drivers
v000001efd7081380_0 .net *"_ivl_26", 4 0, L_000001efd707fa80;  1 drivers
L_000001efd7081a18 .functor BUFT 1, C4<0>, C4<0>, C4<0>, C4<0>;
v000001efd7080980_0 .net *"_ivl_29", 0 0, L_000001efd7081a18;  1 drivers
L_000001efd7081940 .functor BUFT 1, C4<0>, C4<0>, C4<0>, C4<0>;
v000001efd707fee0_0 .net *"_ivl_3", 0 0, L_000001efd7081940;  1 drivers
v000001efd70800c0_0 .net *"_ivl_30", 4 0, L_000001efd70275b0;  1 drivers
v000001efd70808e0_0 .net *"_ivl_32", 4 0, L_000001efd707fb20;  1 drivers
L_000001efd7081b80 .functor BUFT 1, C4<00000>, C4<0>, C4<0>, C4<0>;
v000001efd7080ac0_0 .net *"_ivl_34", 4 0, L_000001efd7081b80;  1 drivers
v000001efd707ff80_0 .net *"_ivl_4", 4 0, L_000001efd7027c40;  1 drivers
v000001efd7080480_0 .net *"_ivl_41", 0 0, L_000001efd70cb370;  1 drivers
v000001efd7080d40_0 .net *"_ivl_44", 0 0, L_000001efd70cb690;  1 drivers
v000001efd7080e80_0 .net *"_ivl_6", 4 0, L_000001efd70812e0;  1 drivers
L_000001efd7081988 .functor BUFT 1, C4<0>, C4<0>, C4<0>, C4<0>;
v000001efd7080200_0 .net *"_ivl_9", 0 0, L_000001efd7081988;  1 drivers
L_000001efd7081240 .concat [ 4 1 0 0], v000001efd7080520_0, L_000001efd7081940;
L_000001efd70812e0 .concat [ 4 1 0 0], v000001efd707fc60_0, L_000001efd7081988;
L_000001efd70816a0 .arith/sum 5, L_000001efd7027c40, L_000001efd70812e0;
L_000001efd7081740 .arith/sum 5, L_000001efd70816a0, L_000001efd7081b38;
L_000001efd707f8a0 .part L_000001efd7081740, 4, 1;
L_000001efd707f9e0 .concat [ 4 1 0 0], v000001efd7080520_0, L_000001efd70819d0;
L_000001efd707fa80 .concat [ 4 1 0 0], v000001efd707fc60_0, L_000001efd7081a18;
L_000001efd707fb20 .arith/sum 5, L_000001efd707f9e0, L_000001efd70275b0;
L_000001efd70cc310 .arith/sum 5, L_000001efd707fb20, L_000001efd7081b80;
L_000001efd70cb370 .part L_000001efd70cc310, 4, 1;
L_000001efd70cb690 .cmp/eq 4, v000001efd7080520_0, v000001efd707fc60_0;
S_000001efd7020ba0 .scope module, "contador" "contador_163" 2 23, 4 16 0, S_000001efd701b550;
 .timescale 0 0;
    .port_info 0 /INPUT 1 "clock";
    .port_info 1 /INPUT 1 "clr";
    .port_info 2 /INPUT 1 "ld";
    .port_info 3 /INPUT 1 "ent";
    .port_info 4 /INPUT 1 "enp";
    .port_info 5 /INPUT 4 "D";
    .port_info 6 /OUTPUT 4 "Q";
    .port_info 7 /OUTPUT 1 "rco";
L_000001efd70818f8 .functor BUFT 1, C4<0000>, C4<0>, C4<0>, C4<0>;
v000001efd707fbc0_0 .net "D", 3 0, L_000001efd70818f8;  1 drivers
v000001efd70811a0_0 .var "Q", 3 0;
v000001efd7080660_0 .net "clock", 0 0, o000001efd7028648;  alias, 0 drivers
v000001efd7081600_0 .net "clr", 0 0, o000001efd7028678;  alias, 0 drivers
v000001efd707fd00_0 .net "enp", 0 0, o000001efd70286a8;  alias, 0 drivers
L_000001efd70818b0 .functor BUFT 1, C4<1>, C4<0>, C4<0>, C4<0>;
v000001efd7080700_0 .net "ent", 0 0, L_000001efd70818b0;  1 drivers
L_000001efd7081868 .functor BUFT 1, C4<1>, C4<0>, C4<0>, C4<0>;
v000001efd707fda0_0 .net "ld", 0 0, L_000001efd7081868;  1 drivers
v000001efd7080a20_0 .var "rco", 0 0;
E_000001efd7013100 .event anyedge, v000001efd7080700_0, v000001efd70811a0_0;
E_000001efd7012640 .event posedge, v000001efd7080660_0;
S_000001efd7020d30 .scope module, "memoria" "sync_rom_16x4" 2 47, 5 13 0, S_000001efd701b550;
 .timescale 0 0;
    .port_info 0 /INPUT 1 "clock";
    .port_info 1 /INPUT 4 "address";
    .port_info 2 /OUTPUT 4 "data_out";
v000001efd7080b60_0 .net "address", 3 0, v000001efd70811a0_0;  alias, 1 drivers
v000001efd707fe40_0 .net "clock", 0 0, o000001efd7028648;  alias, 0 drivers
v000001efd7080520_0 .var "data_out", 3 0;
S_000001efd716cc30 .scope module, "registrador" "registrador_4" 2 53, 6 13 0, S_000001efd701b550;
 .timescale 0 0;
    .port_info 0 /INPUT 1 "clock";
    .port_info 1 /INPUT 1 "clear";
    .port_info 2 /INPUT 1 "enable";
    .port_info 3 /INPUT 4 "D";
    .port_info 4 /OUTPUT 4 "Q";
v000001efd7080c00_0 .net "D", 3 0, o000001efd7028978;  alias, 0 drivers
v000001efd707fc60_0 .var "IQ", 3 0;
v000001efd70805c0_0 .net "Q", 3 0, v000001efd707fc60_0;  alias, 1 drivers
v000001efd7080840_0 .net "clear", 0 0, o000001efd70289d8;  alias, 0 drivers
v000001efd7081420_0 .net "clock", 0 0, o000001efd7028648;  alias, 0 drivers
v000001efd7080020_0 .net "enable", 0 0, o000001efd7028a08;  alias, 0 drivers
E_000001efd7012a80 .event posedge, v000001efd7080840_0, v000001efd7080660_0;
    .scope S_000001efd7020ba0;
T_0 ;
    %wait E_000001efd7012640;
    %load/vec4 v000001efd7081600_0;
    %inv;
    %flag_set/vec4 8;
    %jmp/0xz  T_0.0, 8;
    %pushi/vec4 0, 0, 4;
    %assign/vec4 v000001efd70811a0_0, 0;
    %jmp T_0.1;
T_0.0 ;
    %load/vec4 v000001efd707fda0_0;
    %inv;
    %flag_set/vec4 8;
    %jmp/0xz  T_0.2, 8;
    %load/vec4 v000001efd707fbc0_0;
    %assign/vec4 v000001efd70811a0_0, 0;
    %jmp T_0.3;
T_0.2 ;
    %load/vec4 v000001efd7080700_0;
    %flag_set/vec4 9;
    %flag_get/vec4 9;
    %jmp/0 T_0.6, 9;
    %load/vec4 v000001efd707fd00_0;
    %and;
T_0.6;
    %flag_set/vec4 8;
    %jmp/0xz  T_0.4, 8;
    %load/vec4 v000001efd70811a0_0;
    %addi 1, 0, 4;
    %assign/vec4 v000001efd70811a0_0, 0;
    %jmp T_0.5;
T_0.4 ;
    %load/vec4 v000001efd70811a0_0;
    %assign/vec4 v000001efd70811a0_0, 0;
T_0.5 ;
T_0.3 ;
T_0.1 ;
    %jmp T_0;
    .thread T_0;
    .scope S_000001efd7020ba0;
T_1 ;
    %wait E_000001efd7013100;
    %load/vec4 v000001efd7080700_0;
    %flag_set/vec4 9;
    %flag_get/vec4 9;
    %jmp/0 T_1.2, 9;
    %load/vec4 v000001efd70811a0_0;
    %pushi/vec4 15, 0, 4;
    %cmp/e;
    %flag_get/vec4 4;
    %and;
T_1.2;
    %flag_set/vec4 8;
    %jmp/0xz  T_1.0, 8;
    %pushi/vec4 1, 0, 1;
    %store/vec4 v000001efd7080a20_0, 0, 1;
    %jmp T_1.1;
T_1.0 ;
    %pushi/vec4 0, 0, 1;
    %store/vec4 v000001efd7080a20_0, 0, 1;
T_1.1 ;
    %jmp T_1;
    .thread T_1, $push;
    .scope S_000001efd7020d30;
T_2 ;
    %wait E_000001efd7012640;
    %load/vec4 v000001efd7080b60_0;
    %dup/vec4;
    %pushi/vec4 0, 0, 4;
    %cmp/u;
    %jmp/1 T_2.0, 6;
    %dup/vec4;
    %pushi/vec4 1, 0, 4;
    %cmp/u;
    %jmp/1 T_2.1, 6;
    %dup/vec4;
    %pushi/vec4 2, 0, 4;
    %cmp/u;
    %jmp/1 T_2.2, 6;
    %dup/vec4;
    %pushi/vec4 3, 0, 4;
    %cmp/u;
    %jmp/1 T_2.3, 6;
    %dup/vec4;
    %pushi/vec4 4, 0, 4;
    %cmp/u;
    %jmp/1 T_2.4, 6;
    %dup/vec4;
    %pushi/vec4 5, 0, 4;
    %cmp/u;
    %jmp/1 T_2.5, 6;
    %dup/vec4;
    %pushi/vec4 6, 0, 4;
    %cmp/u;
    %jmp/1 T_2.6, 6;
    %dup/vec4;
    %pushi/vec4 7, 0, 4;
    %cmp/u;
    %jmp/1 T_2.7, 6;
    %dup/vec4;
    %pushi/vec4 8, 0, 4;
    %cmp/u;
    %jmp/1 T_2.8, 6;
    %dup/vec4;
    %pushi/vec4 9, 0, 4;
    %cmp/u;
    %jmp/1 T_2.9, 6;
    %dup/vec4;
    %pushi/vec4 10, 0, 4;
    %cmp/u;
    %jmp/1 T_2.10, 6;
    %dup/vec4;
    %pushi/vec4 11, 0, 4;
    %cmp/u;
    %jmp/1 T_2.11, 6;
    %dup/vec4;
    %pushi/vec4 12, 0, 4;
    %cmp/u;
    %jmp/1 T_2.12, 6;
    %dup/vec4;
    %pushi/vec4 13, 0, 4;
    %cmp/u;
    %jmp/1 T_2.13, 6;
    %dup/vec4;
    %pushi/vec4 14, 0, 4;
    %cmp/u;
    %jmp/1 T_2.14, 6;
    %dup/vec4;
    %pushi/vec4 15, 0, 4;
    %cmp/u;
    %jmp/1 T_2.15, 6;
    %jmp T_2.16;
T_2.0 ;
    %pushi/vec4 1, 0, 4;
    %store/vec4 v000001efd7080520_0, 0, 4;
    %jmp T_2.16;
T_2.1 ;
    %pushi/vec4 2, 0, 4;
    %store/vec4 v000001efd7080520_0, 0, 4;
    %jmp T_2.16;
T_2.2 ;
    %pushi/vec4 4, 0, 4;
    %store/vec4 v000001efd7080520_0, 0, 4;
    %jmp T_2.16;
T_2.3 ;
    %pushi/vec4 8, 0, 4;
    %store/vec4 v000001efd7080520_0, 0, 4;
    %jmp T_2.16;
T_2.4 ;
    %pushi/vec4 4, 0, 4;
    %store/vec4 v000001efd7080520_0, 0, 4;
    %jmp T_2.16;
T_2.5 ;
    %pushi/vec4 2, 0, 4;
    %store/vec4 v000001efd7080520_0, 0, 4;
    %jmp T_2.16;
T_2.6 ;
    %pushi/vec4 1, 0, 4;
    %store/vec4 v000001efd7080520_0, 0, 4;
    %jmp T_2.16;
T_2.7 ;
    %pushi/vec4 1, 0, 4;
    %store/vec4 v000001efd7080520_0, 0, 4;
    %jmp T_2.16;
T_2.8 ;
    %pushi/vec4 2, 0, 4;
    %store/vec4 v000001efd7080520_0, 0, 4;
    %jmp T_2.16;
T_2.9 ;
    %pushi/vec4 2, 0, 4;
    %store/vec4 v000001efd7080520_0, 0, 4;
    %jmp T_2.16;
T_2.10 ;
    %pushi/vec4 4, 0, 4;
    %store/vec4 v000001efd7080520_0, 0, 4;
    %jmp T_2.16;
T_2.11 ;
    %pushi/vec4 4, 0, 4;
    %store/vec4 v000001efd7080520_0, 0, 4;
    %jmp T_2.16;
T_2.12 ;
    %pushi/vec4 8, 0, 4;
    %store/vec4 v000001efd7080520_0, 0, 4;
    %jmp T_2.16;
T_2.13 ;
    %pushi/vec4 8, 0, 4;
    %store/vec4 v000001efd7080520_0, 0, 4;
    %jmp T_2.16;
T_2.14 ;
    %pushi/vec4 1, 0, 4;
    %store/vec4 v000001efd7080520_0, 0, 4;
    %jmp T_2.16;
T_2.15 ;
    %pushi/vec4 4, 0, 4;
    %store/vec4 v000001efd7080520_0, 0, 4;
    %jmp T_2.16;
T_2.16 ;
    %pop/vec4 1;
    %jmp T_2;
    .thread T_2;
    .scope S_000001efd716cc30;
T_3 ;
    %wait E_000001efd7012a80;
    %load/vec4 v000001efd7080840_0;
    %flag_set/vec4 8;
    %jmp/0xz  T_3.0, 8;
    %pushi/vec4 0, 0, 4;
    %assign/vec4 v000001efd707fc60_0, 0;
    %jmp T_3.1;
T_3.0 ;
    %load/vec4 v000001efd7080020_0;
    %flag_set/vec4 8;
    %jmp/0xz  T_3.2, 8;
    %load/vec4 v000001efd7080c00_0;
    %assign/vec4 v000001efd707fc60_0, 0;
T_3.2 ;
T_3.1 ;
    %jmp T_3;
    .thread T_3;
# The file index is used to find the file name in the following table.
:file_names 7;
    "N/A";
    "<interactive>";
    "exp3_fluxo_dados.v";
    "./comparador_85.v";
    "./contador_163.v";
    "./sync_rom_16x4.v";
    "./registrador_4.v";
