#! /c/Source/iverilog-install/bin/vvp
:ivl_version "12.0 (devel)" "(s20150603-1539-g2693dd32b)";
:ivl_delay_selection "TYPICAL";
:vpi_time_precision - 9;
:vpi_module "C:\iverilog\lib\ivl\system.vpi";
:vpi_module "C:\iverilog\lib\ivl\vhdl_sys.vpi";
:vpi_module "C:\iverilog\lib\ivl\vhdl_textio.vpi";
:vpi_module "C:\iverilog\lib\ivl\v2005_math.vpi";
:vpi_module "C:\iverilog\lib\ivl\va_math.vpi";
S_0000016ed16e8ab0 .scope module, "exp3_fluxo_dados_tb" "exp3_fluxo_dados_tb" 2 19;
 .timescale -9 -9;
P_0000016ed16143c0 .param/l "clockPeriod" 0 2 39, +C4<00000000000000000000000000010100>;
v0000016ed1692da0_0 .var "caso", 31 0;
v0000016ed16928a0_0 .net "chavesIgualMemoria_out", 0 0, L_0000016ed163a700;  1 drivers
v0000016ed1692a80_0 .var "chaves_in", 3 0;
v0000016ed1692b20_0 .net "chaves_out", 3 0, L_0000016ed163a0e0;  1 drivers
v0000016ed1692bc0_0 .var "clock_in", 0 0;
v0000016ed1692c60_0 .var "contaC_in", 0 0;
v0000016ed16930c0_0 .net "contagem_out", 3 0, L_0000016ed163acb0;  1 drivers
v0000016ed1694d10_0 .net "fimC_out", 0 0, v0000016ed16929e0_0;  1 drivers
v0000016ed1695490_0 .net "memoria_out", 3 0, L_0000016ed163a2a0;  1 drivers
v0000016ed1694c70_0 .var "registraR_in", 0 0;
v0000016ed1694450_0 .var "zeraC_in", 0 0;
v0000016ed1695990_0 .var "zeraR_in", 0 0;
E_0000016ed1613e40 .event negedge, v0000016ed1693840_0;
S_0000016ed1637f90 .scope module, "dut" "exp3_fluxo_dados" 2 48, 3 6 0, S_0000016ed16e8ab0;
 .timescale 0 0;
    .port_info 0 /INPUT 1 "clock";
    .port_info 1 /INPUT 4 "chaves";
    .port_info 2 /INPUT 1 "zeraR";
    .port_info 3 /INPUT 1 "registraR";
    .port_info 4 /INPUT 1 "contaC";
    .port_info 5 /INPUT 1 "zeraC";
    .port_info 6 /OUTPUT 1 "chavesIgualMemoria";
    .port_info 7 /OUTPUT 1 "fimC";
    .port_info 8 /OUTPUT 4 "db_contagem";
    .port_info 9 /OUTPUT 4 "db_chaves";
    .port_info 10 /OUTPUT 4 "db_memoria";
L_0000016ed163acb0 .functor BUFZ 4, v0000016ed1692e40_0, C4<0000>, C4<0000>, C4<0000>;
L_0000016ed163a2a0 .functor BUFZ 4, v0000016ed16938e0_0, C4<0000>, C4<0000>, C4<0000>;
L_0000016ed163a0e0 .functor BUFZ 4, v0000016ed1693e80_0, C4<0000>, C4<0000>, C4<0000>;
v0000016ed1693b60_0 .net "chaves", 3 0, v0000016ed1692a80_0;  1 drivers
v0000016ed1692580_0 .net "chavesIgualMemoria", 0 0, L_0000016ed163a700;  alias, 1 drivers
v0000016ed16933e0_0 .net "clock", 0 0, v0000016ed1692bc0_0;  1 drivers
v0000016ed1693480_0 .net "contaC", 0 0, v0000016ed1692c60_0;  1 drivers
v0000016ed1693c00_0 .net "db_chaves", 3 0, L_0000016ed163a0e0;  alias, 1 drivers
v0000016ed1693ca0_0 .net "db_contagem", 3 0, L_0000016ed163acb0;  alias, 1 drivers
v0000016ed16921c0_0 .net "db_memoria", 3 0, L_0000016ed163a2a0;  alias, 1 drivers
v0000016ed1693de0_0 .net "fimC", 0 0, v0000016ed16929e0_0;  alias, 1 drivers
v0000016ed1692300_0 .net "registraR", 0 0, v0000016ed1694c70_0;  1 drivers
v0000016ed1692620_0 .net "s_chaves", 3 0, v0000016ed1693e80_0;  1 drivers
v0000016ed1693f20_0 .net "s_dado", 3 0, v0000016ed16938e0_0;  1 drivers
v0000016ed1692440_0 .net "s_endereco", 3 0, v0000016ed1692e40_0;  1 drivers
v0000016ed16924e0_0 .net "zeraC", 0 0, v0000016ed1694450_0;  1 drivers
v0000016ed16926c0_0 .net "zeraR", 0 0, v0000016ed1695990_0;  1 drivers
S_0000016ed161b550 .scope module, "comparador" "comparador_85" 3 35, 4 16 0, S_0000016ed1637f90;
 .timescale 0 0;
    .port_info 0 /INPUT 1 "ALBi";
    .port_info 1 /INPUT 1 "AGBi";
    .port_info 2 /INPUT 1 "AEBi";
    .port_info 3 /INPUT 4 "A";
    .port_info 4 /INPUT 4 "B";
    .port_info 5 /OUTPUT 1 "ALBo";
    .port_info 6 /OUTPUT 1 "AGBo";
    .port_info 7 /OUTPUT 1 "AEBo";
L_0000016ed163a770 .functor NOT 5, L_0000016ed16953f0, C4<00000>, C4<00000>, C4<00000>;
L_0000016ed163a8c0 .functor NOT 1, L_0000016ed1694ef0, C4<0>, C4<0>, C4<0>;
L_0000016ed163a930 .functor NOT 5, L_0000016ed1695e90, C4<00000>, C4<00000>, C4<00000>;
L_0000016ed163aaf0 .functor NOT 1, L_0000016ed1694590, C4<0>, C4<0>, C4<0>;
L_0000016ed16f0310 .functor BUFT 1, C4<1>, C4<0>, C4<0>, C4<0>;
L_0000016ed163a700 .functor AND 1, L_0000016ed1695710, L_0000016ed16f0310, C4<1>, C4<1>;
v0000016ed1610e60_0 .net "A", 3 0, v0000016ed16938e0_0;  alias, 1 drivers
v0000016ed1610320_0 .net "AEBi", 0 0, L_0000016ed16f0310;  1 drivers
v0000016ed1610c80_0 .net "AEBo", 0 0, L_0000016ed163a700;  alias, 1 drivers
L_0000016ed16f02c8 .functor BUFT 1, C4<0>, C4<0>, C4<0>, C4<0>;
v0000016ed1610dc0_0 .net "AGBi", 0 0, L_0000016ed16f02c8;  1 drivers
v0000016ed1610780_0 .net "AGBo", 0 0, L_0000016ed163aaf0;  1 drivers
L_0000016ed16f0280 .functor BUFT 1, C4<0>, C4<0>, C4<0>, C4<0>;
v0000016ed1610b40_0 .net "ALBi", 0 0, L_0000016ed16f0280;  1 drivers
v0000016ed1610be0_0 .net "ALBo", 0 0, L_0000016ed163a8c0;  1 drivers
v0000016ed1610460_0 .net "B", 3 0, v0000016ed1693e80_0;  alias, 1 drivers
v0000016ed1610820_0 .net "CSG", 4 0, L_0000016ed1695f30;  1 drivers
v0000016ed1610640_0 .net "CSL", 4 0, L_0000016ed1695530;  1 drivers
v0000016ed1610f00_0 .net *"_ivl_0", 4 0, L_0000016ed16953f0;  1 drivers
v0000016ed1610fa0_0 .net *"_ivl_10", 4 0, L_0000016ed16958f0;  1 drivers
L_0000016ed16f0358 .functor BUFT 1, C4<00000>, C4<0>, C4<0>, C4<0>;
v0000016ed16101e0_0 .net *"_ivl_12", 4 0, L_0000016ed16f0358;  1 drivers
v0000016ed16103c0_0 .net *"_ivl_19", 0 0, L_0000016ed1694ef0;  1 drivers
v0000016ed1610500_0 .net *"_ivl_22", 4 0, L_0000016ed16944f0;  1 drivers
L_0000016ed16f01f0 .functor BUFT 1, C4<0>, C4<0>, C4<0>, C4<0>;
v0000016ed1693200_0 .net *"_ivl_25", 0 0, L_0000016ed16f01f0;  1 drivers
v0000016ed16923a0_0 .net *"_ivl_26", 4 0, L_0000016ed1695e90;  1 drivers
L_0000016ed16f0238 .functor BUFT 1, C4<0>, C4<0>, C4<0>, C4<0>;
v0000016ed1693d40_0 .net *"_ivl_29", 0 0, L_0000016ed16f0238;  1 drivers
L_0000016ed16f0160 .functor BUFT 1, C4<0>, C4<0>, C4<0>, C4<0>;
v0000016ed1692080_0 .net *"_ivl_3", 0 0, L_0000016ed16f0160;  1 drivers
v0000016ed16932a0_0 .net *"_ivl_30", 4 0, L_0000016ed163a930;  1 drivers
v0000016ed1693700_0 .net *"_ivl_32", 4 0, L_0000016ed1695670;  1 drivers
L_0000016ed16f03a0 .functor BUFT 1, C4<00000>, C4<0>, C4<0>, C4<0>;
v0000016ed1693520_0 .net *"_ivl_34", 4 0, L_0000016ed16f03a0;  1 drivers
v0000016ed1692760_0 .net *"_ivl_4", 4 0, L_0000016ed163a770;  1 drivers
v0000016ed16937a0_0 .net *"_ivl_41", 0 0, L_0000016ed1694590;  1 drivers
v0000016ed1692800_0 .net *"_ivl_44", 0 0, L_0000016ed1695710;  1 drivers
v0000016ed1692940_0 .net *"_ivl_6", 4 0, L_0000016ed1694770;  1 drivers
L_0000016ed16f01a8 .functor BUFT 1, C4<0>, C4<0>, C4<0>, C4<0>;
v0000016ed16935c0_0 .net *"_ivl_9", 0 0, L_0000016ed16f01a8;  1 drivers
L_0000016ed16953f0 .concat [ 4 1 0 0], v0000016ed16938e0_0, L_0000016ed16f0160;
L_0000016ed1694770 .concat [ 4 1 0 0], v0000016ed1693e80_0, L_0000016ed16f01a8;
L_0000016ed16958f0 .arith/sum 5, L_0000016ed163a770, L_0000016ed1694770;
L_0000016ed1695530 .arith/sum 5, L_0000016ed16958f0, L_0000016ed16f0358;
L_0000016ed1694ef0 .part L_0000016ed1695530, 4, 1;
L_0000016ed16944f0 .concat [ 4 1 0 0], v0000016ed16938e0_0, L_0000016ed16f01f0;
L_0000016ed1695e90 .concat [ 4 1 0 0], v0000016ed1693e80_0, L_0000016ed16f0238;
L_0000016ed1695670 .arith/sum 5, L_0000016ed16944f0, L_0000016ed163a930;
L_0000016ed1695f30 .arith/sum 5, L_0000016ed1695670, L_0000016ed16f03a0;
L_0000016ed1694590 .part L_0000016ed1695f30, 4, 1;
L_0000016ed1695710 .cmp/eq 4, v0000016ed16938e0_0, v0000016ed1693e80_0;
S_0000016ed161b7f0 .scope module, "contador" "contador_163" 3 23, 5 16 0, S_0000016ed1637f90;
 .timescale 0 0;
    .port_info 0 /INPUT 1 "clock";
    .port_info 1 /INPUT 1 "clr";
    .port_info 2 /INPUT 1 "ld";
    .port_info 3 /INPUT 1 "ent";
    .port_info 4 /INPUT 1 "enp";
    .port_info 5 /INPUT 4 "D";
    .port_info 6 /OUTPUT 4 "Q";
    .port_info 7 /OUTPUT 1 "rco";
L_0000016ed16f0118 .functor BUFT 1, C4<0000>, C4<0>, C4<0>, C4<0>;
v0000016ed1693160_0 .net "D", 3 0, L_0000016ed16f0118;  1 drivers
v0000016ed1692e40_0 .var "Q", 3 0;
v0000016ed1693840_0 .net "clock", 0 0, v0000016ed1692bc0_0;  alias, 1 drivers
v0000016ed1693a20_0 .net "clr", 0 0, v0000016ed1694450_0;  alias, 1 drivers
v0000016ed1692ee0_0 .net "enp", 0 0, v0000016ed1692c60_0;  alias, 1 drivers
L_0000016ed16f00d0 .functor BUFT 1, C4<1>, C4<0>, C4<0>, C4<0>;
v0000016ed1693660_0 .net "ent", 0 0, L_0000016ed16f00d0;  1 drivers
L_0000016ed16f0088 .functor BUFT 1, C4<1>, C4<0>, C4<0>, C4<0>;
v0000016ed1692d00_0 .net "ld", 0 0, L_0000016ed16f0088;  1 drivers
v0000016ed16929e0_0 .var "rco", 0 0;
E_0000016ed1613b00 .event anyedge, v0000016ed1693660_0, v0000016ed1692e40_0;
E_0000016ed1613cc0 .event posedge, v0000016ed1693840_0;
S_0000016ed1619150 .scope module, "memoria" "sync_rom_16x4" 3 47, 6 13 0, S_0000016ed1637f90;
 .timescale 0 0;
    .port_info 0 /INPUT 1 "clock";
    .port_info 1 /INPUT 4 "address";
    .port_info 2 /OUTPUT 4 "data_out";
v0000016ed1692260_0 .net "address", 3 0, v0000016ed1692e40_0;  alias, 1 drivers
v0000016ed1692f80_0 .net "clock", 0 0, v0000016ed1692bc0_0;  alias, 1 drivers
v0000016ed16938e0_0 .var "data_out", 3 0;
S_0000016ed16192e0 .scope module, "registrador" "registrador_4" 3 53, 7 13 0, S_0000016ed1637f90;
 .timescale 0 0;
    .port_info 0 /INPUT 1 "clock";
    .port_info 1 /INPUT 1 "clear";
    .port_info 2 /INPUT 1 "enable";
    .port_info 3 /INPUT 4 "D";
    .port_info 4 /OUTPUT 4 "Q";
v0000016ed1693980_0 .net "D", 3 0, v0000016ed1692a80_0;  alias, 1 drivers
v0000016ed1693e80_0 .var "IQ", 3 0;
v0000016ed1692120_0 .net "Q", 3 0, v0000016ed1693e80_0;  alias, 1 drivers
v0000016ed1693340_0 .net "clear", 0 0, v0000016ed1695990_0;  alias, 1 drivers
v0000016ed1693ac0_0 .net "clock", 0 0, v0000016ed1692bc0_0;  alias, 1 drivers
v0000016ed1693020_0 .net "enable", 0 0, v0000016ed1694c70_0;  alias, 1 drivers
E_0000016ed1612bc0 .event posedge, v0000016ed1693340_0, v0000016ed1693840_0;
    .scope S_0000016ed161b7f0;
T_0 ;
    %wait E_0000016ed1613cc0;
    %load/vec4 v0000016ed1693a20_0;
    %inv;
    %flag_set/vec4 8;
    %jmp/0xz  T_0.0, 8;
    %pushi/vec4 0, 0, 4;
    %assign/vec4 v0000016ed1692e40_0, 0;
    %jmp T_0.1;
T_0.0 ;
    %load/vec4 v0000016ed1692d00_0;
    %inv;
    %flag_set/vec4 8;
    %jmp/0xz  T_0.2, 8;
    %load/vec4 v0000016ed1693160_0;
    %assign/vec4 v0000016ed1692e40_0, 0;
    %jmp T_0.3;
T_0.2 ;
    %load/vec4 v0000016ed1693660_0;
    %flag_set/vec4 9;
    %flag_get/vec4 9;
    %jmp/0 T_0.6, 9;
    %load/vec4 v0000016ed1692ee0_0;
    %and;
T_0.6;
    %flag_set/vec4 8;
    %jmp/0xz  T_0.4, 8;
    %load/vec4 v0000016ed1692e40_0;
    %addi 1, 0, 4;
    %assign/vec4 v0000016ed1692e40_0, 0;
    %jmp T_0.5;
T_0.4 ;
    %load/vec4 v0000016ed1692e40_0;
    %assign/vec4 v0000016ed1692e40_0, 0;
T_0.5 ;
T_0.3 ;
T_0.1 ;
    %jmp T_0;
    .thread T_0;
    .scope S_0000016ed161b7f0;
T_1 ;
    %wait E_0000016ed1613b00;
    %load/vec4 v0000016ed1693660_0;
    %flag_set/vec4 9;
    %flag_get/vec4 9;
    %jmp/0 T_1.2, 9;
    %load/vec4 v0000016ed1692e40_0;
    %pushi/vec4 15, 0, 4;
    %cmp/e;
    %flag_get/vec4 4;
    %and;
T_1.2;
    %flag_set/vec4 8;
    %jmp/0xz  T_1.0, 8;
    %pushi/vec4 1, 0, 1;
    %store/vec4 v0000016ed16929e0_0, 0, 1;
    %jmp T_1.1;
T_1.0 ;
    %pushi/vec4 0, 0, 1;
    %store/vec4 v0000016ed16929e0_0, 0, 1;
T_1.1 ;
    %jmp T_1;
    .thread T_1, $push;
    .scope S_0000016ed1619150;
T_2 ;
    %wait E_0000016ed1613cc0;
    %load/vec4 v0000016ed1692260_0;
    %dup/vec4;
    %pushi/vec4 0, 0, 4;
    %cmp/u;
    %jmp/1 T_2.0, 6;
    %dup/vec4;
    %pushi/vec4 1, 0, 4;
    %cmp/u;
    %jmp/1 T_2.1, 6;
    %dup/vec4;
    %pushi/vec4 2, 0, 4;
    %cmp/u;
    %jmp/1 T_2.2, 6;
    %dup/vec4;
    %pushi/vec4 3, 0, 4;
    %cmp/u;
    %jmp/1 T_2.3, 6;
    %dup/vec4;
    %pushi/vec4 4, 0, 4;
    %cmp/u;
    %jmp/1 T_2.4, 6;
    %dup/vec4;
    %pushi/vec4 5, 0, 4;
    %cmp/u;
    %jmp/1 T_2.5, 6;
    %dup/vec4;
    %pushi/vec4 6, 0, 4;
    %cmp/u;
    %jmp/1 T_2.6, 6;
    %dup/vec4;
    %pushi/vec4 7, 0, 4;
    %cmp/u;
    %jmp/1 T_2.7, 6;
    %dup/vec4;
    %pushi/vec4 8, 0, 4;
    %cmp/u;
    %jmp/1 T_2.8, 6;
    %dup/vec4;
    %pushi/vec4 9, 0, 4;
    %cmp/u;
    %jmp/1 T_2.9, 6;
    %dup/vec4;
    %pushi/vec4 10, 0, 4;
    %cmp/u;
    %jmp/1 T_2.10, 6;
    %dup/vec4;
    %pushi/vec4 11, 0, 4;
    %cmp/u;
    %jmp/1 T_2.11, 6;
    %dup/vec4;
    %pushi/vec4 12, 0, 4;
    %cmp/u;
    %jmp/1 T_2.12, 6;
    %dup/vec4;
    %pushi/vec4 13, 0, 4;
    %cmp/u;
    %jmp/1 T_2.13, 6;
    %dup/vec4;
    %pushi/vec4 14, 0, 4;
    %cmp/u;
    %jmp/1 T_2.14, 6;
    %dup/vec4;
    %pushi/vec4 15, 0, 4;
    %cmp/u;
    %jmp/1 T_2.15, 6;
    %jmp T_2.16;
T_2.0 ;
    %pushi/vec4 1, 0, 4;
    %store/vec4 v0000016ed16938e0_0, 0, 4;
    %jmp T_2.16;
T_2.1 ;
    %pushi/vec4 2, 0, 4;
    %store/vec4 v0000016ed16938e0_0, 0, 4;
    %jmp T_2.16;
T_2.2 ;
    %pushi/vec4 4, 0, 4;
    %store/vec4 v0000016ed16938e0_0, 0, 4;
    %jmp T_2.16;
T_2.3 ;
    %pushi/vec4 8, 0, 4;
    %store/vec4 v0000016ed16938e0_0, 0, 4;
    %jmp T_2.16;
T_2.4 ;
    %pushi/vec4 4, 0, 4;
    %store/vec4 v0000016ed16938e0_0, 0, 4;
    %jmp T_2.16;
T_2.5 ;
    %pushi/vec4 2, 0, 4;
    %store/vec4 v0000016ed16938e0_0, 0, 4;
    %jmp T_2.16;
T_2.6 ;
    %pushi/vec4 1, 0, 4;
    %store/vec4 v0000016ed16938e0_0, 0, 4;
    %jmp T_2.16;
T_2.7 ;
    %pushi/vec4 1, 0, 4;
    %store/vec4 v0000016ed16938e0_0, 0, 4;
    %jmp T_2.16;
T_2.8 ;
    %pushi/vec4 2, 0, 4;
    %store/vec4 v0000016ed16938e0_0, 0, 4;
    %jmp T_2.16;
T_2.9 ;
    %pushi/vec4 2, 0, 4;
    %store/vec4 v0000016ed16938e0_0, 0, 4;
    %jmp T_2.16;
T_2.10 ;
    %pushi/vec4 4, 0, 4;
    %store/vec4 v0000016ed16938e0_0, 0, 4;
    %jmp T_2.16;
T_2.11 ;
    %pushi/vec4 4, 0, 4;
    %store/vec4 v0000016ed16938e0_0, 0, 4;
    %jmp T_2.16;
T_2.12 ;
    %pushi/vec4 8, 0, 4;
    %store/vec4 v0000016ed16938e0_0, 0, 4;
    %jmp T_2.16;
T_2.13 ;
    %pushi/vec4 8, 0, 4;
    %store/vec4 v0000016ed16938e0_0, 0, 4;
    %jmp T_2.16;
T_2.14 ;
    %pushi/vec4 1, 0, 4;
    %store/vec4 v0000016ed16938e0_0, 0, 4;
    %jmp T_2.16;
T_2.15 ;
    %pushi/vec4 4, 0, 4;
    %store/vec4 v0000016ed16938e0_0, 0, 4;
    %jmp T_2.16;
T_2.16 ;
    %pop/vec4 1;
    %jmp T_2;
    .thread T_2;
    .scope S_0000016ed16192e0;
T_3 ;
    %wait E_0000016ed1612bc0;
    %load/vec4 v0000016ed1693340_0;
    %flag_set/vec4 8;
    %jmp/0xz  T_3.0, 8;
    %pushi/vec4 0, 0, 4;
    %assign/vec4 v0000016ed1693e80_0, 0;
    %jmp T_3.1;
T_3.0 ;
    %load/vec4 v0000016ed1693020_0;
    %flag_set/vec4 8;
    %jmp/0xz  T_3.2, 8;
    %load/vec4 v0000016ed1693980_0;
    %assign/vec4 v0000016ed1693e80_0, 0;
T_3.2 ;
T_3.1 ;
    %jmp T_3;
    .thread T_3;
    .scope S_0000016ed16e8ab0;
T_4 ;
    %pushi/vec4 1, 0, 1;
    %store/vec4 v0000016ed1692bc0_0, 0, 1;
    %pushi/vec4 0, 0, 1;
    %store/vec4 v0000016ed1694450_0, 0, 1;
    %pushi/vec4 0, 0, 1;
    %store/vec4 v0000016ed1692c60_0, 0, 1;
    %pushi/vec4 0, 0, 1;
    %store/vec4 v0000016ed1695990_0, 0, 1;
    %pushi/vec4 0, 0, 1;
    %store/vec4 v0000016ed1694c70_0, 0, 1;
    %pushi/vec4 0, 0, 4;
    %store/vec4 v0000016ed1692a80_0, 0, 4;
    %pushi/vec4 0, 0, 32;
    %store/vec4 v0000016ed1692da0_0, 0, 32;
    %end;
    .thread T_4;
    .scope S_0000016ed16e8ab0;
T_5 ;
    %delay 10, 0;
    %load/vec4 v0000016ed1692bc0_0;
    %inv;
    %store/vec4 v0000016ed1692bc0_0, 0, 1;
    %jmp T_5;
    .thread T_5;
    .scope S_0000016ed16e8ab0;
T_6 ;
    %vpi_call 2 64 "$display", "Inicio da simulacao" {0 0 0};
    %pushi/vec4 0, 0, 32;
    %store/vec4 v0000016ed1692da0_0, 0, 32;
    %pushi/vec4 1, 0, 1;
    %store/vec4 v0000016ed1692bc0_0, 0, 1;
    %pushi/vec4 0, 0, 1;
    %store/vec4 v0000016ed1694450_0, 0, 1;
    %pushi/vec4 0, 0, 1;
    %store/vec4 v0000016ed1692c60_0, 0, 1;
    %pushi/vec4 0, 0, 1;
    %store/vec4 v0000016ed1695990_0, 0, 1;
    %pushi/vec4 0, 0, 1;
    %store/vec4 v0000016ed1694c70_0, 0, 1;
    %pushi/vec4 0, 0, 4;
    %store/vec4 v0000016ed1692a80_0, 0, 4;
    %delay 20, 0;
    %pushi/vec4 1, 0, 32;
    %store/vec4 v0000016ed1692da0_0, 0, 32;
    %wait E_0000016ed1613e40;
    %pushi/vec4 1, 0, 1;
    %store/vec4 v0000016ed1694450_0, 0, 1;
    %pushi/vec4 1, 0, 1;
    %store/vec4 v0000016ed1695990_0, 0, 1;
    %delay 20, 0;
    %pushi/vec4 0, 0, 1;
    %store/vec4 v0000016ed1694450_0, 0, 1;
    %pushi/vec4 0, 0, 1;
    %store/vec4 v0000016ed1695990_0, 0, 1;
    %delay 20, 0;
    %pushi/vec4 2, 0, 32;
    %store/vec4 v0000016ed1692da0_0, 0, 32;
    %pushi/vec4 1, 0, 4;
    %store/vec4 v0000016ed1692a80_0, 0, 4;
    %delay 40, 0;
    %pushi/vec4 3, 0, 32;
    %store/vec4 v0000016ed1692da0_0, 0, 32;
    %wait E_0000016ed1613e40;
    %pushi/vec4 1, 0, 4;
    %store/vec4 v0000016ed1692a80_0, 0, 4;
    %pushi/vec4 1, 0, 1;
    %store/vec4 v0000016ed1694c70_0, 0, 1;
    %delay 20, 0;
    %pushi/vec4 0, 0, 1;
    %store/vec4 v0000016ed1694c70_0, 0, 1;
    %pushi/vec4 4, 0, 32;
    %store/vec4 v0000016ed1692da0_0, 0, 32;
    %wait E_0000016ed1613e40;
    %pushi/vec4 1, 0, 4;
    %store/vec4 v0000016ed1692a80_0, 0, 4;
    %delay 20, 0;
    %pushi/vec4 5, 0, 32;
    %store/vec4 v0000016ed1692da0_0, 0, 32;
    %wait E_0000016ed1613e40;
    %pushi/vec4 1, 0, 4;
    %store/vec4 v0000016ed1692a80_0, 0, 4;
    %pushi/vec4 1, 0, 1;
    %store/vec4 v0000016ed1692c60_0, 0, 1;
    %delay 20, 0;
    %pushi/vec4 0, 0, 1;
    %store/vec4 v0000016ed1692c60_0, 0, 1;
    %pushi/vec4 6, 0, 32;
    %store/vec4 v0000016ed1692da0_0, 0, 32;
    %wait E_0000016ed1613e40;
    %pushi/vec4 2, 0, 4;
    %store/vec4 v0000016ed1692a80_0, 0, 4;
    %pushi/vec4 1, 0, 1;
    %store/vec4 v0000016ed1694c70_0, 0, 1;
    %delay 20, 0;
    %pushi/vec4 0, 0, 1;
    %store/vec4 v0000016ed1694c70_0, 0, 1;
    %pushi/vec4 7, 0, 32;
    %store/vec4 v0000016ed1692da0_0, 0, 32;
    %wait E_0000016ed1613e40;
    %pushi/vec4 2, 0, 4;
    %store/vec4 v0000016ed1692a80_0, 0, 4;
    %delay 20, 0;
    %pushi/vec4 8, 0, 32;
    %store/vec4 v0000016ed1692da0_0, 0, 32;
    %wait E_0000016ed1613e40;
    %pushi/vec4 2, 0, 4;
    %store/vec4 v0000016ed1692a80_0, 0, 4;
    %pushi/vec4 1, 0, 1;
    %store/vec4 v0000016ed1692c60_0, 0, 1;
    %delay 20, 0;
    %pushi/vec4 0, 0, 1;
    %store/vec4 v0000016ed1692c60_0, 0, 1;
    %pushi/vec4 9, 0, 32;
    %store/vec4 v0000016ed1692da0_0, 0, 32;
    %wait E_0000016ed1613e40;
    %pushi/vec4 8, 0, 4;
    %store/vec4 v0000016ed1692a80_0, 0, 4;
    %pushi/vec4 1, 0, 1;
    %store/vec4 v0000016ed1694c70_0, 0, 1;
    %delay 20, 0;
    %pushi/vec4 0, 0, 1;
    %store/vec4 v0000016ed1694c70_0, 0, 1;
    %pushi/vec4 10, 0, 32;
    %store/vec4 v0000016ed1692da0_0, 0, 32;
    %wait E_0000016ed1613e40;
    %pushi/vec4 8, 0, 4;
    %store/vec4 v0000016ed1692a80_0, 0, 4;
    %delay 20, 0;
    %pushi/vec4 11, 0, 32;
    %store/vec4 v0000016ed1692da0_0, 0, 32;
    %wait E_0000016ed1613e40;
    %pushi/vec4 8, 0, 4;
    %store/vec4 v0000016ed1692a80_0, 0, 4;
    %pushi/vec4 13, 0, 32;
T_6.0 %dup/vec4;
    %pushi/vec4 0, 0, 32;
    %cmp/s;
    %jmp/1xz T_6.1, 5;
    %jmp/1 T_6.1, 4;
    %pushi/vec4 1, 0, 32;
    %sub;
    %pushi/vec4 1, 0, 1;
    %store/vec4 v0000016ed1692c60_0, 0, 1;
    %delay 20, 0;
    %pushi/vec4 0, 0, 1;
    %store/vec4 v0000016ed1692c60_0, 0, 1;
    %delay 20, 0;
    %jmp T_6.0;
T_6.1 ;
    %pop/vec4 1;
    %pushi/vec4 99, 0, 32;
    %store/vec4 v0000016ed1692da0_0, 0, 32;
    %delay 100, 0;
    %vpi_call 2 165 "$display", "Fim da simulacao" {0 0 0};
    %vpi_call 2 166 "$stop" {0 0 0};
    %end;
    .thread T_6;
# The file index is used to find the file name in the following table.
:file_names 8;
    "N/A";
    "<interactive>";
    "exp3_fluxo_dados_tb.v";
    "./exp3_fluxo_dados.v";
    "./comparador_85.v";
    "./contador_163.v";
    "./sync_rom_16x4.v";
    "./registrador_4.v";
